<?xml version="1.0" encoding="UTF-8"?>
<!-- Generated by org.testng.reporters.JUnitXMLReporter -->
<testsuite hostname="Vijay-CH" ignored="0" name="Default test" tests="2" failures="0" timestamp="08 Nov 2019 06:33:41 GMT" time="85.411" errors="0">
  <testcase name="verifyPlacementDateFilterFunOfPlacementForm" time="28.007" classname="com.staff.qa.testcases.PlacementPageTest"/>
  <testcase name="verifyPlacementDateFilterFunOfPlacementForm" time="26.54" classname="com.staff.qa.testcases.PlacementPageTest"/>
</testsuite> <!-- Default test -->
