<?xml version="1.0" encoding="UTF-8"?>
<!-- Generated by org.testng.reporters.JUnitXMLReporter -->
<testsuite hostname="Vijay-CH" ignored="0" name="Default test" tests="2" failures="0" timestamp="01 Oct 2019 10:55:19 GMT" time="31.21" errors="0">
  <testcase name="verifyArchiveFunctionality" time="8.277" classname="com.staff.qa.testcases.ConsultantPageTest"/>
  <testcase name="verifyUn_ArchiveFunctionality" time="7.386" classname="com.staff.qa.testcases.ConsultantPageTest"/>
</testsuite> <!-- Default test -->
