<?xml version="1.0" encoding="UTF-8"?>
<!-- Generated by org.testng.reporters.JUnitXMLReporter -->
<testsuite hostname="Vijay-CH" ignored="27" name="E-Staff App Test Cases(failed)" tests="7" failures="3" timestamp="01 Oct 2019 14:12:24 GMT" time="224.996" errors="0">
  <testcase name="validatePasswordMessageForIncorrectPassword" time="2.397" classname="com.staff.qa.testcases.LoginPageTest">
    <failure type="java.lang.AssertionError" message="null">
      <![CDATA[java.lang.AssertionError: null
at com.staff.qa.testcases.LoginPageTest.validatePasswordMessageForIncorrectPassword(LoginPageTest.java:210)
... Removed 27 stack frames]]>
    </failure>
  </testcase> <!-- validatePasswordMessageForIncorrectPassword -->
  <testcase name="verifyDownloadResumeFunctionality" time="16.425" classname="com.staff.qa.testcases.ConsultantPageTest"/>
  <testcase name="verifyAddNewConsultant" time="69.288" classname="com.staff.qa.testcases.ConsultantPageTest">
    <failure type="java.lang.AssertionError" message="null">
      <![CDATA[java.lang.AssertionError: null
at com.staff.qa.testcases.ConsultantPageTest.verifyAddNewConsultant(ConsultantPageTest.java:184)
... Removed 27 stack frames]]>
    </failure>
  </testcase> <!-- verifyAddNewConsultant -->
  <testcase name="verifyLinkRequirementToConsultant" time="25.252" classname="com.staff.qa.testcases.ConsultantPageTest">
    <failure type="java.lang.AssertionError" message="expected [Requirements are linked successfully.] but found [Duplicate status can not be set as Shortlisted status already exists.]">
      <![CDATA[java.lang.AssertionError: expected [Requirements are linked successfully.] but found [Duplicate status can not be set as Shortlisted status already exists.]
at com.staff.qa.testcases.ConsultantPageTest.verifyLinkRequirementToConsultant(ConsultantPageTest.java:671)
... Removed 31 stack frames]]>
    </failure>
  </testcase> <!-- verifyLinkRequirementToConsultant -->
  <testcase name="verifyLinkRequirementToConsultant_alreadyExists" time="25.323" classname="com.staff.qa.testcases.ConsultantPageTest"/>
  <testcase name="verifyCancelFunctionalityOfLinkRequirement" time="24.665" classname="com.staff.qa.testcases.ConsultantPageTest"/>
  <testcase name="verifyArchiveFunctionality" time="8.786" classname="com.staff.qa.testcases.ConsultantPageTest"/>
  <testcase name="validateMessageForBlankUsernamePassword" time="0.0" classname="com.staff.qa.testcases.LoginPageTest">
    <ignored/>
  </testcase> <!-- validateMessageForBlankUsernamePassword -->
  <testcase name="verifyUploadDocumentFunctionality" time="0.0" classname="com.staff.qa.testcases.ConsultantPageTest">
    <ignored/>
  </testcase> <!-- verifyUploadDocumentFunctionality -->
  <testcase name="getArchivedCount" time="0.0" classname="com.staff.qa.testcases.ConsultantPageTest">
    <ignored/>
  </testcase> <!-- getArchivedCount -->
  <testcase name="verifyUserNavigateToConsultantPage" time="0.0" classname="com.staff.qa.testcases.ConsultantPageTest">
    <ignored/>
  </testcase> <!-- verifyUserNavigateToConsultantPage -->
  <testcase name="verifyValidationForEmailSubject" time="0.0" classname="com.staff.qa.testcases.ConsultantPageTest">
    <ignored/>
  </testcase> <!-- verifyValidationForEmailSubject -->
  <testcase name="verifyFunctionalityOfCancelButton" time="0.0" classname="com.staff.qa.testcases.ConsultantPageTest">
    <ignored/>
  </testcase> <!-- verifyFunctionalityOfCancelButton -->
  <testcase name="@AfterTest endReport" time="0.0" classname="com.staff.qa.base.TestBase">
    <ignored/>
  </testcase> <!-- @AfterTest endReport -->
  <testcase name="verifyCancelButtonFunctionalityOfEmail" time="0.0" classname="com.staff.qa.testcases.ConsultantPageTest">
    <ignored/>
  </testcase> <!-- verifyCancelButtonFunctionalityOfEmail -->
  <testcase name="verifyUploadDocumentAppearInGrid" time="0.0" classname="com.staff.qa.testcases.ConsultantPageTest">
    <ignored/>
  </testcase> <!-- verifyUploadDocumentAppearInGrid -->
  <testcase name="@BeforeTest setExtentReport" time="0.0" classname="com.staff.qa.base.TestBase">
    <ignored/>
  </testcase> <!-- @BeforeTest setExtentReport -->
  <testcase name="verifyDuplicateConsultant" time="0.0" classname="com.staff.qa.testcases.ConsultantPageTest">
    <ignored/>
  </testcase> <!-- verifyDuplicateConsultant -->
  <testcase name="getAvailableCount" time="0.0" classname="com.staff.qa.testcases.ConsultantPageTest">
    <ignored/>
  </testcase> <!-- getAvailableCount -->
  <testcase name="verifyEditConsultantFunctionality" time="0.0" classname="com.staff.qa.testcases.ConsultantPageTest">
    <ignored/>
  </testcase> <!-- verifyEditConsultantFunctionality -->
  <testcase name="getAllCount" time="0.0" classname="com.staff.qa.testcases.ConsultantPageTest">
    <ignored/>
  </testcase> <!-- getAllCount -->
  <testcase name="verifyUn_ArchiveFunctionality" time="0.0" classname="com.staff.qa.testcases.ConsultantPageTest">
    <ignored/>
  </testcase> <!-- verifyUn_ArchiveFunctionality -->
  <testcase name="verifyEmailFunctionality" time="0.0" classname="com.staff.qa.testcases.ConsultantPageTest">
    <ignored/>
  </testcase> <!-- verifyEmailFunctionality -->
  <testcase name="validateMessageForBlankPasswordIncorrectUsername" time="0.0" classname="com.staff.qa.testcases.LoginPageTest">
    <ignored/>
  </testcase> <!-- validateMessageForBlankPasswordIncorrectUsername -->
  <testcase name="validateLoginFunctionalityForIncorrectUserNamePassword" time="0.0" classname="com.staff.qa.testcases.LoginPageTest">
    <ignored/>
  </testcase> <!-- validateLoginFunctionalityForIncorrectUserNamePassword -->
  <testcase name="loginPageTitleTest" time="0.0" classname="com.staff.qa.testcases.LoginPageTest">
    <ignored/>
  </testcase> <!-- loginPageTitleTest -->
  <testcase name="validateUsernameMessageForIncorrectUsername" time="0.0" classname="com.staff.qa.testcases.LoginPageTest">
    <ignored/>
  </testcase> <!-- validateUsernameMessageForIncorrectUsername -->
  <testcase name="verifyAddNewConsulatantFormDisplayed" time="0.0" classname="com.staff.qa.testcases.ConsultantPageTest">
    <ignored/>
  </testcase> <!-- verifyAddNewConsulatantFormDisplayed -->
  <testcase name="loginTest" time="0.0" classname="com.staff.qa.testcases.LoginPageTest">
    <ignored/>
  </testcase> <!-- loginTest -->
  <testcase name="verifyDownloadUploadedDocument" time="0.0" classname="com.staff.qa.testcases.ConsultantPageTest">
    <ignored/>
  </testcase> <!-- verifyDownloadUploadedDocument -->
  <testcase name="validateUsernameMessageForBalankUsername" time="0.0" classname="com.staff.qa.testcases.LoginPageTest">
    <ignored/>
  </testcase> <!-- validateUsernameMessageForBalankUsername -->
  <testcase name="getQualifiedCount" time="0.0" classname="com.staff.qa.testcases.ConsultantPageTest">
    <ignored/>
  </testcase> <!-- getQualifiedCount -->
  <testcase name="verifyPageLable" time="0.0" classname="com.staff.qa.testcases.ConsultantPageTest">
    <ignored/>
  </testcase> <!-- verifyPageLable -->
  <testcase name="validatePasswordMessageForBlankPassword" time="0.0" classname="com.staff.qa.testcases.LoginPageTest">
    <ignored/>
  </testcase> <!-- validatePasswordMessageForBlankPassword -->
</testsuite> <!-- E-Staff App Test Cases(failed) -->
