<?xml version="1.0" encoding="UTF-8"?>
<testng-results skipped="0" failed="0" ignored="0" total="1" passed="1">
  <reporter-output>
  </reporter-output>
  <suite name="Default suite" duration-ms="6184" started-at="2019-09-13T11:49:20Z" finished-at="2019-09-13T11:49:26Z">
    <groups>
    </groups>
    <test name="Default test" duration-ms="6184" started-at="2019-09-13T11:49:20Z" finished-at="2019-09-13T11:49:26Z">
      <class name="com.staff.qa.testcases.LoginPageTest">
        <test-method status="PASS" signature="setExtentReport()[pri:0, instance:com.staff.qa.testcases.LoginPageTest@77cd7a0]" name="setExtentReport" is-config="true" duration-ms="188" started-at="2019-09-13T11:49:20Z" finished-at="2019-09-13T11:49:20Z">
          <reporter-output>
          </reporter-output>
        </test-method> <!-- setExtentReport -->
        <test-method status="PASS" signature="setUp()[pri:0, instance:com.staff.qa.testcases.LoginPageTest@77cd7a0]" name="setUp" is-config="true" duration-ms="5230" started-at="2019-09-13T11:49:20Z" finished-at="2019-09-13T11:49:25Z">
          <reporter-output>
          </reporter-output>
        </test-method> <!-- setUp -->
        <test-method status="PASS" signature="loginTest()[pri:0, instance:com.staff.qa.testcases.LoginPageTest@77cd7a0]" name="loginTest" duration-ms="294" started-at="2019-09-13T11:49:25Z" finished-at="2019-09-13T11:49:26Z">
          <reporter-output>
          </reporter-output>
        </test-method> <!-- loginTest -->
        <test-method status="PASS" signature="getResult(org.testng.ITestResult)[pri:0, instance:com.staff.qa.testcases.LoginPageTest@77cd7a0]" name="getResult" is-config="true" duration-ms="151" started-at="2019-09-13T11:49:26Z" finished-at="2019-09-13T11:49:26Z">
          <params>
            <param index="0">
              <value>
                <![CDATA[[TestResult name=loginTest status=SUCCESS method=LoginPageTest.loginTest()[pri:0, instance:com.staff.qa.testcases.LoginPageTest@77cd7a0] output={null}]]]>
              </value>
            </param>
          </params>
          <reporter-output>
          </reporter-output>
        </test-method> <!-- getResult -->
        <test-method status="PASS" signature="endReport()[pri:0, instance:com.staff.qa.testcases.LoginPageTest@77cd7a0]" name="endReport" is-config="true" duration-ms="303" started-at="2019-09-13T11:49:26Z" finished-at="2019-09-13T11:49:26Z">
          <reporter-output>
          </reporter-output>
        </test-method> <!-- endReport -->
      </class> <!-- com.staff.qa.testcases.LoginPageTest -->
    </test> <!-- Default test -->
  </suite> <!-- Default suite -->
</testng-results>
