<?xml version="1.0" encoding="UTF-8"?>
<testng-results skipped="0" failed="0" ignored="0" total="1" passed="1">
  <reporter-output>
  </reporter-output>
  <suite name="Default suite" duration-ms="32380" started-at="2019-10-07T11:40:57Z" finished-at="2019-10-07T11:41:29Z">
    <groups>
    </groups>
    <test name="Default test" duration-ms="32380" started-at="2019-10-07T11:40:57Z" finished-at="2019-10-07T11:41:29Z">
      <class name="com.staff.qa.testcases.RequirementPageTest">
        <test-method status="PASS" signature="setExtentReport(org.testng.ITestContext)[pri:0, instance:com.staff.qa.testcases.RequirementPageTest@13deb50e]" name="setExtentReport" is-config="true" duration-ms="174" started-at="2019-10-07T11:40:57Z" finished-at="2019-10-07T11:40:57Z">
          <params>
            <param index="0">
              <value>
                <![CDATA[org.testng.TestRunner@2f66e802]]>
              </value>
            </param>
          </params>
          <reporter-output>
          </reporter-output>
        </test-method> <!-- setExtentReport -->
        <test-method status="PASS" signature="setupBeforeSuite(org.testng.ITestContext)[pri:0, instance:com.staff.qa.testcases.RequirementPageTest@13deb50e]" name="setupBeforeSuite" is-config="true" duration-ms="191" started-at="2019-10-07T11:40:57Z" finished-at="2019-10-07T11:40:57Z">
          <params>
            <param index="0">
              <value>
                <![CDATA[org.testng.TestRunner@2f66e802]]>
              </value>
            </param>
          </params>
          <reporter-output>
          </reporter-output>
        </test-method> <!-- setupBeforeSuite -->
        <test-method status="PASS" signature="setUp()[pri:0, instance:com.staff.qa.testcases.RequirementPageTest@13deb50e]" name="setUp" is-config="true" duration-ms="7311" started-at="2019-10-07T11:40:57Z" finished-at="2019-10-07T11:41:05Z">
          <reporter-output>
          </reporter-output>
        </test-method> <!-- setUp -->
        <test-method status="PASS" signature="verifyCancelButtonFunctionalityOfArchiveRequirementPopUp()[pri:0, instance:com.staff.qa.testcases.RequirementPageTest@13deb50e]" name="verifyCancelButtonFunctionalityOfArchiveRequirementPopUp" duration-ms="23373" started-at="2019-10-07T11:41:05Z" finished-at="2019-10-07T11:41:28Z">
          <reporter-output>
          </reporter-output>
        </test-method> <!-- verifyCancelButtonFunctionalityOfArchiveRequirementPopUp -->
        <test-method status="PASS" signature="getResult(org.testng.ITestResult)[pri:0, instance:com.staff.qa.testcases.RequirementPageTest@13deb50e]" name="getResult" is-config="true" duration-ms="1013" started-at="2019-10-07T11:41:28Z" finished-at="2019-10-07T11:41:29Z">
          <params>
            <param index="0">
              <value>
                <![CDATA[[TestResult name=verifyCancelButtonFunctionalityOfArchiveRequirementPopUp status=SUCCESS method=RequirementPageTest.verifyCancelButtonFunctionalityOfArchiveRequirementPopUp()[pri:0, instance:com.staff.qa.testcases.RequirementPageTest@13deb50e] output={null}]]]>
              </value>
            </param>
          </params>
          <reporter-output>
          </reporter-output>
        </test-method> <!-- getResult -->
        <test-method status="PASS" signature="setupAfterSuite()[pri:0, instance:com.staff.qa.testcases.RequirementPageTest@13deb50e]" name="setupAfterSuite" is-config="true" duration-ms="78" started-at="2019-10-07T11:41:29Z" finished-at="2019-10-07T11:41:29Z">
          <reporter-output>
          </reporter-output>
        </test-method> <!-- setupAfterSuite -->
        <test-method status="PASS" signature="endReport()[pri:0, instance:com.staff.qa.testcases.RequirementPageTest@13deb50e]" name="endReport" is-config="true" duration-ms="220" started-at="2019-10-07T11:41:29Z" finished-at="2019-10-07T11:41:29Z">
          <reporter-output>
          </reporter-output>
        </test-method> <!-- endReport -->
      </class> <!-- com.staff.qa.testcases.RequirementPageTest -->
    </test> <!-- Default test -->
  </suite> <!-- Default suite -->
</testng-results>
