<?xml version="1.0" encoding="UTF-8"?>
<testng-results skipped="0" failed="1" ignored="0" total="5" passed="4">
  <reporter-output>
  </reporter-output>
  <suite name="E-Staff Test Automation Test Suite" duration-ms="27660" started-at="2019-09-11T12:24:56Z" finished-at="2019-09-11T12:25:24Z">
    <groups>
    </groups>
    <test name="E-Staff App Test Cases" duration-ms="27660" started-at="2019-09-11T12:24:56Z" finished-at="2019-09-11T12:25:24Z">
      <class name="com.staff.qa.testcases.HomePageTest">
        <test-method status="PASS" signature="setUp()[pri:0, instance:com.staff.qa.testcases.HomePageTest@6a4f787b]" name="setUp" is-config="true" duration-ms="6175" started-at="2019-09-11T12:24:56Z" finished-at="2019-09-11T12:25:02Z">
          <reporter-output>
          </reporter-output>
        </test-method> <!-- setUp -->
        <test-method status="PASS" signature="logoutTest()[pri:0, instance:com.staff.qa.testcases.HomePageTest@6a4f787b]" name="logoutTest" duration-ms="320" started-at="2019-09-11T12:25:02Z" finished-at="2019-09-11T12:25:02Z">
          <reporter-output>
          </reporter-output>
        </test-method> <!-- logoutTest -->
        <test-method status="PASS" signature="tearDown()[pri:0, instance:com.staff.qa.testcases.HomePageTest@6a4f787b]" name="tearDown" is-config="true" duration-ms="130" started-at="2019-09-11T12:25:02Z" finished-at="2019-09-11T12:25:03Z">
          <reporter-output>
          </reporter-output>
        </test-method> <!-- tearDown -->
        <test-method status="PASS" signature="setUp()[pri:0, instance:com.staff.qa.testcases.HomePageTest@6a4f787b]" name="setUp" is-config="true" duration-ms="4931" started-at="2019-09-11T12:25:03Z" finished-at="2019-09-11T12:25:08Z">
          <reporter-output>
          </reporter-output>
        </test-method> <!-- setUp -->
        <test-method status="PASS" signature="verifyUserNameLableTest()[pri:0, instance:com.staff.qa.testcases.HomePageTest@6a4f787b]" name="verifyUserNameLableTest" duration-ms="183" started-at="2019-09-11T12:25:08Z" finished-at="2019-09-11T12:25:08Z">
          <reporter-output>
          </reporter-output>
        </test-method> <!-- verifyUserNameLableTest -->
        <test-method status="PASS" signature="tearDown()[pri:0, instance:com.staff.qa.testcases.HomePageTest@6a4f787b]" name="tearDown" is-config="true" duration-ms="102" started-at="2019-09-11T12:25:08Z" finished-at="2019-09-11T12:25:08Z">
          <reporter-output>
          </reporter-output>
        </test-method> <!-- tearDown -->
      </class> <!-- com.staff.qa.testcases.HomePageTest -->
      <class name="com.staff.qa.testcases.LoginPageTest">
        <test-method status="PASS" signature="setUp()[pri:0, instance:com.staff.qa.testcases.LoginPageTest@685cb137]" name="setUp" is-config="true" duration-ms="4608" started-at="2019-09-11T12:25:08Z" finished-at="2019-09-11T12:25:12Z">
          <reporter-output>
          </reporter-output>
        </test-method> <!-- setUp -->
        <test-method status="PASS" signature="loginPageTitleTest()[pri:0, instance:com.staff.qa.testcases.LoginPageTest@685cb137]" name="loginPageTitleTest" duration-ms="40" started-at="2019-09-11T12:25:12Z" finished-at="2019-09-11T12:25:12Z">
          <reporter-output>
          </reporter-output>
        </test-method> <!-- loginPageTitleTest -->
        <test-method status="PASS" signature="tearDown()[pri:0, instance:com.staff.qa.testcases.LoginPageTest@685cb137]" name="tearDown" is-config="true" duration-ms="100" started-at="2019-09-11T12:25:12Z" finished-at="2019-09-11T12:25:13Z">
          <reporter-output>
          </reporter-output>
        </test-method> <!-- tearDown -->
        <test-method status="PASS" signature="setUp()[pri:0, instance:com.staff.qa.testcases.LoginPageTest@685cb137]" name="setUp" is-config="true" duration-ms="4773" started-at="2019-09-11T12:25:13Z" finished-at="2019-09-11T12:25:17Z">
          <reporter-output>
          </reporter-output>
        </test-method> <!-- setUp -->
        <test-method status="PASS" signature="loginTest()[pri:0, instance:com.staff.qa.testcases.LoginPageTest@685cb137]" name="loginTest" duration-ms="277" started-at="2019-09-11T12:25:17Z" finished-at="2019-09-11T12:25:18Z">
          <reporter-output>
          </reporter-output>
        </test-method> <!-- loginTest -->
        <test-method status="PASS" signature="tearDown()[pri:0, instance:com.staff.qa.testcases.LoginPageTest@685cb137]" name="tearDown" is-config="true" duration-ms="86" started-at="2019-09-11T12:25:18Z" finished-at="2019-09-11T12:25:18Z">
          <reporter-output>
          </reporter-output>
        </test-method> <!-- tearDown -->
      </class> <!-- com.staff.qa.testcases.LoginPageTest -->
      <class name="com.staff.qa.testcases.CompaniesPageTest">
        <test-method status="PASS" signature="setUp()[pri:0, instance:com.staff.qa.testcases.CompaniesPageTest@6a41eaa2]" name="setUp" is-config="true" duration-ms="5629" started-at="2019-09-11T12:25:18Z" finished-at="2019-09-11T12:25:23Z">
          <reporter-output>
          </reporter-output>
        </test-method> <!-- setUp -->
        <test-method status="FAIL" signature="CompaniesPageURLTest()[pri:0, instance:com.staff.qa.testcases.CompaniesPageTest@6a41eaa2]" name="CompaniesPageURLTest" duration-ms="56" started-at="2019-09-11T12:25:23Z" finished-at="2019-09-11T12:25:23Z">
          <exception class="java.lang.AssertionError">
            <message>
              <![CDATA[expected [http://10.20.14.84:1010/ATS.UI_v1.0/#/companies] but found [http://10.20.14.84:1010/ATS.UI_v1.0/#/landingPage]]]>
            </message>
            <full-stacktrace>
              <![CDATA[java.lang.AssertionError: expected [http://10.20.14.84:1010/ATS.UI_v1.0/#/companies] but found [http://10.20.14.84:1010/ATS.UI_v1.0/#/landingPage]
at org.testng.Assert.fail(Assert.java:96)
at org.testng.Assert.failNotEquals(Assert.java:776)
at org.testng.Assert.assertEqualsImpl(Assert.java:137)
at org.testng.Assert.assertEquals(Assert.java:118)
at org.testng.Assert.assertEquals(Assert.java:453)
at org.testng.Assert.assertEquals(Assert.java:463)
at com.staff.qa.testcases.CompaniesPageTest.CompaniesPageURLTest(CompaniesPageTest.java:47)
at sun.reflect.NativeMethodAccessorImpl.invoke0(Native Method)
at sun.reflect.NativeMethodAccessorImpl.invoke(NativeMethodAccessorImpl.java:62)
at sun.reflect.DelegatingMethodAccessorImpl.invoke(DelegatingMethodAccessorImpl.java:43)
at java.lang.reflect.Method.invoke(Method.java:498)
at org.testng.internal.MethodInvocationHelper.invokeMethod(MethodInvocationHelper.java:124)
at org.testng.internal.Invoker.invokeMethod(Invoker.java:580)
at org.testng.internal.Invoker.invokeTestMethod(Invoker.java:716)
at org.testng.internal.Invoker.invokeTestMethods(Invoker.java:988)
at org.testng.internal.TestMethodWorker.invokeTestMethods(TestMethodWorker.java:125)
at org.testng.internal.TestMethodWorker.run(TestMethodWorker.java:109)
at org.testng.TestRunner.privateRun(TestRunner.java:648)
at org.testng.TestRunner.run(TestRunner.java:505)
at org.testng.SuiteRunner.runTest(SuiteRunner.java:455)
at org.testng.SuiteRunner.runSequentially(SuiteRunner.java:450)
at org.testng.SuiteRunner.privateRun(SuiteRunner.java:415)
at org.testng.SuiteRunner.run(SuiteRunner.java:364)
at org.testng.SuiteRunnerWorker.runSuite(SuiteRunnerWorker.java:52)
at org.testng.SuiteRunnerWorker.run(SuiteRunnerWorker.java:84)
at org.testng.TestNG.runSuitesSequentially(TestNG.java:1208)
at org.testng.TestNG.runSuitesLocally(TestNG.java:1137)
at org.testng.TestNG.runSuites(TestNG.java:1049)
at org.testng.TestNG.run(TestNG.java:1017)
at org.testng.remote.AbstractRemoteTestNG.run(AbstractRemoteTestNG.java:115)
at org.testng.remote.RemoteTestNG.initAndRun(RemoteTestNG.java:251)
at org.testng.remote.RemoteTestNG.main(RemoteTestNG.java:77)
]]>
            </full-stacktrace>
          </exception> <!-- java.lang.AssertionError -->
          <reporter-output>
          </reporter-output>
        </test-method> <!-- CompaniesPageURLTest -->
        <test-method status="PASS" signature="tearDown()[pri:0, instance:com.staff.qa.testcases.CompaniesPageTest@6a41eaa2]" name="tearDown" is-config="true" duration-ms="220" started-at="2019-09-11T12:25:23Z" finished-at="2019-09-11T12:25:24Z">
          <reporter-output>
          </reporter-output>
        </test-method> <!-- tearDown -->
      </class> <!-- com.staff.qa.testcases.CompaniesPageTest -->
    </test> <!-- E-Staff App Test Cases -->
  </suite> <!-- E-Staff Test Automation Test Suite -->
</testng-results>
