<?xml version="1.0" encoding="UTF-8"?>
<testng-results skipped="0" failed="1" ignored="0" total="1" passed="0">
  <reporter-output>
  </reporter-output>
  <suite name="Default suite" duration-ms="34774" started-at="2019-10-04T11:17:44Z" finished-at="2019-10-04T11:18:19Z">
    <groups>
    </groups>
    <test name="Default test" duration-ms="34774" started-at="2019-10-04T11:17:44Z" finished-at="2019-10-04T11:18:19Z">
      <class name="com.staff.qa.testcases.RequirementPageTest">
        <test-method status="PASS" signature="setExtentReport(org.testng.ITestContext)[pri:0, instance:com.staff.qa.testcases.RequirementPageTest@13deb50e]" name="setExtentReport" is-config="true" duration-ms="186" started-at="2019-10-04T11:17:44Z" finished-at="2019-10-04T11:17:44Z">
          <params>
            <param index="0">
              <value>
                <![CDATA[org.testng.TestRunner@579d011c]]>
              </value>
            </param>
          </params>
          <reporter-output>
          </reporter-output>
        </test-method> <!-- setExtentReport -->
        <test-method status="PASS" signature="setupBeforeSuite(org.testng.ITestContext)[pri:0, instance:com.staff.qa.testcases.RequirementPageTest@13deb50e]" name="setupBeforeSuite" is-config="true" duration-ms="178" started-at="2019-10-04T11:17:44Z" finished-at="2019-10-04T11:17:44Z">
          <params>
            <param index="0">
              <value>
                <![CDATA[org.testng.TestRunner@579d011c]]>
              </value>
            </param>
          </params>
          <reporter-output>
          </reporter-output>
        </test-method> <!-- setupBeforeSuite -->
        <test-method status="PASS" signature="setUp()[pri:0, instance:com.staff.qa.testcases.RequirementPageTest@13deb50e]" name="setUp" is-config="true" duration-ms="7690" started-at="2019-10-04T11:17:44Z" finished-at="2019-10-04T11:17:52Z">
          <reporter-output>
          </reporter-output>
        </test-method> <!-- setUp -->
        <test-method status="FAIL" signature="verifyArchivedRequirementFunctionality()[pri:0, instance:com.staff.qa.testcases.RequirementPageTest@13deb50e]" name="verifyArchivedRequirementFunctionality" duration-ms="25033" started-at="2019-10-04T11:17:52Z" finished-at="2019-10-04T11:18:17Z">
          <exception class="java.lang.AssertionError">
            <message>
              <![CDATA[null]]>
            </message>
            <full-stacktrace>
              <![CDATA[java.lang.AssertionError: null
at org.testng.Assert.fail(Assert.java:96)
at org.testng.Assert.fail(Assert.java:103)
at com.staff.qa.testcases.RequirementPageTest.verifyArchivedRequirementFunctionality(RequirementPageTest.java:577)
at sun.reflect.NativeMethodAccessorImpl.invoke0(Native Method)
at sun.reflect.NativeMethodAccessorImpl.invoke(NativeMethodAccessorImpl.java:62)
at sun.reflect.DelegatingMethodAccessorImpl.invoke(DelegatingMethodAccessorImpl.java:43)
at java.lang.reflect.Method.invoke(Method.java:498)
at org.testng.internal.MethodInvocationHelper.invokeMethod(MethodInvocationHelper.java:124)
at org.testng.internal.Invoker.invokeMethod(Invoker.java:580)
at org.testng.internal.Invoker.invokeTestMethod(Invoker.java:716)
at org.testng.internal.Invoker.invokeTestMethods(Invoker.java:988)
at org.testng.internal.TestMethodWorker.invokeTestMethods(TestMethodWorker.java:125)
at org.testng.internal.TestMethodWorker.run(TestMethodWorker.java:109)
at org.testng.TestRunner.privateRun(TestRunner.java:648)
at org.testng.TestRunner.run(TestRunner.java:505)
at org.testng.SuiteRunner.runTest(SuiteRunner.java:455)
at org.testng.SuiteRunner.runSequentially(SuiteRunner.java:450)
at org.testng.SuiteRunner.privateRun(SuiteRunner.java:415)
at org.testng.SuiteRunner.run(SuiteRunner.java:364)
at org.testng.SuiteRunnerWorker.runSuite(SuiteRunnerWorker.java:52)
at org.testng.SuiteRunnerWorker.run(SuiteRunnerWorker.java:84)
at org.testng.TestNG.runSuitesSequentially(TestNG.java:1208)
at org.testng.TestNG.runSuitesLocally(TestNG.java:1137)
at org.testng.TestNG.runSuites(TestNG.java:1049)
at org.testng.TestNG.run(TestNG.java:1017)
at org.testng.remote.AbstractRemoteTestNG.run(AbstractRemoteTestNG.java:115)
at org.testng.remote.RemoteTestNG.initAndRun(RemoteTestNG.java:251)
at org.testng.remote.RemoteTestNG.main(RemoteTestNG.java:77)
]]>
            </full-stacktrace>
          </exception> <!-- java.lang.AssertionError -->
          <reporter-output>
          </reporter-output>
        </test-method> <!-- verifyArchivedRequirementFunctionality -->
        <test-method status="PASS" signature="getResult(org.testng.ITestResult)[pri:0, instance:com.staff.qa.testcases.RequirementPageTest@13deb50e]" name="getResult" is-config="true" duration-ms="1359" started-at="2019-10-04T11:18:17Z" finished-at="2019-10-04T11:18:18Z">
          <params>
            <param index="0">
              <value>
                <![CDATA[[TestResult name=verifyArchivedRequirementFunctionality status=FAILURE method=RequirementPageTest.verifyArchivedRequirementFunctionality()[pri:0, instance:com.staff.qa.testcases.RequirementPageTest@13deb50e] output={null}]]]>
              </value>
            </param>
          </params>
          <reporter-output>
          </reporter-output>
        </test-method> <!-- getResult -->
        <test-method status="PASS" signature="setupAfterSuite()[pri:0, instance:com.staff.qa.testcases.RequirementPageTest@13deb50e]" name="setupAfterSuite" is-config="true" duration-ms="67" started-at="2019-10-04T11:18:18Z" finished-at="2019-10-04T11:18:19Z">
          <reporter-output>
          </reporter-output>
        </test-method> <!-- setupAfterSuite -->
        <test-method status="PASS" signature="endReport()[pri:0, instance:com.staff.qa.testcases.RequirementPageTest@13deb50e]" name="endReport" is-config="true" duration-ms="244" started-at="2019-10-04T11:18:19Z" finished-at="2019-10-04T11:18:19Z">
          <reporter-output>
          </reporter-output>
        </test-method> <!-- endReport -->
      </class> <!-- com.staff.qa.testcases.RequirementPageTest -->
    </test> <!-- Default test -->
  </suite> <!-- Default suite -->
</testng-results>
