<?xml version="1.0" encoding="UTF-8"?>
<testng-results skipped="0" failed="0" ignored="0" total="1" passed="1">
  <reporter-output>
  </reporter-output>
  <suite name="Default suite" duration-ms="34217" started-at="2019-09-20T14:08:45Z" finished-at="2019-09-20T14:09:19Z">
    <groups>
    </groups>
    <test name="Default test" duration-ms="34217" started-at="2019-09-20T14:08:45Z" finished-at="2019-09-20T14:09:19Z">
      <class name="com.staff.qa.testcases.ConsultantPageTest">
        <test-method status="PASS" signature="setExtentReport()[pri:0, instance:com.staff.qa.testcases.ConsultantPageTest@464bee09]" name="setExtentReport" is-config="true" duration-ms="170" started-at="2019-09-20T14:08:45Z" finished-at="2019-09-20T14:08:45Z">
          <reporter-output>
          </reporter-output>
        </test-method> <!-- setExtentReport -->
        <test-method status="PASS" signature="setupBeforeSuite(org.testng.ITestContext)[pri:0, instance:com.staff.qa.testcases.ConsultantPageTest@464bee09]" name="setupBeforeSuite" is-config="true" duration-ms="87" started-at="2019-09-20T14:08:45Z" finished-at="2019-09-20T14:08:45Z">
          <params>
            <param index="0">
              <value>
                <![CDATA[org.testng.TestRunner@133e019b]]>
              </value>
            </param>
          </params>
          <reporter-output>
          </reporter-output>
        </test-method> <!-- setupBeforeSuite -->
        <test-method status="PASS" signature="setUp()[pri:0, instance:com.staff.qa.testcases.ConsultantPageTest@464bee09]" name="setUp" is-config="true" duration-ms="7221" started-at="2019-09-20T14:08:45Z" finished-at="2019-09-20T14:08:52Z">
          <reporter-output>
          </reporter-output>
        </test-method> <!-- setUp -->
        <test-method status="PASS" signature="verifyFunctionalityofContinueButton()[pri:0, instance:com.staff.qa.testcases.ConsultantPageTest@464bee09]" name="verifyFunctionalityofContinueButton" duration-ms="26482" started-at="2019-09-20T14:08:52Z" finished-at="2019-09-20T14:09:19Z">
          <reporter-output>
          </reporter-output>
        </test-method> <!-- verifyFunctionalityofContinueButton -->
        <test-method status="PASS" signature="getResult(org.testng.ITestResult)[pri:0, instance:com.staff.qa.testcases.ConsultantPageTest@464bee09]" name="getResult" is-config="true" duration-ms="3" started-at="2019-09-20T14:09:19Z" finished-at="2019-09-20T14:09:19Z">
          <params>
            <param index="0">
              <value>
                <![CDATA[[TestResult name=verifyFunctionalityofContinueButton status=SUCCESS method=ConsultantPageTest.verifyFunctionalityofContinueButton()[pri:0, instance:com.staff.qa.testcases.ConsultantPageTest@464bee09] output={null}]]]>
              </value>
            </param>
          </params>
          <reporter-output>
          </reporter-output>
        </test-method> <!-- getResult -->
        <test-method status="PASS" signature="setupAfterSuite()[pri:0, instance:com.staff.qa.testcases.ConsultantPageTest@464bee09]" name="setupAfterSuite" is-config="true" duration-ms="34" started-at="2019-09-20T14:09:19Z" finished-at="2019-09-20T14:09:19Z">
          <reporter-output>
          </reporter-output>
        </test-method> <!-- setupAfterSuite -->
        <test-method status="PASS" signature="endReport()[pri:0, instance:com.staff.qa.testcases.ConsultantPageTest@464bee09]" name="endReport" is-config="true" duration-ms="206" started-at="2019-09-20T14:09:19Z" finished-at="2019-09-20T14:09:19Z">
          <reporter-output>
          </reporter-output>
        </test-method> <!-- endReport -->
      </class> <!-- com.staff.qa.testcases.ConsultantPageTest -->
    </test> <!-- Default test -->
  </suite> <!-- Default suite -->
</testng-results>
