<?xml version="1.0" encoding="UTF-8"?>
<testng-results skipped="0" failed="0" ignored="0" total="0" passed="0">
  <reporter-output>
  </reporter-output>
  <suite name="Default suite" duration-ms="187" started-at="2019-10-31T10:14:59Z" finished-at="2019-10-31T10:14:59Z">
    <groups>
    </groups>
    <test name="Default test" duration-ms="187" started-at="2019-10-31T10:14:59Z" finished-at="2019-10-31T10:14:59Z">
      <class name="com.staff.qa.testcases.PlacementPageTest">
        <test-method status="PASS" signature="setExtentReport(org.testng.ITestContext)[pri:0, instance:com.staff.qa.testcases.PlacementPageTest@57baeedf]" name="setExtentReport" is-config="true" duration-ms="172" started-at="2019-10-31T10:14:59Z" finished-at="2019-10-31T10:14:59Z">
          <params>
            <param index="0">
              <value>
                <![CDATA[org.testng.TestRunner@77e9807f]]>
              </value>
            </param>
          </params>
          <reporter-output>
          </reporter-output>
        </test-method> <!-- setExtentReport -->
        <test-method status="PASS" signature="endReport()[pri:0, instance:com.staff.qa.testcases.PlacementPageTest@57baeedf]" name="endReport" is-config="true" duration-ms="0" started-at="2019-10-31T10:14:59Z" finished-at="2019-10-31T10:14:59Z">
          <reporter-output>
          </reporter-output>
        </test-method> <!-- endReport -->
      </class> <!-- com.staff.qa.testcases.PlacementPageTest -->
    </test> <!-- Default test -->
  </suite> <!-- Default suite -->
</testng-results>
