<?xml version="1.0" encoding="UTF-8"?>
<testng-results skipped="0" failed="2" ignored="113" total="116" passed="1">
  <reporter-output>
  </reporter-output>
  <suite name="Suite" duration-ms="173075" started-at="2019-11-15T12:28:20Z" finished-at="2019-11-15T12:31:14Z">
    <groups>
      <group name="End to End">
        <method signature="ConsultantPageTest.verifyAddNewConsulatantFormDisplayed()[pri:2, instance:com.staff.qa.testcases.ConsultantPageTest@490ab905]" name="verifyAddNewConsulatantFormDisplayed" class="com.staff.qa.testcases.ConsultantPageTest"/>
        <method signature="ConsultantPageTest.verifyAddNewConsultant(java.lang.String, java.lang.String, java.lang.String, java.lang.String, java.lang.String, java.lang.String, java.lang.String, java.lang.String, java.lang.String, java.lang.String, java.lang.String, java.lang.String, java.lang.String, java.lang.String, java.lang.String, java.lang.String, java.lang.String, java.lang.String, java.lang.String, java.lang.String, java.lang.String)[pri:3, instance:com.staff.qa.testcases.ConsultantPageTest@490ab905]" name="verifyAddNewConsultant" class="com.staff.qa.testcases.ConsultantPageTest"/>
        <method signature="PlacementPageTest.VerifyAllPlacementCountInHeaderAndGrid()[pri:2, instance:com.staff.qa.testcases.PlacementPageTest@1e397ed7]" name="VerifyAllPlacementCountInHeaderAndGrid" class="com.staff.qa.testcases.PlacementPageTest"/>
      </group> <!-- End to End -->
      <group name="regression">
        <method signature="ConsultantPageTest.verifyAddNewConsulatantFormDisplayed()[pri:2, instance:com.staff.qa.testcases.ConsultantPageTest@490ab905]" name="verifyAddNewConsulatantFormDisplayed" class="com.staff.qa.testcases.ConsultantPageTest"/>
        <method signature="PlacementPageTest.VerifyAllPlacementCountInHeaderAndGrid()[pri:2, instance:com.staff.qa.testcases.PlacementPageTest@1e397ed7]" name="VerifyAllPlacementCountInHeaderAndGrid" class="com.staff.qa.testcases.PlacementPageTest"/>
      </group> <!-- regression -->
    </groups>
    <test name="Test" duration-ms="173075" started-at="2019-11-15T12:28:20Z" finished-at="2019-11-15T12:31:14Z">
      <class name="com.staff.qa.testcases.PlacementPageTest">
        <test-method status="PASS" signature="setupBeforeSuite(org.testng.ITestContext)[pri:0, instance:com.staff.qa.testcases.PlacementPageTest@1e397ed7]" name="setupBeforeSuite" is-config="true" duration-ms="303" started-at="2019-11-15T12:28:21Z" finished-at="2019-11-15T12:28:21Z">
          <params>
            <param index="0">
              <value>
                <![CDATA[org.testng.TestRunner@79767781]]>
              </value>
            </param>
          </params>
          <reporter-output>
          </reporter-output>
        </test-method> <!-- setupBeforeSuite -->
        <test-method status="FAIL" signature="VerifyAllPlacementCountInHeaderAndGrid()[pri:2, instance:com.staff.qa.testcases.PlacementPageTest@1e397ed7]" name="VerifyAllPlacementCountInHeaderAndGrid" duration-ms="10018" started-at="2019-11-15T12:28:21Z" finished-at="2019-11-15T12:28:31Z">
          <exception class="java.lang.AssertionError">
            <message>
              <![CDATA[null]]>
            </message>
            <full-stacktrace>
              <![CDATA[java.lang.AssertionError: null
at org.testng.Assert.fail(Assert.java:96)
at org.testng.Assert.fail(Assert.java:103)
at com.staff.qa.testcases.PlacementPageTest.VerifyAllPlacementCountInHeaderAndGrid(PlacementPageTest.java:108)
at sun.reflect.NativeMethodAccessorImpl.invoke0(Native Method)
at sun.reflect.NativeMethodAccessorImpl.invoke(NativeMethodAccessorImpl.java:62)
at sun.reflect.DelegatingMethodAccessorImpl.invoke(DelegatingMethodAccessorImpl.java:43)
at java.lang.reflect.Method.invoke(Method.java:498)
at org.testng.internal.MethodInvocationHelper.invokeMethod(MethodInvocationHelper.java:124)
at org.testng.internal.Invoker.invokeMethod(Invoker.java:580)
at org.testng.internal.Invoker.invokeTestMethod(Invoker.java:716)
at org.testng.internal.Invoker.invokeTestMethods(Invoker.java:988)
at org.testng.internal.TestMethodWorker.invokeTestMethods(TestMethodWorker.java:125)
at org.testng.internal.TestMethodWorker.run(TestMethodWorker.java:109)
at org.testng.TestRunner.privateRun(TestRunner.java:648)
at org.testng.TestRunner.run(TestRunner.java:505)
at org.testng.SuiteRunner.runTest(SuiteRunner.java:455)
at org.testng.SuiteRunner.runSequentially(SuiteRunner.java:450)
at org.testng.SuiteRunner.privateRun(SuiteRunner.java:415)
at org.testng.SuiteRunner.run(SuiteRunner.java:364)
at org.testng.SuiteRunnerWorker.runSuite(SuiteRunnerWorker.java:52)
at org.testng.SuiteRunnerWorker.run(SuiteRunnerWorker.java:84)
at org.testng.TestNG.runSuitesSequentially(TestNG.java:1208)
at org.testng.TestNG.runSuitesLocally(TestNG.java:1137)
at org.testng.TestNG.runSuites(TestNG.java:1049)
at org.testng.TestNG.run(TestNG.java:1017)
at org.testng.remote.AbstractRemoteTestNG.run(AbstractRemoteTestNG.java:115)
at org.testng.remote.RemoteTestNG.initAndRun(RemoteTestNG.java:251)
at org.testng.remote.RemoteTestNG.main(RemoteTestNG.java:77)
]]>
            </full-stacktrace>
          </exception> <!-- java.lang.AssertionError -->
          <reporter-output>
          </reporter-output>
        </test-method> <!-- VerifyAllPlacementCountInHeaderAndGrid -->
      </class> <!-- com.staff.qa.testcases.PlacementPageTest -->
      <class name="com.staff.qa.testcases.ConsultantPageTest">
        <test-method status="PASS" signature="setupBeforeSuite(org.testng.ITestContext)[pri:0, instance:com.staff.qa.testcases.ConsultantPageTest@490ab905]" name="setupBeforeSuite" is-config="true" duration-ms="115" started-at="2019-11-15T12:28:31Z" finished-at="2019-11-15T12:28:31Z">
          <params>
            <param index="0">
              <value>
                <![CDATA[org.testng.TestRunner@79767781]]>
              </value>
            </param>
          </params>
          <reporter-output>
          </reporter-output>
        </test-method> <!-- setupBeforeSuite -->
        <test-method status="PASS" signature="setUp()[pri:0, instance:com.staff.qa.testcases.ConsultantPageTest@490ab905]" name="setUp" is-config="true" duration-ms="18107" started-at="2019-11-15T12:28:31Z" finished-at="2019-11-15T12:28:49Z">
          <reporter-output>
          </reporter-output>
        </test-method> <!-- setUp -->
        <test-method status="PASS" signature="verifyAddNewConsulatantFormDisplayed()[pri:2, instance:com.staff.qa.testcases.ConsultantPageTest@490ab905]" name="verifyAddNewConsulatantFormDisplayed" duration-ms="19587" started-at="2019-11-15T12:28:49Z" finished-at="2019-11-15T12:29:09Z">
          <reporter-output>
          </reporter-output>
        </test-method> <!-- verifyAddNewConsulatantFormDisplayed -->
        <test-method status="PASS" signature="setUp()[pri:0, instance:com.staff.qa.testcases.ConsultantPageTest@490ab905]" name="setUp" is-config="true" duration-ms="16822" started-at="2019-11-15T12:29:09Z" finished-at="2019-11-15T12:29:26Z">
          <reporter-output>
          </reporter-output>
        </test-method> <!-- setUp -->
        <test-method status="FAIL" signature="verifyAddNewConsultant(java.lang.String, java.lang.String, java.lang.String, java.lang.String, java.lang.String, java.lang.String, java.lang.String, java.lang.String, java.lang.String, java.lang.String, java.lang.String, java.lang.String, java.lang.String, java.lang.String, java.lang.String, java.lang.String, java.lang.String, java.lang.String, java.lang.String, java.lang.String, java.lang.String)[pri:3, instance:com.staff.qa.testcases.ConsultantPageTest@490ab905]" name="verifyAddNewConsultant" duration-ms="107768" started-at="2019-11-15T12:29:26Z" data-provider="getEStaffData" finished-at="2019-11-15T12:31:14Z">
          <params>
            <param index="0">
              <value>
                <![CDATA[Santosh]]>
              </value>
            </param>
            <param index="1">
              <value>
                <![CDATA[Gopi Pillai]]>
              </value>
            </param>
            <param index="2">
              <value>
                <![CDATA[Santosh0010@gmail.com]]>
              </value>
            </param>
            <param index="3">
              <value>
                <![CDATA[]]>
              </value>
            </param>
            <param index="4">
              <value>
                <![CDATA[61.17]]>
              </value>
            </param>
            <param index="5">
              <value>
                <![CDATA[Hourly]]>
              </value>
            </param>
            <param index="6">
              <value>
                <![CDATA[2017]]>
              </value>
            </param>
            <param index="7">
              <value>
                <![CDATA[Oct]]>
              </value>
            </param>
            <param index="8">
              <value>
                <![CDATA[1]]>
              </value>
            </param>
            <param index="9">
              <value>
                <![CDATA[Immediately ]]>
              </value>
            </param>
            <param index="10">
              <value>
                <![CDATA[Bay Area Or North]]>
              </value>
            </param>
            <param index="11">
              <value>
                <![CDATA[Hourly W2]]>
              </value>
            </param>
            <param index="12">
              <value>
                <![CDATA[EMPLOYEE]]>
              </value>
            </param>
            <param index="13">
              <value>
                <![CDATA[H1B]]>
              </value>
            </param>
            <param index="14">
              <value>
                <![CDATA[United States]]>
              </value>
            </param>
            <param index="15">
              <value>
                <![CDATA[California]]>
              </value>
            </param>
            <param index="16">
              <value>
                <![CDATA[Acton]]>
              </value>
            </param>
            <param index="17">
              <value>
                <![CDATA[Dummy employee]]>
              </value>
            </param>
            <param index="18">
              <value>
                <![CDATA[]]>
              </value>
            </param>
            <param index="19">
              <value>
                <![CDATA[]]>
              </value>
            </param>
            <param index="20">
              <value>
                <![CDATA[]]>
              </value>
            </param>
          </params>
          <exception class="java.lang.AssertionError">
            <message>
              <![CDATA[null]]>
            </message>
            <full-stacktrace>
              <![CDATA[java.lang.AssertionError: null
at org.testng.Assert.fail(Assert.java:96)
at org.testng.Assert.fail(Assert.java:103)
at com.staff.qa.testcases.ConsultantPageTest.verifyAddNewConsultant(ConsultantPageTest.java:207)
at sun.reflect.NativeMethodAccessorImpl.invoke0(Native Method)
at sun.reflect.NativeMethodAccessorImpl.invoke(NativeMethodAccessorImpl.java:62)
at sun.reflect.DelegatingMethodAccessorImpl.invoke(DelegatingMethodAccessorImpl.java:43)
at java.lang.reflect.Method.invoke(Method.java:498)
at org.testng.internal.MethodInvocationHelper.invokeMethod(MethodInvocationHelper.java:124)
at org.testng.internal.Invoker.invokeMethod(Invoker.java:580)
at org.testng.internal.Invoker.invokeTestMethod(Invoker.java:716)
at org.testng.internal.Invoker.invokeTestMethods(Invoker.java:988)
at org.testng.internal.TestMethodWorker.invokeTestMethods(TestMethodWorker.java:125)
at org.testng.internal.TestMethodWorker.run(TestMethodWorker.java:109)
at org.testng.TestRunner.privateRun(TestRunner.java:648)
at org.testng.TestRunner.run(TestRunner.java:505)
at org.testng.SuiteRunner.runTest(SuiteRunner.java:455)
at org.testng.SuiteRunner.runSequentially(SuiteRunner.java:450)
at org.testng.SuiteRunner.privateRun(SuiteRunner.java:415)
at org.testng.SuiteRunner.run(SuiteRunner.java:364)
at org.testng.SuiteRunnerWorker.runSuite(SuiteRunnerWorker.java:52)
at org.testng.SuiteRunnerWorker.run(SuiteRunnerWorker.java:84)
at org.testng.TestNG.runSuitesSequentially(TestNG.java:1208)
at org.testng.TestNG.runSuitesLocally(TestNG.java:1137)
at org.testng.TestNG.runSuites(TestNG.java:1049)
at org.testng.TestNG.run(TestNG.java:1017)
at org.testng.remote.AbstractRemoteTestNG.run(AbstractRemoteTestNG.java:115)
at org.testng.remote.RemoteTestNG.initAndRun(RemoteTestNG.java:251)
at org.testng.remote.RemoteTestNG.main(RemoteTestNG.java:77)
]]>
            </full-stacktrace>
          </exception> <!-- java.lang.AssertionError -->
          <reporter-output>
          </reporter-output>
        </test-method> <!-- verifyAddNewConsultant -->
      </class> <!-- com.staff.qa.testcases.ConsultantPageTest -->
      <class name="com.staff.qa.testcases.CompaniesPageTest">
        <test-method status="PASS" signature="setExtentReport(org.testng.ITestContext)[pri:0, instance:com.staff.qa.testcases.CompaniesPageTest@3f49dace]" name="setExtentReport" is-config="true" duration-ms="277" started-at="2019-11-15T12:28:21Z" finished-at="2019-11-15T12:28:21Z">
          <params>
            <param index="0">
              <value>
                <![CDATA[org.testng.TestRunner@79767781]]>
              </value>
            </param>
          </params>
          <reporter-output>
          </reporter-output>
        </test-method> <!-- setExtentReport -->
      </class> <!-- com.staff.qa.testcases.CompaniesPageTest -->
    </test> <!-- Test -->
  </suite> <!-- Suite -->
</testng-results>
