<?xml version="1.0" encoding="UTF-8"?>
<testng-results skipped="0" failed="0" ignored="34" total="34" passed="0">
  <reporter-output>
  </reporter-output>
  <suite name="Suite" duration-ms="189" started-at="2019-12-06T06:40:48Z" finished-at="2019-12-06T06:40:48Z">
    <groups>
    </groups>
    <test name="Test" duration-ms="189" started-at="2019-12-06T06:40:48Z" finished-at="2019-12-06T06:40:48Z">
      <class name="com.staff.qa.testcases.ConsultantPageTest">
        <test-method status="PASS" signature="setExtentReport(org.testng.ITestContext)[pri:0, instance:com.staff.qa.testcases.ConsultantPageTest@4f7d0008]" name="setExtentReport" is-config="true" duration-ms="180" started-at="2019-12-06T06:40:48Z" finished-at="2019-12-06T06:40:48Z">
          <params>
            <param index="0">
              <value>
                <![CDATA[org.testng.TestRunner@525f1e4e]]>
              </value>
            </param>
          </params>
          <reporter-output>
          </reporter-output>
        </test-method> <!-- setExtentReport -->
        <test-method status="PASS" signature="endReport()[pri:0, instance:com.staff.qa.testcases.ConsultantPageTest@4f7d0008]" name="endReport" is-config="true" duration-ms="2" started-at="2019-12-06T06:40:48Z" finished-at="2019-12-06T06:40:48Z">
          <reporter-output>
          </reporter-output>
        </test-method> <!-- endReport -->
      </class> <!-- com.staff.qa.testcases.ConsultantPageTest -->
    </test> <!-- Test -->
  </suite> <!-- Suite -->
</testng-results>
