<?xml version="1.0" encoding="UTF-8"?>
<testng-results skipped="0" failed="0" ignored="0" total="1" passed="1">
  <reporter-output>
  </reporter-output>
  <suite name="Default suite" duration-ms="90799" started-at="2019-10-15T12:00:02Z" finished-at="2019-10-15T12:01:33Z">
    <groups>
    </groups>
    <test name="Default test" duration-ms="90799" started-at="2019-10-15T12:00:02Z" finished-at="2019-10-15T12:01:33Z">
      <class name="com.staff.qa.testcases.PlacementPageTest">
        <test-method status="PASS" signature="setExtentReport(org.testng.ITestContext)[pri:0, instance:com.staff.qa.testcases.PlacementPageTest@464bee09]" name="setExtentReport" is-config="true" duration-ms="192" started-at="2019-10-15T12:00:02Z" finished-at="2019-10-15T12:00:02Z">
          <params>
            <param index="0">
              <value>
                <![CDATA[org.testng.TestRunner@6134ac4a]]>
              </value>
            </param>
          </params>
          <reporter-output>
          </reporter-output>
        </test-method> <!-- setExtentReport -->
        <test-method status="PASS" signature="setupBeforeSuite(org.testng.ITestContext)[pri:0, instance:com.staff.qa.testcases.PlacementPageTest@464bee09]" name="setupBeforeSuite" is-config="true" duration-ms="241" started-at="2019-10-15T12:00:02Z" finished-at="2019-10-15T12:00:03Z">
          <params>
            <param index="0">
              <value>
                <![CDATA[org.testng.TestRunner@6134ac4a]]>
              </value>
            </param>
          </params>
          <reporter-output>
          </reporter-output>
        </test-method> <!-- setupBeforeSuite -->
        <test-method status="PASS" signature="setUp()[pri:0, instance:com.staff.qa.testcases.PlacementPageTest@464bee09]" name="setUp" is-config="true" duration-ms="8063" started-at="2019-10-15T12:00:03Z" finished-at="2019-10-15T12:00:11Z">
          <reporter-output>
          </reporter-output>
        </test-method> <!-- setUp -->
        <test-method status="PASS" signature="verifyPlacedConsultantAppearInPlacement_FromRequirement()[pri:0, instance:com.staff.qa.testcases.PlacementPageTest@464bee09]" name="verifyPlacedConsultantAppearInPlacement_FromRequirement" duration-ms="80978" started-at="2019-10-15T12:00:11Z" finished-at="2019-10-15T12:01:32Z">
          <reporter-output>
          </reporter-output>
        </test-method> <!-- verifyPlacedConsultantAppearInPlacement_FromRequirement -->
        <test-method status="PASS" signature="getResult(org.testng.ITestResult)[pri:0, instance:com.staff.qa.testcases.PlacementPageTest@464bee09]" name="getResult" is-config="true" duration-ms="1003" started-at="2019-10-15T12:01:32Z" finished-at="2019-10-15T12:01:33Z">
          <params>
            <param index="0">
              <value>
                <![CDATA[[TestResult name=verifyPlacedConsultantAppearInPlacement_FromRequirement status=SUCCESS method=PlacementPageTest.verifyPlacedConsultantAppearInPlacement_FromRequirement()[pri:0, instance:com.staff.qa.testcases.PlacementPageTest@464bee09] output={null}]]]>
              </value>
            </param>
          </params>
          <reporter-output>
          </reporter-output>
        </test-method> <!-- getResult -->
        <test-method status="PASS" signature="setupAfterSuite()[pri:0, instance:com.staff.qa.testcases.PlacementPageTest@464bee09]" name="setupAfterSuite" is-config="true" duration-ms="73" started-at="2019-10-15T12:01:33Z" finished-at="2019-10-15T12:01:33Z">
          <reporter-output>
          </reporter-output>
        </test-method> <!-- setupAfterSuite -->
        <test-method status="PASS" signature="endReport()[pri:0, instance:com.staff.qa.testcases.PlacementPageTest@464bee09]" name="endReport" is-config="true" duration-ms="234" started-at="2019-10-15T12:01:33Z" finished-at="2019-10-15T12:01:33Z">
          <reporter-output>
          </reporter-output>
        </test-method> <!-- endReport -->
      </class> <!-- com.staff.qa.testcases.PlacementPageTest -->
    </test> <!-- Default test -->
  </suite> <!-- Default suite -->
</testng-results>
