<?xml version="1.0" encoding="UTF-8"?>
<testng-results skipped="0" failed="1" ignored="0" total="1" passed="0">
  <reporter-output>
  </reporter-output>
  <suite name="Default suite" duration-ms="59189" started-at="2019-10-16T06:56:00Z" finished-at="2019-10-16T06:56:59Z">
    <groups>
    </groups>
    <test name="Default test" duration-ms="59189" started-at="2019-10-16T06:56:00Z" finished-at="2019-10-16T06:56:59Z">
      <class name="com.staff.qa.testcases.PlacementPageTest">
        <test-method status="PASS" signature="setExtentReport(org.testng.ITestContext)[pri:0, instance:com.staff.qa.testcases.PlacementPageTest@64bfbc86]" name="setExtentReport" is-config="true" duration-ms="453" started-at="2019-10-16T06:56:00Z" finished-at="2019-10-16T06:56:00Z">
          <params>
            <param index="0">
              <value>
                <![CDATA[org.testng.TestRunner@2d35442b]]>
              </value>
            </param>
          </params>
          <reporter-output>
          </reporter-output>
        </test-method> <!-- setExtentReport -->
        <test-method status="PASS" signature="setupBeforeSuite(org.testng.ITestContext)[pri:0, instance:com.staff.qa.testcases.PlacementPageTest@64bfbc86]" name="setupBeforeSuite" is-config="true" duration-ms="351" started-at="2019-10-16T06:56:00Z" finished-at="2019-10-16T06:56:01Z">
          <params>
            <param index="0">
              <value>
                <![CDATA[org.testng.TestRunner@2d35442b]]>
              </value>
            </param>
          </params>
          <reporter-output>
          </reporter-output>
        </test-method> <!-- setupBeforeSuite -->
        <test-method status="PASS" signature="setUp()[pri:0, instance:com.staff.qa.testcases.PlacementPageTest@64bfbc86]" name="setUp" is-config="true" duration-ms="8596" started-at="2019-10-16T06:56:01Z" finished-at="2019-10-16T06:56:09Z">
          <reporter-output>
          </reporter-output>
        </test-method> <!-- setUp -->
        <test-method status="FAIL" signature="verifyPlacedConsultantAppearInPlacement_FromRequirement()[pri:0, instance:com.staff.qa.testcases.PlacementPageTest@64bfbc86]" name="verifyPlacedConsultantAppearInPlacement_FromRequirement" duration-ms="48005" started-at="2019-10-16T06:56:09Z" finished-at="2019-10-16T06:56:57Z">
          <exception class="java.lang.AssertionError">
            <message>
              <![CDATA[null]]>
            </message>
            <full-stacktrace>
              <![CDATA[java.lang.AssertionError: null
at org.testng.Assert.fail(Assert.java:96)
at org.testng.Assert.fail(Assert.java:103)
at com.staff.qa.testcases.PlacementPageTest.verifyPlacedConsultantAppearInPlacement_FromRequirement(PlacementPageTest.java:318)
at sun.reflect.NativeMethodAccessorImpl.invoke0(Native Method)
at sun.reflect.NativeMethodAccessorImpl.invoke(NativeMethodAccessorImpl.java:62)
at sun.reflect.DelegatingMethodAccessorImpl.invoke(DelegatingMethodAccessorImpl.java:43)
at java.lang.reflect.Method.invoke(Method.java:498)
at org.testng.internal.MethodInvocationHelper.invokeMethod(MethodInvocationHelper.java:124)
at org.testng.internal.Invoker.invokeMethod(Invoker.java:580)
at org.testng.internal.Invoker.invokeTestMethod(Invoker.java:716)
at org.testng.internal.Invoker.invokeTestMethods(Invoker.java:988)
at org.testng.internal.TestMethodWorker.invokeTestMethods(TestMethodWorker.java:125)
at org.testng.internal.TestMethodWorker.run(TestMethodWorker.java:109)
at org.testng.TestRunner.privateRun(TestRunner.java:648)
at org.testng.TestRunner.run(TestRunner.java:505)
at org.testng.SuiteRunner.runTest(SuiteRunner.java:455)
at org.testng.SuiteRunner.runSequentially(SuiteRunner.java:450)
at org.testng.SuiteRunner.privateRun(SuiteRunner.java:415)
at org.testng.SuiteRunner.run(SuiteRunner.java:364)
at org.testng.SuiteRunnerWorker.runSuite(SuiteRunnerWorker.java:52)
at org.testng.SuiteRunnerWorker.run(SuiteRunnerWorker.java:84)
at org.testng.TestNG.runSuitesSequentially(TestNG.java:1208)
at org.testng.TestNG.runSuitesLocally(TestNG.java:1137)
at org.testng.TestNG.runSuites(TestNG.java:1049)
at org.testng.TestNG.run(TestNG.java:1017)
at org.testng.remote.AbstractRemoteTestNG.run(AbstractRemoteTestNG.java:115)
at org.testng.remote.RemoteTestNG.initAndRun(RemoteTestNG.java:251)
at org.testng.remote.RemoteTestNG.main(RemoteTestNG.java:77)
]]>
            </full-stacktrace>
          </exception> <!-- java.lang.AssertionError -->
          <reporter-output>
          </reporter-output>
        </test-method> <!-- verifyPlacedConsultantAppearInPlacement_FromRequirement -->
        <test-method status="PASS" signature="getResult(org.testng.ITestResult)[pri:0, instance:com.staff.qa.testcases.PlacementPageTest@64bfbc86]" name="getResult" is-config="true" duration-ms="1394" started-at="2019-10-16T06:56:57Z" finished-at="2019-10-16T06:56:59Z">
          <params>
            <param index="0">
              <value>
                <![CDATA[[TestResult name=verifyPlacedConsultantAppearInPlacement_FromRequirement status=FAILURE method=PlacementPageTest.verifyPlacedConsultantAppearInPlacement_FromRequirement()[pri:0, instance:com.staff.qa.testcases.PlacementPageTest@64bfbc86] output={null}]]]>
              </value>
            </param>
          </params>
          <reporter-output>
          </reporter-output>
        </test-method> <!-- getResult -->
        <test-method status="PASS" signature="setupAfterSuite()[pri:0, instance:com.staff.qa.testcases.PlacementPageTest@64bfbc86]" name="setupAfterSuite" is-config="true" duration-ms="111" started-at="2019-10-16T06:56:59Z" finished-at="2019-10-16T06:56:59Z">
          <reporter-output>
          </reporter-output>
        </test-method> <!-- setupAfterSuite -->
        <test-method status="PASS" signature="endReport()[pri:0, instance:com.staff.qa.testcases.PlacementPageTest@64bfbc86]" name="endReport" is-config="true" duration-ms="261" started-at="2019-10-16T06:56:59Z" finished-at="2019-10-16T06:56:59Z">
          <reporter-output>
          </reporter-output>
        </test-method> <!-- endReport -->
      </class> <!-- com.staff.qa.testcases.PlacementPageTest -->
    </test> <!-- Default test -->
  </suite> <!-- Default suite -->
</testng-results>
