<?xml version="1.0" encoding="UTF-8"?>
<testng-results skipped="0" failed="1" ignored="0" total="1" passed="0">
  <reporter-output>
  </reporter-output>
  <suite name="Default suite" duration-ms="52570" started-at="2019-12-02T05:40:12Z" finished-at="2019-12-02T05:41:05Z">
    <groups>
    </groups>
    <test name="Default test" duration-ms="52570" started-at="2019-12-02T05:40:12Z" finished-at="2019-12-02T05:41:05Z">
      <class name="com.staff.qa.testcases.RequirementPageTest">
        <test-method status="PASS" signature="setExtentReport(org.testng.ITestContext)[pri:0, instance:com.staff.qa.testcases.RequirementPageTest@553f17c]" name="setExtentReport" is-config="true" duration-ms="177" started-at="2019-12-02T05:40:12Z" finished-at="2019-12-02T05:40:12Z">
          <params>
            <param index="0">
              <value>
                <![CDATA[org.testng.TestRunner@6f330eb9]]>
              </value>
            </param>
          </params>
          <reporter-output>
          </reporter-output>
        </test-method> <!-- setExtentReport -->
        <test-method status="PASS" signature="setupBeforeSuite(org.testng.ITestContext)[pri:0, instance:com.staff.qa.testcases.RequirementPageTest@553f17c]" name="setupBeforeSuite" is-config="true" duration-ms="257" started-at="2019-12-02T05:40:12Z" finished-at="2019-12-02T05:40:13Z">
          <params>
            <param index="0">
              <value>
                <![CDATA[org.testng.TestRunner@6f330eb9]]>
              </value>
            </param>
          </params>
          <reporter-output>
          </reporter-output>
        </test-method> <!-- setupBeforeSuite -->
        <test-method status="PASS" signature="setUp()[pri:0, instance:com.staff.qa.testcases.RequirementPageTest@553f17c]" name="setUp" is-config="true" duration-ms="10253" started-at="2019-12-02T05:40:13Z" finished-at="2019-12-02T05:40:23Z">
          <reporter-output>
          </reporter-output>
        </test-method> <!-- setUp -->
        <test-method status="FAIL" signature="verifyShortlistConsultantFunctionality()[pri:0, instance:com.staff.qa.testcases.RequirementPageTest@553f17c]" name="verifyShortlistConsultantFunctionality" duration-ms="40137" started-at="2019-12-02T05:40:23Z" finished-at="2019-12-02T05:41:03Z">
          <exception class="java.lang.AssertionError">
            <message>
              <![CDATA[expected [Consultants shortlisted successfully.] but found [Duplicate status can not be set as Shortlisted status already exists.]]]>
            </message>
            <full-stacktrace>
              <![CDATA[java.lang.AssertionError: expected [Consultants shortlisted successfully.] but found [Duplicate status can not be set as Shortlisted status already exists.]
at org.testng.Assert.fail(Assert.java:96)
at org.testng.Assert.failNotEquals(Assert.java:776)
at org.testng.Assert.assertEqualsImpl(Assert.java:137)
at org.testng.Assert.assertEquals(Assert.java:118)
at org.testng.Assert.assertEquals(Assert.java:453)
at org.testng.Assert.assertEquals(Assert.java:463)
at com.staff.qa.testcases.RequirementPageTest.verifyShortlistConsultantFunctionality(RequirementPageTest.java:1526)
at sun.reflect.NativeMethodAccessorImpl.invoke0(Native Method)
at sun.reflect.NativeMethodAccessorImpl.invoke(NativeMethodAccessorImpl.java:62)
at sun.reflect.DelegatingMethodAccessorImpl.invoke(DelegatingMethodAccessorImpl.java:43)
at java.lang.reflect.Method.invoke(Method.java:498)
at org.testng.internal.MethodInvocationHelper.invokeMethod(MethodInvocationHelper.java:124)
at org.testng.internal.Invoker.invokeMethod(Invoker.java:580)
at org.testng.internal.Invoker.invokeTestMethod(Invoker.java:716)
at org.testng.internal.Invoker.invokeTestMethods(Invoker.java:988)
at org.testng.internal.TestMethodWorker.invokeTestMethods(TestMethodWorker.java:125)
at org.testng.internal.TestMethodWorker.run(TestMethodWorker.java:109)
at org.testng.TestRunner.privateRun(TestRunner.java:648)
at org.testng.TestRunner.run(TestRunner.java:505)
at org.testng.SuiteRunner.runTest(SuiteRunner.java:455)
at org.testng.SuiteRunner.runSequentially(SuiteRunner.java:450)
at org.testng.SuiteRunner.privateRun(SuiteRunner.java:415)
at org.testng.SuiteRunner.run(SuiteRunner.java:364)
at org.testng.SuiteRunnerWorker.runSuite(SuiteRunnerWorker.java:52)
at org.testng.SuiteRunnerWorker.run(SuiteRunnerWorker.java:84)
at org.testng.TestNG.runSuitesSequentially(TestNG.java:1208)
at org.testng.TestNG.runSuitesLocally(TestNG.java:1137)
at org.testng.TestNG.runSuites(TestNG.java:1049)
at org.testng.TestNG.run(TestNG.java:1017)
at org.testng.remote.AbstractRemoteTestNG.run(AbstractRemoteTestNG.java:115)
at org.testng.remote.RemoteTestNG.initAndRun(RemoteTestNG.java:251)
at org.testng.remote.RemoteTestNG.main(RemoteTestNG.java:77)
]]>
            </full-stacktrace>
          </exception> <!-- java.lang.AssertionError -->
          <reporter-output>
          </reporter-output>
        </test-method> <!-- verifyShortlistConsultantFunctionality -->
        <test-method status="PASS" signature="getResult(org.testng.ITestResult)[pri:0, instance:com.staff.qa.testcases.RequirementPageTest@553f17c]" name="getResult" is-config="true" duration-ms="1401" started-at="2019-12-02T05:41:03Z" finished-at="2019-12-02T05:41:04Z">
          <params>
            <param index="0">
              <value>
                <![CDATA[[TestResult name=verifyShortlistConsultantFunctionality status=FAILURE method=RequirementPageTest.verifyShortlistConsultantFunctionality()[pri:0, instance:com.staff.qa.testcases.RequirementPageTest@553f17c] output={null}]]]>
              </value>
            </param>
          </params>
          <reporter-output>
          </reporter-output>
        </test-method> <!-- getResult -->
        <test-method status="PASS" signature="setupAfterSuite()[pri:0, instance:com.staff.qa.testcases.RequirementPageTest@553f17c]" name="setupAfterSuite" is-config="true" duration-ms="96" started-at="2019-12-02T05:41:04Z" finished-at="2019-12-02T05:41:05Z">
          <reporter-output>
          </reporter-output>
        </test-method> <!-- setupAfterSuite -->
        <test-method status="PASS" signature="endReport()[pri:0, instance:com.staff.qa.testcases.RequirementPageTest@553f17c]" name="endReport" is-config="true" duration-ms="233" started-at="2019-12-02T05:41:05Z" finished-at="2019-12-02T05:41:05Z">
          <reporter-output>
          </reporter-output>
        </test-method> <!-- endReport -->
      </class> <!-- com.staff.qa.testcases.RequirementPageTest -->
    </test> <!-- Default test -->
  </suite> <!-- Default suite -->
</testng-results>
