<?xml version="1.0" encoding="UTF-8"?>
<testng-results skipped="0" failed="0" ignored="0" total="1" passed="1">
  <reporter-output>
  </reporter-output>
  <suite name="Default suite" duration-ms="61094" started-at="2019-11-14T11:47:51Z" finished-at="2019-11-14T11:48:52Z">
    <groups>
    </groups>
    <test name="Default test" duration-ms="61094" started-at="2019-11-14T11:47:51Z" finished-at="2019-11-14T11:48:52Z">
      <class name="com.staff.qa.testcases.PlacementPageTest">
        <test-method status="PASS" signature="setExtentReport(org.testng.ITestContext)[pri:0, instance:com.staff.qa.testcases.PlacementPageTest@271053e1]" name="setExtentReport" is-config="true" duration-ms="198" started-at="2019-11-14T11:47:51Z" finished-at="2019-11-14T11:47:52Z">
          <params>
            <param index="0">
              <value>
                <![CDATA[org.testng.TestRunner@74518890]]>
              </value>
            </param>
          </params>
          <reporter-output>
          </reporter-output>
        </test-method> <!-- setExtentReport -->
        <test-method status="PASS" signature="setupBeforeSuite(org.testng.ITestContext)[pri:0, instance:com.staff.qa.testcases.PlacementPageTest@271053e1]" name="setupBeforeSuite" is-config="true" duration-ms="257" started-at="2019-11-14T11:47:52Z" finished-at="2019-11-14T11:47:52Z">
          <params>
            <param index="0">
              <value>
                <![CDATA[org.testng.TestRunner@74518890]]>
              </value>
            </param>
          </params>
          <reporter-output>
          </reporter-output>
        </test-method> <!-- setupBeforeSuite -->
        <test-method status="PASS" signature="setUp()[pri:0, instance:com.staff.qa.testcases.PlacementPageTest@271053e1]" name="setUp" is-config="true" duration-ms="20148" started-at="2019-11-14T11:47:52Z" finished-at="2019-11-14T11:48:12Z">
          <reporter-output>
          </reporter-output>
        </test-method> <!-- setUp -->
        <test-method status="PASS" signature="verifyApprovePlacementFunctionality_Validations()[pri:1, instance:com.staff.qa.testcases.PlacementPageTest@271053e1]" name="verifyApprovePlacementFunctionality_Validations" duration-ms="39101" started-at="2019-11-14T11:48:12Z" finished-at="2019-11-14T11:48:51Z">
          <reporter-output>
          </reporter-output>
        </test-method> <!-- verifyApprovePlacementFunctionality_Validations -->
        <test-method status="PASS" signature="getResult(org.testng.ITestResult)[pri:0, instance:com.staff.qa.testcases.PlacementPageTest@271053e1]" name="getResult" is-config="true" duration-ms="1014" started-at="2019-11-14T11:48:51Z" finished-at="2019-11-14T11:48:52Z">
          <params>
            <param index="0">
              <value>
                <![CDATA[[TestResult name=verifyApprovePlacementFunctionality_Validations status=SUCCESS method=PlacementPageTest.verifyApprovePlacementFunctionality_Validations()[pri:1, instance:com.staff.qa.testcases.PlacementPageTest@271053e1] output={null}]]]>
              </value>
            </param>
          </params>
          <reporter-output>
          </reporter-output>
        </test-method> <!-- getResult -->
        <test-method status="PASS" signature="setupAfterSuite()[pri:0, instance:com.staff.qa.testcases.PlacementPageTest@271053e1]" name="setupAfterSuite" is-config="true" duration-ms="117" started-at="2019-11-14T11:48:52Z" finished-at="2019-11-14T11:48:52Z">
          <reporter-output>
          </reporter-output>
        </test-method> <!-- setupAfterSuite -->
        <test-method status="PASS" signature="endReport()[pri:0, instance:com.staff.qa.testcases.PlacementPageTest@271053e1]" name="endReport" is-config="true" duration-ms="243" started-at="2019-11-14T11:48:52Z" finished-at="2019-11-14T11:48:52Z">
          <reporter-output>
          </reporter-output>
        </test-method> <!-- endReport -->
      </class> <!-- com.staff.qa.testcases.PlacementPageTest -->
    </test> <!-- Default test -->
  </suite> <!-- Default suite -->
</testng-results>
