<?xml version="1.0" encoding="UTF-8"?>
<!-- Generated by org.testng.reporters.JUnitXMLReporter -->
<testsuite hostname="Vijay-CH" ignored="23" name="Test(failed)" tests="14" failures="12" timestamp="20 Dec 2019 10:01:18 GMT" time="607.434" errors="0">
  <testcase name="verifyPlacedConsultantAppearInPlacement_FromRequirement" time="35.104" classname="com.staff.qa.testcases.PlacementPageTest">
    <failure type="java.lang.AssertionError" message="null">
      <![CDATA[java.lang.AssertionError: null
at com.staff.qa.testcases.PlacementPageTest.verifyPlacedConsultantAppearInPlacement_FromRequirement(PlacementPageTest.java:356)
... Removed 27 stack frames]]>
    </failure>
  </testcase> <!-- verifyPlacedConsultantAppearInPlacement_FromRequirement -->
  <testcase name="verifyPlacedConsultantAppearInPlacement_FromConsultant" time="35.09" classname="com.staff.qa.testcases.PlacementPageTest">
    <failure type="java.lang.AssertionError" message="null">
      <![CDATA[java.lang.AssertionError: null
at com.staff.qa.testcases.PlacementPageTest.verifyPlacedConsultantAppearInPlacement_FromConsultant(PlacementPageTest.java:460)
... Removed 27 stack frames]]>
    </failure>
  </testcase> <!-- verifyPlacedConsultantAppearInPlacement_FromConsultant -->
  <testcase name="verifyBackedOutConsultantFunctionality" time="21.628" classname="com.staff.qa.testcases.PlacementPageTest">
    <failure type="java.lang.AssertionError" message="null">
      <![CDATA[java.lang.AssertionError: null
at com.staff.qa.testcases.PlacementPageTest.verifyBackedOutConsultantFunctionality(PlacementPageTest.java:524)
... Removed 27 stack frames]]>
    </failure>
  </testcase> <!-- verifyBackedOutConsultantFunctionality -->
  <testcase name="verifyEditClientAssignmentFieldsOfPlacementFormFunctionality" time="24.948" classname="com.staff.qa.testcases.PlacementPageTest">
    <failure type="java.lang.AssertionError" message="null">
      <![CDATA[java.lang.AssertionError: null
at com.staff.qa.testcases.PlacementPageTest.verifyEditClientAssignmentFieldsOfPlacementFormFunctionality(PlacementPageTest.java:945)
... Removed 27 stack frames]]>
    </failure>
  </testcase> <!-- verifyEditClientAssignmentFieldsOfPlacementFormFunctionality -->
  <testcase name="verifyEditConsultantDetailsOfPlacementFormFunctionality" time="25.736" classname="com.staff.qa.testcases.PlacementPageTest">
    <failure type="java.lang.AssertionError" message="null">
      <![CDATA[java.lang.AssertionError: null
at com.staff.qa.testcases.PlacementPageTest.verifyEditConsultantDetailsOfPlacementFormFunctionality(PlacementPageTest.java:1035)
... Removed 27 stack frames]]>
    </failure>
  </testcase> <!-- verifyEditConsultantDetailsOfPlacementFormFunctionality -->
  <testcase name="verifyCancelButtonFunClientAssignmentOfPlacementForm" time="27.039" classname="com.staff.qa.testcases.PlacementPageTest">
    <failure type="java.lang.AssertionError" message="null">
      <![CDATA[java.lang.AssertionError: null
at com.staff.qa.testcases.PlacementPageTest.verifyCancelButtonFunClientAssignmentOfPlacementForm(PlacementPageTest.java:1226)
... Removed 27 stack frames]]>
    </failure>
  </testcase> <!-- verifyCancelButtonFunClientAssignmentOfPlacementForm -->
  <testcase name="verifyCompaniesFilterFunOfPlacementForm1" time="46.684" classname="com.staff.qa.testcases.PlacementPageTest">
    <failure type="java.lang.AssertionError" message="expected [Open Placements (348)] but found [Open Placements (7)]">
      <![CDATA[java.lang.AssertionError: expected [Open Placements (348)] but found [Open Placements (7)]
at com.staff.qa.testcases.PlacementPageTest.verifyCompaniesFilterFunOfPlacementForm1(PlacementPageTest.java:1367)
... Removed 31 stack frames]]>
    </failure>
  </testcase> <!-- verifyCompaniesFilterFunOfPlacementForm1 -->
  <testcase name="verifyAccountMangerFilterFunOfPlacementForm" time="12.137" classname="com.staff.qa.testcases.PlacementPageTest"/>
  <testcase name="verifyAccountManagerFilterFunOfPlacementForm1" time="24.224" classname="com.staff.qa.testcases.PlacementPageTest">
    <failure type="java.lang.AssertionError" message="null">
      <![CDATA[java.lang.AssertionError: null
at com.staff.qa.testcases.PlacementPageTest.verifyAccountManagerFilterFunOfPlacementForm1(PlacementPageTest.java:1531)
... Removed 27 stack frames]]>
    </failure>
  </testcase> <!-- verifyAccountManagerFilterFunOfPlacementForm1 -->
  <testcase name="verifyPlacementDateFilterFunOfPlacementForm" time="21.942" classname="com.staff.qa.testcases.PlacementPageTest">
    <failure type="java.lang.AssertionError" message="null">
      <![CDATA[java.lang.AssertionError: null
at com.staff.qa.testcases.PlacementPageTest.verifyPlacementDateFilterFunOfPlacementForm(PlacementPageTest.java:1601)
... Removed 27 stack frames]]>
    </failure>
  </testcase> <!-- verifyPlacementDateFilterFunOfPlacementForm -->
  <testcase name="verifyInitiateOfferFunctionality" time="80.627" classname="com.staff.qa.testcases.PlacementPageTest"/>
  <testcase name="verifySubmitForApprovalFunctionality1" time="35.476" classname="com.staff.qa.testcases.PlacementPageTest">
    <failure type="java.lang.AssertionError" message="null">
      <![CDATA[java.lang.AssertionError: null
at com.staff.qa.testcases.PlacementPageTest.verifySubmitForApprovalFunctionality1(PlacementPageTest.java:2169)
... Removed 27 stack frames]]>
    </failure>
  </testcase> <!-- verifySubmitForApprovalFunctionality1 -->
  <testcase name="verifyApprovePlacementFunctionality_Validations" time="45.917" classname="com.staff.qa.testcases.PlacementPageTest">
    <failure type="java.lang.AssertionError" message="null">
      <![CDATA[java.lang.AssertionError: null
at com.staff.qa.testcases.PlacementPageTest.verifyApprovePlacementFunctionality_Validations(PlacementPageTest.java:2421)
... Removed 27 stack frames]]>
    </failure>
  </testcase> <!-- verifyApprovePlacementFunctionality_Validations -->
  <testcase name="verifyRejectPlacementFunctionality_Validations" time="58.411" classname="com.staff.qa.testcases.PlacementPageTest">
    <failure type="java.lang.AssertionError" message="null">
      <![CDATA[java.lang.AssertionError: null
at com.staff.qa.testcases.PlacementPageTest.verifyRejectPlacementFunctionality_Validations(PlacementPageTest.java:2479)
... Removed 27 stack frames]]>
    </failure>
  </testcase> <!-- verifyRejectPlacementFunctionality_Validations -->
  <testcase name="verifyAddNoteFunctionality" time="0.0" classname="com.staff.qa.testcases.PlacementPageTest">
    <ignored/>
  </testcase> <!-- verifyAddNoteFunctionality -->
  <testcase name="verifyCandidateEndedFilterData" time="0.0" classname="com.staff.qa.testcases.PlacementPageTest">
    <ignored/>
  </testcase> <!-- verifyCandidateEndedFilterData -->
  <testcase name="verifyCancelButtonFunGrossMarginOfPlacementForm" time="0.0" classname="com.staff.qa.testcases.PlacementPageTest">
    <ignored/>
  </testcase> <!-- verifyCancelButtonFunGrossMarginOfPlacementForm -->
  <testcase name="verifyBackedOutFilterData" time="0.0" classname="com.staff.qa.testcases.PlacementPageTest">
    <ignored/>
  </testcase> <!-- verifyBackedOutFilterData -->
  <testcase name="verifyCompaniesSearchTextBoxFunOfPlacementForm" time="0.0" classname="com.staff.qa.testcases.PlacementPageTest">
    <ignored/>
  </testcase> <!-- verifyCompaniesSearchTextBoxFunOfPlacementForm -->
  <testcase name="verifyUserNavigateToConsultantPage" time="0.0" classname="com.staff.qa.testcases.PlacementPageTest">
    <ignored/>
  </testcase> <!-- verifyUserNavigateToConsultantPage -->
  <testcase name="verifyEditGrossMarginOfPlacementFormFunctionality" time="0.0" classname="com.staff.qa.testcases.PlacementPageTest">
    <ignored/>
  </testcase> <!-- verifyEditGrossMarginOfPlacementFormFunctionality -->
  <testcase name="VerifyCandidateOnBillingPlacementCountInHeaderAndGrid" time="0.0" classname="com.staff.qa.testcases.PlacementPageTest">
    <ignored/>
  </testcase> <!-- VerifyCandidateOnBillingPlacementCountInHeaderAndGrid -->
  <testcase name="verifyApprovedFilterData" time="0.0" classname="com.staff.qa.testcases.PlacementPageTest">
    <ignored/>
  </testcase> <!-- verifyApprovedFilterData -->
  <testcase name="VerifyCandidateEndedPlacementCountInHeaderAndGrid" time="0.0" classname="com.staff.qa.testcases.PlacementPageTest">
    <ignored/>
  </testcase> <!-- VerifyCandidateEndedPlacementCountInHeaderAndGrid -->
  <testcase name="verifyOpenFilterData" time="0.0" classname="com.staff.qa.testcases.PlacementPageTest">
    <ignored/>
  </testcase> <!-- verifyOpenFilterData -->
  <testcase name="verifyCancelBtnFunOfAddNote" time="0.0" classname="com.staff.qa.testcases.PlacementPageTest">
    <ignored/>
  </testcase> <!-- verifyCancelBtnFunOfAddNote -->
  <testcase name="verifyCancelButtonFunConsultantDetailsOfPlacementForm" time="0.0" classname="com.staff.qa.testcases.PlacementPageTest">
    <ignored/>
  </testcase> <!-- verifyCancelButtonFunConsultantDetailsOfPlacementForm -->
  <testcase name="VerifyAllPlacementCountInHeaderAndGrid" time="0.0" classname="com.staff.qa.testcases.PlacementPageTest">
    <ignored/>
  </testcase> <!-- VerifyAllPlacementCountInHeaderAndGrid -->
  <testcase name="VerifyOpenPlacementCountInHeaderAndGrid" time="0.0" classname="com.staff.qa.testcases.PlacementPageTest">
    <ignored/>
  </testcase> <!-- VerifyOpenPlacementCountInHeaderAndGrid -->
  <testcase name="verifyAccountManagerSearchTextBoxFunOfPlacementForm" time="0.0" classname="com.staff.qa.testcases.PlacementPageTest">
    <ignored/>
  </testcase> <!-- verifyAccountManagerSearchTextBoxFunOfPlacementForm -->
  <testcase name="VerifyBackedOutPlacementCountInHeaderAndGrid" time="0.0" classname="com.staff.qa.testcases.PlacementPageTest">
    <ignored/>
  </testcase> <!-- VerifyBackedOutPlacementCountInHeaderAndGrid -->
  <testcase name="verifyCompaniesFilterFunOfPlacementForm" time="0.0" classname="com.staff.qa.testcases.PlacementPageTest">
    <ignored/>
  </testcase> <!-- verifyCompaniesFilterFunOfPlacementForm -->
  <testcase name="VerifyApprovedPlacementCountInHeaderAndGrid" time="0.0" classname="com.staff.qa.testcases.PlacementPageTest">
    <ignored/>
  </testcase> <!-- VerifyApprovedPlacementCountInHeaderAndGrid -->
  <testcase name="verifyPendingApprovalFilterData" time="0.0" classname="com.staff.qa.testcases.PlacementPageTest">
    <ignored/>
  </testcase> <!-- verifyPendingApprovalFilterData -->
  <testcase name="verifyDownloadPlacementFormFunctionality" time="0.0" classname="com.staff.qa.testcases.PlacementPageTest">
    <ignored/>
  </testcase> <!-- verifyDownloadPlacementFormFunctionality -->
  <testcase name="VerifyPendingApprovalPlacementCountInHeaderAndGrid" time="0.0" classname="com.staff.qa.testcases.PlacementPageTest">
    <ignored/>
  </testcase> <!-- VerifyPendingApprovalPlacementCountInHeaderAndGrid -->
  <testcase name="verifyCandidateOnBillingFilterData" time="0.0" classname="com.staff.qa.testcases.PlacementPageTest">
    <ignored/>
  </testcase> <!-- verifyCandidateOnBillingFilterData -->
</testsuite> <!-- Test(failed) -->
