<?xml version="1.0" encoding="UTF-8"?>
<!-- Generated by org.testng.reporters.JUnitXMLReporter -->
<testsuite hostname="Vijay-CH" ignored="0" name="Test" tests="1" failures="0" timestamp="19 Nov 2019 14:09:24 GMT" time="7.516" errors="0">
  <testcase name="@BeforeClass setupBeforeSuite" time="0.0" classname="com.staff.qa.base.BaseClass">
    <failure type="java.io.FileNotFoundException" message="D:\Personal Docs\Eclipse\E-Staff\src\main\java\com\staff\qa\testdata\TCResult_ExcelSheet.xls (The system cannot find the file specified)">
      <![CDATA[java.io.FileNotFoundException: D:\Personal Docs\Eclipse\E-Staff\src\main\java\com\staff\qa\testdata\TCResult_ExcelSheet.xls (The system cannot find the file specified)
at java.io.FileInputStream.open0(Native Method)
at java.io.FileInputStream.open(FileInputStream.java:195)
at java.io.FileInputStream.<init>(FileInputStream.java:138)
at java.io.FileInputStream.<init>(FileInputStream.java:93)
at com.staff.qa.base.BaseClass.setupBeforeSuite(BaseClass.java:191)
... Removed 26 stack frames]]>
    </failure>
  </testcase> <!-- @BeforeClass setupBeforeSuite -->
  <testcase name="@AfterMethod getResult" time="0.0" classname="com.staff.qa.base.BaseClass">
    <skipped/>
  </testcase> <!-- @AfterMethod getResult -->
  <testcase name="@AfterClass setupAfterSuite" time="0.0" classname="com.staff.qa.base.BaseClass">
    <skipped/>
  </testcase> <!-- @AfterClass setupAfterSuite -->
  <testcase name="@AfterTest endReport" time="0.0" classname="com.staff.qa.base.BaseClass">
    <skipped/>
  </testcase> <!-- @AfterTest endReport -->
  <testcase name="verifyUploadConsultant" time="0.0" classname="com.staff.qa.testcases.ConsultantPageTest">
    <skipped/>
  </testcase> <!-- verifyUploadConsultant -->
</testsuite> <!-- Test -->
