<?xml version="1.0" encoding="UTF-8"?>
<!-- Generated by org.testng.reporters.JUnitXMLReporter -->
<testsuite hostname="Vijay-CH" ignored="0" name="Test" tests="1" failures="1" timestamp="03 Dec 2019 08:35:20 GMT" time="50.38" errors="0">
  <testcase name="verifyShortlistConsultantFunctionality" time="33.841" classname="com.staff.qa.testcases.RequirementPageTest">
    <failure type="org.openqa.selenium.ElementClickInterceptedException" message="element click intercepted: Element &amp;lt;div tabindex=&amp;quot;-1&amp;quot; unselectable=&amp;quot;on&amp;quot; role=&amp;quot;gridcell&amp;quot; comp-id=&amp;quot;3412&amp;quot; col-id=&amp;quot;MyFavorite&amp;quot; class=&amp;quot;ag-cell ag-cell-not-inline-editing ag-cell-with-height ag-cell-no-focus favorite-star ag-cell-value&amp;quot; title=&amp;quot;false&amp;quot; style=&amp;quot;width: 41px; left: 42px; color: rgb(85, 86, 89); padding: 10px;&amp;quot;&amp;gt;...&amp;lt;/div&amp;gt; is not clickable at point (324, 182). Other element would receive the click: &amp;lt;div _ngcontent-c15=&amp;quot;&amp;quot; class=&amp;quot;overlay&amp;quot;&amp;gt;&amp;lt;/div&amp;gt;
  (Session info: chrome=78.0.3904.108)
Build info: version: &amp;apos;3.141.5&amp;apos;, revision: &amp;apos;d54ebd709a&amp;apos;, time: &amp;apos;2018-11-06T11:42:16&amp;apos;
System info: host: &amp;apos;VIJAY-CH&amp;apos;, ip: &amp;apos;10.20.8.248&amp;apos;, os.name: &amp;apos;Windows 10&amp;apos;, os.arch: &amp;apos;amd64&amp;apos;, os.version: &amp;apos;10.0&amp;apos;, java.version: &amp;apos;1.8.0_152&amp;apos;
Driver info: org.openqa.selenium.chrome.ChromeDriver
Capabilities {acceptInsecureCerts: false, browserName: chrome, browserVersion: 78.0.3904.108, chrome: {chromedriverVersion: 78.0.3904.70 (edb9c9f3de024..., userDataDir: C:\Users\chavan_v\AppData\L...}, goog:chromeOptions: {debuggerAddress: localhost:56445}, javascriptEnabled: true, networkConnectionEnabled: false, pageLoadStrategy: normal, platform: XP, platformName: XP, proxy: Proxy(), setWindowRect: true, strictFileInteractability: false, timeouts: {implicit: 0, pageLoad: 300000, script: 30000}, unhandledPromptBehavior: dismiss and notify}
Session ID: 524e2d63e1b191f9955d18f1515b184e">
      <![CDATA[org.openqa.selenium.ElementClickInterceptedException: element click intercepted: Element <div tabindex="-1" unselectable="on" role="gridcell" comp-id="3412" col-id="MyFavorite" class="ag-cell ag-cell-not-inline-editing ag-cell-with-height ag-cell-no-focus favorite-star ag-cell-value" title="false" style="width: 41px; left: 42px; color: rgb(85, 86, 89); padding: 10px;">...</div> is not clickable at point (324, 182). Other element would receive the click: <div _ngcontent-c15="" class="overlay"></div>
  (Session info: chrome=78.0.3904.108)
Build info: version: '3.141.5', revision: 'd54ebd709a', time: '2018-11-06T11:42:16'
System info: host: 'VIJAY-CH', ip: '10.20.8.248', os.name: 'Windows 10', os.arch: 'amd64', os.version: '10.0', java.version: '1.8.0_152'
Driver info: org.openqa.selenium.chrome.ChromeDriver
Capabilities {acceptInsecureCerts: false, browserName: chrome, browserVersion: 78.0.3904.108, chrome: {chromedriverVersion: 78.0.3904.70 (edb9c9f3de024..., userDataDir: C:\Users\chavan_v\AppData\L...}, goog:chromeOptions: {debuggerAddress: localhost:56445}, javascriptEnabled: true, networkConnectionEnabled: false, pageLoadStrategy: normal, platform: XP, platformName: XP, proxy: Proxy(), setWindowRect: true, strictFileInteractability: false, timeouts: {implicit: 0, pageLoad: 300000, script: 30000}, unhandledPromptBehavior: dismiss and notify}
Session ID: 524e2d63e1b191f9955d18f1515b184e
at org.openqa.selenium.remote.http.W3CHttpResponseCodec.createException(W3CHttpResponseCodec.java:187)
at org.openqa.selenium.remote.http.W3CHttpResponseCodec.decode(W3CHttpResponseCodec.java:122)
at org.openqa.selenium.remote.http.W3CHttpResponseCodec.decode(W3CHttpResponseCodec.java:49)
at org.openqa.selenium.remote.HttpCommandExecutor.execute(HttpCommandExecutor.java:158)
at org.openqa.selenium.remote.service.DriverCommandExecutor.execute(DriverCommandExecutor.java:83)
at org.openqa.selenium.remote.RemoteWebDriver.execute(RemoteWebDriver.java:552)
at org.openqa.selenium.remote.RemoteWebElement.execute(RemoteWebElement.java:285)
at org.openqa.selenium.remote.RemoteWebElement.click(RemoteWebElement.java:84)
at org.openqa.selenium.support.events.EventFiringWebDriver$EventFiringWebElement.lambda$new$0(EventFiringWebDriver.java:404)
at com.sun.proxy.$Proxy18.click(Unknown Source)
at org.openqa.selenium.support.events.EventFiringWebDriver$EventFiringWebElement.click(EventFiringWebDriver.java:417)
at com.staff.qa.testcases.RequirementPageTest.verifyShortlistConsultantFunctionality(RequirementPageTest.java:1471)
... Removed 32 stack frames]]>
    </failure>
  </testcase> <!-- verifyShortlistConsultantFunctionality -->
</testsuite> <!-- Test -->
