<?xml version="1.0" encoding="UTF-8"?>
<!-- Generated by org.testng.reporters.JUnitXMLReporter -->
<testsuite hostname="Vijay-CH" ignored="33" name="Test" tests="1" failures="1" timestamp="12 Nov 2019 04:31:03 GMT" time="21.825" errors="0">
  <testcase name="verifyUserNavigateToConsultantPage" time="2.048" classname="com.staff.qa.testcases.ConsultantPageTest">
    <failure type="java.lang.AssertionError" message="expected [http://10.20.14.79:1010/ATS.UI/#/consultants] but found [http://10.20.14.84:1010/ATS.UI_v1.0/#/consultants]">
      <![CDATA[java.lang.AssertionError: expected [http://10.20.14.79:1010/ATS.UI/#/consultants] but found [http://10.20.14.84:1010/ATS.UI_v1.0/#/consultants]
at com.staff.qa.testcases.ConsultantPageTest.verifyUserNavigateToConsultantPage(ConsultantPageTest.java:61)
at java.util.concurrent.ThreadPoolExecutor.runWorker(ThreadPoolExecutor.java:1149)
at java.util.concurrent.ThreadPoolExecutor$Worker.run(ThreadPoolExecutor.java:624)
at java.lang.Thread.run(Thread.java:748)
... Removed 16 stack frames]]>
    </failure>
  </testcase> <!-- verifyUserNavigateToConsultantPage -->
  <testcase name="verifyLinkRequirementToConsultant" time="0.0" classname="com.staff.qa.testcases.ConsultantPageTest">
    <ignored/>
  </testcase> <!-- verifyLinkRequirementToConsultant -->
  <testcase name="verifyAddNoteFunctionality" time="0.0" classname="com.staff.qa.testcases.ConsultantPageTest">
    <ignored/>
  </testcase> <!-- verifyAddNoteFunctionality -->
  <testcase name="verifyNavigateToScheduleMeetingPopUp" time="0.0" classname="com.staff.qa.testcases.ConsultantPageTest">
    <ignored/>
  </testcase> <!-- verifyNavigateToScheduleMeetingPopUp -->
  <testcase name="verifyUploadDocumentFunctionality" time="0.0" classname="com.staff.qa.testcases.ConsultantPageTest">
    <ignored/>
  </testcase> <!-- verifyUploadDocumentFunctionality -->
  <testcase name="getArchivedCount" time="0.0" classname="com.staff.qa.testcases.ConsultantPageTest">
    <ignored/>
  </testcase> <!-- getArchivedCount -->
  <testcase name="verifyValidationForEmailSubject" time="0.0" classname="com.staff.qa.testcases.ConsultantPageTest">
    <ignored/>
  </testcase> <!-- verifyValidationForEmailSubject -->
  <testcase name="verifyFunctionalityOfCancelButton" time="0.0" classname="com.staff.qa.testcases.ConsultantPageTest">
    <ignored/>
  </testcase> <!-- verifyFunctionalityOfCancelButton -->
  <testcase name="verifyCancelButtonFunctionalityOfEmail" time="0.0" classname="com.staff.qa.testcases.ConsultantPageTest">
    <ignored/>
  </testcase> <!-- verifyCancelButtonFunctionalityOfEmail -->
  <testcase name="verifyUploadDocumentAppearInGrid" time="0.0" classname="com.staff.qa.testcases.ConsultantPageTest">
    <ignored/>
  </testcase> <!-- verifyUploadDocumentAppearInGrid -->
  <testcase name="verifyCancelBtnFunOfScheduleMeetingPopUp" time="0.0" classname="com.staff.qa.testcases.ConsultantPageTest">
    <ignored/>
  </testcase> <!-- verifyCancelBtnFunOfScheduleMeetingPopUp -->
  <testcase name="verifyArchivedConsultantMapToRequirement" time="0.0" classname="com.staff.qa.testcases.ConsultantPageTest">
    <ignored/>
  </testcase> <!-- verifyArchivedConsultantMapToRequirement -->
  <testcase name="verifyDuplicateConsultant" time="0.0" classname="com.staff.qa.testcases.ConsultantPageTest">
    <ignored/>
  </testcase> <!-- verifyDuplicateConsultant -->
  <testcase name="getAvailableCount" time="0.0" classname="com.staff.qa.testcases.ConsultantPageTest">
    <ignored/>
  </testcase> <!-- getAvailableCount -->
  <testcase name="verifySetTheStatusToConsultant" time="0.0" classname="com.staff.qa.testcases.ConsultantPageTest">
    <ignored/>
  </testcase> <!-- verifySetTheStatusToConsultant -->
  <testcase name="verifyEditConsultantFunctionality" time="0.0" classname="com.staff.qa.testcases.ConsultantPageTest">
    <ignored/>
  </testcase> <!-- verifyEditConsultantFunctionality -->
  <testcase name="verifyDeleteRecentStatusFunctionality" time="0.0" classname="com.staff.qa.testcases.ConsultantPageTest">
    <ignored/>
  </testcase> <!-- verifyDeleteRecentStatusFunctionality -->
  <testcase name="getAllCount" time="0.0" classname="com.staff.qa.testcases.ConsultantPageTest">
    <ignored/>
  </testcase> <!-- getAllCount -->
  <testcase name="verifyUn_ArchiveFunctionality" time="0.0" classname="com.staff.qa.testcases.ConsultantPageTest">
    <ignored/>
  </testcase> <!-- verifyUn_ArchiveFunctionality -->
  <testcase name="verifyEmailFunctionality" time="0.0" classname="com.staff.qa.testcases.ConsultantPageTest">
    <ignored/>
  </testcase> <!-- verifyEmailFunctionality -->
  <testcase name="verifyCancelBtnFunOfAddNote" time="0.0" classname="com.staff.qa.testcases.ConsultantPageTest">
    <ignored/>
  </testcase> <!-- verifyCancelBtnFunOfAddNote -->
  <testcase name="verifyArchiveFunctionality" time="0.0" classname="com.staff.qa.testcases.ConsultantPageTest">
    <ignored/>
  </testcase> <!-- verifyArchiveFunctionality -->
  <testcase name="verifyValidationsInScheduleMeetingPopUp" time="0.0" classname="com.staff.qa.testcases.ConsultantPageTest">
    <ignored/>
  </testcase> <!-- verifyValidationsInScheduleMeetingPopUp -->
  <testcase name="verifyCancelButtonFunOfSetStatusPopUp" time="0.0" classname="com.staff.qa.testcases.ConsultantPageTest">
    <ignored/>
  </testcase> <!-- verifyCancelButtonFunOfSetStatusPopUp -->
  <testcase name="verifyDownloadResumeFunctionality" time="0.0" classname="com.staff.qa.testcases.ConsultantPageTest">
    <ignored/>
  </testcase> <!-- verifyDownloadResumeFunctionality -->
  <testcase name="verifyScheduleMeetingFunctionality" time="0.0" classname="com.staff.qa.testcases.ConsultantPageTest">
    <ignored/>
  </testcase> <!-- verifyScheduleMeetingFunctionality -->
  <testcase name="verifyAddNewConsulatantFormDisplayed" time="0.0" classname="com.staff.qa.testcases.ConsultantPageTest">
    <ignored/>
  </testcase> <!-- verifyAddNewConsulatantFormDisplayed -->
  <testcase name="verifyDownloadUploadedDocument" time="0.0" classname="com.staff.qa.testcases.ConsultantPageTest">
    <ignored/>
  </testcase> <!-- verifyDownloadUploadedDocument -->
  <testcase name="verifyViewResumeFunctionality" time="0.0" classname="com.staff.qa.testcases.ConsultantPageTest">
    <ignored/>
  </testcase> <!-- verifyViewResumeFunctionality -->
  <testcase name="getQualifiedCount" time="0.0" classname="com.staff.qa.testcases.ConsultantPageTest">
    <ignored/>
  </testcase> <!-- getQualifiedCount -->
  <testcase name="verifyCancelFunctionalityOfLinkRequirement" time="0.0" classname="com.staff.qa.testcases.ConsultantPageTest">
    <ignored/>
  </testcase> <!-- verifyCancelFunctionalityOfLinkRequirement -->
  <testcase name="verifyLinkRequirementToConsultant_alreadyExists" time="0.0" classname="com.staff.qa.testcases.ConsultantPageTest">
    <ignored/>
  </testcase> <!-- verifyLinkRequirementToConsultant_alreadyExists -->
  <testcase name="verifyAddNewConsultant" time="0.0" classname="com.staff.qa.testcases.ConsultantPageTest">
    <ignored/>
  </testcase> <!-- verifyAddNewConsultant -->
  <testcase name="verifyPageLable" time="0.0" classname="com.staff.qa.testcases.ConsultantPageTest">
    <ignored/>
  </testcase> <!-- verifyPageLable -->
</testsuite> <!-- Test -->
