<?xml version="1.0" encoding="UTF-8"?>
<!-- Generated by org.testng.reporters.JUnitXMLReporter -->
<testsuite hostname="Vijay-CH" ignored="0" name="Test" tests="5" failures="0" timestamp="11 Sep 2019 12:22:30 GMT" time="29.21" errors="0">
  <testcase name="logoutTest" time="0.288" classname="com.staff.qa.testcases.HomePageTest"/>
  <testcase name="verifyUserNameLableTest" time="0.193" classname="com.staff.qa.testcases.HomePageTest"/>
  <testcase name="loginPageTitleTest" time="0.016" classname="com.staff.qa.testcases.LoginPageTest"/>
  <testcase name="loginTest" time="0.343" classname="com.staff.qa.testcases.LoginPageTest"/>
  <testcase name="CompaniesPageURLTest" time="1.055" classname="com.staff.qa.testcases.CompaniesPageTest"/>
</testsuite> <!-- Test -->
