<?xml version="1.0" encoding="UTF-8"?>
<!-- Generated by org.testng.reporters.JUnitXMLReporter -->
<testsuite hostname="Vijay-CH" ignored="113" name="Test" tests="3" failures="2" timestamp="15 Nov 2019 12:31:14 GMT" time="173.075" errors="0">
  <testcase name="VerifyAllPlacementCountInHeaderAndGrid" time="10.018" classname="com.staff.qa.testcases.PlacementPageTest">
    <failure type="java.lang.AssertionError" message="null">
      <![CDATA[java.lang.AssertionError: null
at com.staff.qa.testcases.PlacementPageTest.VerifyAllPlacementCountInHeaderAndGrid(PlacementPageTest.java:108)
... Removed 27 stack frames]]>
    </failure>
  </testcase> <!-- VerifyAllPlacementCountInHeaderAndGrid -->
  <testcase name="verifyAddNewConsulatantFormDisplayed" time="19.587" classname="com.staff.qa.testcases.ConsultantPageTest"/>
  <testcase name="verifyAddNewConsultant" time="107.768" classname="com.staff.qa.testcases.ConsultantPageTest">
    <failure type="java.lang.AssertionError" message="null">
      <![CDATA[java.lang.AssertionError: null
at com.staff.qa.testcases.ConsultantPageTest.verifyAddNewConsultant(ConsultantPageTest.java:207)
... Removed 27 stack frames]]>
    </failure>
  </testcase> <!-- verifyAddNewConsultant -->
  <testcase name="verifyEditConsultantDetailsOfPlacementFormFunctionality" time="0.0" classname="com.staff.qa.testcases.PlacementPageTest">
    <ignored/>
  </testcase> <!-- verifyEditConsultantDetailsOfPlacementFormFunctionality -->
  <testcase name="verifyUserNavigateToConsultantPage" time="0.0" classname="com.staff.qa.testcases.PlacementPageTest">
    <ignored/>
  </testcase> <!-- verifyUserNavigateToConsultantPage -->
  <testcase name="verifySubmitForApprovalFunctionality1" time="0.0" classname="com.staff.qa.testcases.PlacementPageTest">
    <ignored/>
  </testcase> <!-- verifySubmitForApprovalFunctionality1 -->
  <testcase name="verifyCancelButtonFunctionalityOfEmail" time="0.0" classname="com.staff.qa.testcases.ConsultantPageTest">
    <ignored/>
  </testcase> <!-- verifyCancelButtonFunctionalityOfEmail -->
  <testcase name="verifyCancelButtonFunctionalityOfArchiveRequirementPopUp" time="0.0" classname="com.staff.qa.testcases.RequirementPageTest">
    <ignored/>
  </testcase> <!-- verifyCancelButtonFunctionalityOfArchiveRequirementPopUp -->
  <testcase name="verifyArchivedRequirementFunctionality" time="0.0" classname="com.staff.qa.testcases.RequirementPageTest">
    <ignored/>
  </testcase> <!-- verifyArchivedRequirementFunctionality -->
  <testcase name="verifyDuplicateConsultant" time="0.0" classname="com.staff.qa.testcases.ConsultantPageTest">
    <ignored/>
  </testcase> <!-- verifyDuplicateConsultant -->
  <testcase name="verifyUserNameLableTest" time="0.0" classname="com.staff.qa.testcases.HomePageTest">
    <ignored/>
  </testcase> <!-- verifyUserNameLableTest -->
  <testcase name="getAllCount" time="0.0" classname="com.staff.qa.testcases.ConsultantPageTest">
    <ignored/>
  </testcase> <!-- getAllCount -->
  <testcase name="verifyUserNavigateToConsultantPage" time="0.0" classname="com.staff.qa.testcases.RequirementPageTest">
    <ignored/>
  </testcase> <!-- verifyUserNavigateToConsultantPage -->
  <testcase name="verifyConsultantMapToRequirement" time="0.0" classname="com.staff.qa.testcases.RequirementPageTest">
    <ignored/>
  </testcase> <!-- verifyConsultantMapToRequirement -->
  <testcase name="verifyCancelBtnFunOfAddNote" time="0.0" classname="com.staff.qa.testcases.ConsultantPageTest">
    <ignored/>
  </testcase> <!-- verifyCancelBtnFunOfAddNote -->
  <testcase name="verifyApprovedFilterData" time="0.0" classname="com.staff.qa.testcases.PlacementPageTest">
    <ignored/>
  </testcase> <!-- verifyApprovedFilterData -->
  <testcase name="verifySetTheStatusToConsultant" time="0.0" classname="com.staff.qa.testcases.RequirementPageTest">
    <ignored/>
  </testcase> <!-- verifySetTheStatusToConsultant -->
  <testcase name="verifyDownloadUploadedDocument" time="0.0" classname="com.staff.qa.testcases.ConsultantPageTest">
    <ignored/>
  </testcase> <!-- verifyDownloadUploadedDocument -->
  <testcase name="verifyDownloadUploadedDocument_requirement" time="0.0" classname="com.staff.qa.testcases.RequirementPageTest">
    <ignored/>
  </testcase> <!-- verifyDownloadUploadedDocument_requirement -->
  <testcase name="VerifyPendingApprovalPlacementCountInHeaderAndGrid" time="0.0" classname="com.staff.qa.testcases.PlacementPageTest">
    <ignored/>
  </testcase> <!-- VerifyPendingApprovalPlacementCountInHeaderAndGrid -->
  <testcase name="verifyAddNoteFunctionality" time="0.0" classname="com.staff.qa.testcases.PlacementPageTest">
    <ignored/>
  </testcase> <!-- verifyAddNoteFunctionality -->
  <testcase name="verifyCandidateEndedFilterData" time="0.0" classname="com.staff.qa.testcases.PlacementPageTest">
    <ignored/>
  </testcase> <!-- verifyCandidateEndedFilterData -->
  <testcase name="verifyCancelButtonFunGrossMarginOfPlacementForm" time="0.0" classname="com.staff.qa.testcases.PlacementPageTest">
    <ignored/>
  </testcase> <!-- verifyCancelButtonFunGrossMarginOfPlacementForm -->
  <testcase name="verifyInitiateOfferFunctionality" time="0.0" classname="com.staff.qa.testcases.PlacementPageTest">
    <ignored/>
  </testcase> <!-- verifyInitiateOfferFunctionality -->
  <testcase name="verifyCancelButtonFunClientAssignmentOfPlacementForm" time="0.0" classname="com.staff.qa.testcases.PlacementPageTest">
    <ignored/>
  </testcase> <!-- verifyCancelButtonFunClientAssignmentOfPlacementForm -->
  <testcase name="verifyUploadDocumentAppearInGrid" time="0.0" classname="com.staff.qa.testcases.ConsultantPageTest">
    <ignored/>
  </testcase> <!-- verifyUploadDocumentAppearInGrid -->
  <testcase name="verifyValidationMessageForClosureReason" time="0.0" classname="com.staff.qa.testcases.RequirementPageTest">
    <ignored/>
  </testcase> <!-- verifyValidationMessageForClosureReason -->
  <testcase name="verifyCancelButtonFunOfSetStatusPopUp" time="0.0" classname="com.staff.qa.testcases.RequirementPageTest">
    <ignored/>
  </testcase> <!-- verifyCancelButtonFunOfSetStatusPopUp -->
  <testcase name="logoutTest" time="0.0" classname="com.staff.qa.testcases.HomePageTest">
    <ignored/>
  </testcase> <!-- logoutTest -->
  <testcase name="verifyDeleteRecentStatusFunctionality" time="0.0" classname="com.staff.qa.testcases.ConsultantPageTest">
    <ignored/>
  </testcase> <!-- verifyDeleteRecentStatusFunctionality -->
  <testcase name="verifyUn_ArchiveFunctionality" time="0.0" classname="com.staff.qa.testcases.ConsultantPageTest">
    <ignored/>
  </testcase> <!-- verifyUn_ArchiveFunctionality -->
  <testcase name="verifyEditRequirementFunctionality" time="0.0" classname="com.staff.qa.testcases.RequirementPageTest">
    <ignored/>
  </testcase> <!-- verifyEditRequirementFunctionality -->
  <testcase name="verifyCompaniesSearchTextBoxFunOfPlacementForm" time="0.0" classname="com.staff.qa.testcases.PlacementPageTest">
    <ignored/>
  </testcase> <!-- verifyCompaniesSearchTextBoxFunOfPlacementForm -->
  <testcase name="validateLoginFunctionalityForIncorrectUserNamePassword" time="0.0" classname="com.staff.qa.testcases.LoginPageTest">
    <ignored/>
  </testcase> <!-- validateLoginFunctionalityForIncorrectUserNamePassword -->
  <testcase name="verifyAddNoteFunctionality" time="0.0" classname="com.staff.qa.testcases.RequirementPageTest">
    <ignored/>
  </testcase> <!-- verifyAddNoteFunctionality -->
  <testcase name="verifyEditGrossMarginOfPlacementFormFunctionality" time="0.0" classname="com.staff.qa.testcases.PlacementPageTest">
    <ignored/>
  </testcase> <!-- verifyEditGrossMarginOfPlacementFormFunctionality -->
  <testcase name="verifyUploadDocumentFunctionality" time="0.0" classname="com.staff.qa.testcases.RequirementPageTest">
    <ignored/>
  </testcase> <!-- verifyUploadDocumentFunctionality -->
  <testcase name="verifyAddNewRequirementBtnClickable" time="0.0" classname="com.staff.qa.testcases.RequirementPageTest">
    <ignored/>
  </testcase> <!-- verifyAddNewRequirementBtnClickable -->
  <testcase name="verifyValidationsInScheduleMeetingPopUp" time="0.0" classname="com.staff.qa.testcases.ConsultantPageTest">
    <ignored/>
  </testcase> <!-- verifyValidationsInScheduleMeetingPopUp -->
  <testcase name="verifyValidationMessageForClosuredate" time="0.0" classname="com.staff.qa.testcases.RequirementPageTest">
    <ignored/>
  </testcase> <!-- verifyValidationMessageForClosuredate -->
  <testcase name="validateUsernameMessageForIncorrectUsername" time="0.0" classname="com.staff.qa.testcases.LoginPageTest">
    <ignored/>
  </testcase> <!-- validateUsernameMessageForIncorrectUsername -->
  <testcase name="getOpenRequirementCount" time="0.0" classname="com.staff.qa.testcases.RequirementPageTest">
    <ignored/>
  </testcase> <!-- getOpenRequirementCount -->
  <testcase name="getAllRequirementCount" time="0.0" classname="com.staff.qa.testcases.RequirementPageTest">
    <ignored/>
  </testcase> <!-- getAllRequirementCount -->
  <testcase name="@BeforeTest setExtentReport" time="0.0" classname="com.staff.qa.base.BaseClass">
    <ignored/>
  </testcase> <!-- @BeforeTest setExtentReport -->
  <testcase name="@BeforeTest setExtentReport" time="0.0" classname="com.staff.qa.base.BaseClass">
    <ignored/>
  </testcase> <!-- @BeforeTest setExtentReport -->
  <testcase name="@BeforeTest setExtentReport" time="0.0" classname="com.staff.qa.base.BaseClass">
    <ignored/>
  </testcase> <!-- @BeforeTest setExtentReport -->
  <testcase name="@BeforeTest setExtentReport" time="0.0" classname="com.staff.qa.base.BaseClass">
    <ignored/>
  </testcase> <!-- @BeforeTest setExtentReport -->
  <testcase name="@BeforeTest setExtentReport" time="0.0" classname="com.staff.qa.base.BaseClass">
    <ignored/>
  </testcase> <!-- @BeforeTest setExtentReport -->
  <testcase name="verifyViewResumeFunctionality" time="0.0" classname="com.staff.qa.testcases.ConsultantPageTest">
    <ignored/>
  </testcase> <!-- verifyViewResumeFunctionality -->
  <testcase name="VerifyApprovedPlacementCountInHeaderAndGrid" time="0.0" classname="com.staff.qa.testcases.PlacementPageTest">
    <ignored/>
  </testcase> <!-- VerifyApprovedPlacementCountInHeaderAndGrid -->
  <testcase name="verifyLinkRequirementToConsultant_alreadyExists" time="0.0" classname="com.staff.qa.testcases.ConsultantPageTest">
    <ignored/>
  </testcase> <!-- verifyLinkRequirementToConsultant_alreadyExists -->
  <testcase name="verifyDownloadPlacementFormFunctionality" time="0.0" classname="com.staff.qa.testcases.PlacementPageTest">
    <ignored/>
  </testcase> <!-- verifyDownloadPlacementFormFunctionality -->
  <testcase name="verifyPageLable" time="0.0" classname="com.staff.qa.testcases.ConsultantPageTest">
    <ignored/>
  </testcase> <!-- verifyPageLable -->
  <testcase name="verifyArchivedConsultantMapToRequirement" time="0.0" classname="com.staff.qa.testcases.RequirementPageTest">
    <ignored/>
  </testcase> <!-- verifyArchivedConsultantMapToRequirement -->
  <testcase name="verifyCancelBtnFunOfAddNote" time="0.0" classname="com.staff.qa.testcases.RequirementPageTest">
    <ignored/>
  </testcase> <!-- verifyCancelBtnFunOfAddNote -->
  <testcase name="VerifyCandidateOnBillingPlacementCountInHeaderAndGrid" time="0.0" classname="com.staff.qa.testcases.PlacementPageTest">
    <ignored/>
  </testcase> <!-- VerifyCandidateOnBillingPlacementCountInHeaderAndGrid -->
  <testcase name="getArchivedCount" time="0.0" classname="com.staff.qa.testcases.ConsultantPageTest">
    <ignored/>
  </testcase> <!-- getArchivedCount -->
  <testcase name="verifyUserNavigateToConsultantPage" time="0.0" classname="com.staff.qa.testcases.ConsultantPageTest">
    <ignored/>
  </testcase> <!-- verifyUserNavigateToConsultantPage -->
  <testcase name="verifyPlacedConsultantAppearInPlacement_FromRequirement" time="0.0" classname="com.staff.qa.testcases.PlacementPageTest">
    <ignored/>
  </testcase> <!-- verifyPlacedConsultantAppearInPlacement_FromRequirement -->
  <testcase name="VerifyOpenPlacementCountInHeaderAndGrid" time="0.0" classname="com.staff.qa.testcases.PlacementPageTest">
    <ignored/>
  </testcase> <!-- VerifyOpenPlacementCountInHeaderAndGrid -->
  <testcase name="verifyCancelBtnFunOfScheduleMeetingPopUp" time="0.0" classname="com.staff.qa.testcases.ConsultantPageTest">
    <ignored/>
  </testcase> <!-- verifyCancelBtnFunOfScheduleMeetingPopUp -->
  <testcase name="verifyValidationsForAddNewRequirement" time="0.0" classname="com.staff.qa.testcases.RequirementPageTest">
    <ignored/>
  </testcase> <!-- verifyValidationsForAddNewRequirement -->
  <testcase name="verifyAccountManagerSearchTextBoxFunOfPlacementForm" time="0.0" classname="com.staff.qa.testcases.PlacementPageTest">
    <ignored/>
  </testcase> <!-- verifyAccountManagerSearchTextBoxFunOfPlacementForm -->
  <testcase name="VerifyBackedOutPlacementCountInHeaderAndGrid" time="0.0" classname="com.staff.qa.testcases.PlacementPageTest">
    <ignored/>
  </testcase> <!-- VerifyBackedOutPlacementCountInHeaderAndGrid -->
  <testcase name="verifyPendingApprovalFilterData" time="0.0" classname="com.staff.qa.testcases.PlacementPageTest">
    <ignored/>
  </testcase> <!-- verifyPendingApprovalFilterData -->
  <testcase name="getAvailableCount" time="0.0" classname="com.staff.qa.testcases.ConsultantPageTest">
    <ignored/>
  </testcase> <!-- getAvailableCount -->
  <testcase name="verifySetTheStatusToConsultant" time="0.0" classname="com.staff.qa.testcases.ConsultantPageTest">
    <ignored/>
  </testcase> <!-- verifySetTheStatusToConsultant -->
  <testcase name="verifyEditConsultantFunctionality" time="0.0" classname="com.staff.qa.testcases.ConsultantPageTest">
    <ignored/>
  </testcase> <!-- verifyEditConsultantFunctionality -->
  <testcase name="verifyBackedOutFilterData" time="0.0" classname="com.staff.qa.testcases.PlacementPageTest">
    <ignored/>
  </testcase> <!-- verifyBackedOutFilterData -->
  <testcase name="validateMessageForBlankPasswordIncorrectUsername" time="0.0" classname="com.staff.qa.testcases.LoginPageTest">
    <ignored/>
  </testcase> <!-- validateMessageForBlankPasswordIncorrectUsername -->
  <testcase name="verifyArchiveFunctionality" time="0.0" classname="com.staff.qa.testcases.ConsultantPageTest">
    <ignored/>
  </testcase> <!-- verifyArchiveFunctionality -->
  <testcase name="verifyOpenFilterData" time="0.0" classname="com.staff.qa.testcases.PlacementPageTest">
    <ignored/>
  </testcase> <!-- verifyOpenFilterData -->
  <testcase name="verifyCancelBtnFunOfAddNote" time="0.0" classname="com.staff.qa.testcases.PlacementPageTest">
    <ignored/>
  </testcase> <!-- verifyCancelBtnFunOfAddNote -->
  <testcase name="verifyAccountManagerFilterFunOfPlacementForm1" time="0.0" classname="com.staff.qa.testcases.PlacementPageTest">
    <ignored/>
  </testcase> <!-- verifyAccountManagerFilterFunOfPlacementForm1 -->
  <testcase name="verifyCancelBtnFunOfMapConsultantWindow" time="0.0" classname="com.staff.qa.testcases.RequirementPageTest">
    <ignored/>
  </testcase> <!-- verifyCancelBtnFunOfMapConsultantWindow -->
  <testcase name="verifyDownloadResumeFunctionality" time="0.0" classname="com.staff.qa.testcases.ConsultantPageTest">
    <ignored/>
  </testcase> <!-- verifyDownloadResumeFunctionality -->
  <testcase name="verifyEditJobDescriptionFunctionality" time="0.0" classname="com.staff.qa.testcases.RequirementPageTest">
    <ignored/>
  </testcase> <!-- verifyEditJobDescriptionFunctionality -->
  <testcase name="verifyScheduleMeetingFunctionality" time="0.0" classname="com.staff.qa.testcases.ConsultantPageTest">
    <ignored/>
  </testcase> <!-- verifyScheduleMeetingFunctionality -->
  <testcase name="loginTest" time="0.0" classname="com.staff.qa.testcases.LoginPageTest">
    <ignored/>
  </testcase> <!-- loginTest -->
  <testcase name="verifyCompaniesFilterFunOfPlacementForm" time="0.0" classname="com.staff.qa.testcases.PlacementPageTest">
    <ignored/>
  </testcase> <!-- verifyCompaniesFilterFunOfPlacementForm -->
  <testcase name="verifyCancelBtnFunOfUploadDocPopUp_requirement" time="0.0" classname="com.staff.qa.testcases.RequirementPageTest">
    <ignored/>
  </testcase> <!-- verifyCancelBtnFunOfUploadDocPopUp_requirement -->
  <testcase name="getQualifiedCount" time="0.0" classname="com.staff.qa.testcases.ConsultantPageTest">
    <ignored/>
  </testcase> <!-- getQualifiedCount -->
  <testcase name="verifyCandidateOnBillingFilterData" time="0.0" classname="com.staff.qa.testcases.PlacementPageTest">
    <ignored/>
  </testcase> <!-- verifyCandidateOnBillingFilterData -->
  <testcase name="verifyApprovePlacementFunctionality_Validations" time="0.0" classname="com.staff.qa.testcases.PlacementPageTest">
    <ignored/>
  </testcase> <!-- verifyApprovePlacementFunctionality_Validations -->
  <testcase name="verifyFunctionalityOfCancelButtonOfAddNewForm" time="0.0" classname="com.staff.qa.testcases.RequirementPageTest">
    <ignored/>
  </testcase> <!-- verifyFunctionalityOfCancelButtonOfAddNewForm -->
  <testcase name="validateMessageForBlankUsernamePassword" time="0.0" classname="com.staff.qa.testcases.LoginPageTest">
    <ignored/>
  </testcase> <!-- validateMessageForBlankUsernamePassword -->
  <testcase name="verifyLinkRequirementToConsultant" time="0.0" classname="com.staff.qa.testcases.ConsultantPageTest">
    <ignored/>
  </testcase> <!-- verifyLinkRequirementToConsultant -->
  <testcase name="verifyAddNoteFunctionality" time="0.0" classname="com.staff.qa.testcases.ConsultantPageTest">
    <ignored/>
  </testcase> <!-- verifyAddNoteFunctionality -->
  <testcase name="verifyNavigateToScheduleMeetingPopUp" time="0.0" classname="com.staff.qa.testcases.ConsultantPageTest">
    <ignored/>
  </testcase> <!-- verifyNavigateToScheduleMeetingPopUp -->
  <testcase name="verifyAddRequirementFunctionality" time="0.0" classname="com.staff.qa.testcases.RequirementPageTest">
    <ignored/>
  </testcase> <!-- verifyAddRequirementFunctionality -->
  <testcase name="verifyUploadDocumentFunctionality" time="0.0" classname="com.staff.qa.testcases.ConsultantPageTest">
    <ignored/>
  </testcase> <!-- verifyUploadDocumentFunctionality -->
  <testcase name="verifyDeleteRecentStatusFunctionality" time="0.0" classname="com.staff.qa.testcases.RequirementPageTest">
    <ignored/>
  </testcase> <!-- verifyDeleteRecentStatusFunctionality -->
  <testcase name="verifyConsultantMapToRequirement_alreadyExists" time="0.0" classname="com.staff.qa.testcases.RequirementPageTest">
    <ignored/>
  </testcase> <!-- verifyConsultantMapToRequirement_alreadyExists -->
  <testcase name="verifyCompaniesFilterFunOfPlacementForm1" time="0.0" classname="com.staff.qa.testcases.PlacementPageTest">
    <ignored/>
  </testcase> <!-- verifyCompaniesFilterFunOfPlacementForm1 -->
  <testcase name="verifyValidationForEmailSubject" time="0.0" classname="com.staff.qa.testcases.ConsultantPageTest">
    <ignored/>
  </testcase> <!-- verifyValidationForEmailSubject -->
  <testcase name="verifyFunctionalityOfCancelButton" time="0.0" classname="com.staff.qa.testcases.ConsultantPageTest">
    <ignored/>
  </testcase> <!-- verifyFunctionalityOfCancelButton -->
  <testcase name="CompaniesPageURLTest" time="0.0" classname="com.staff.qa.testcases.CompaniesPageTest">
    <ignored/>
  </testcase> <!-- CompaniesPageURLTest -->
  <testcase name="verifyViewResumeFunctionality" time="0.0" classname="com.staff.qa.testcases.RequirementPageTest">
    <ignored/>
  </testcase> <!-- verifyViewResumeFunctionality -->
  <testcase name="validatePasswordMessageForIncorrectPassword" time="0.0" classname="com.staff.qa.testcases.LoginPageTest">
    <ignored/>
  </testcase> <!-- validatePasswordMessageForIncorrectPassword -->
  <testcase name="verifyArchivedConsultantMapToRequirement" time="0.0" classname="com.staff.qa.testcases.ConsultantPageTest">
    <ignored/>
  </testcase> <!-- verifyArchivedConsultantMapToRequirement -->
  <testcase name="verifyEmailFunctionality" time="0.0" classname="com.staff.qa.testcases.ConsultantPageTest">
    <ignored/>
  </testcase> <!-- verifyEmailFunctionality -->
  <testcase name="loginPageTitleTest" time="0.0" classname="com.staff.qa.testcases.LoginPageTest">
    <ignored/>
  </testcase> <!-- loginPageTitleTest -->
  <testcase name="VerifyCandidateEndedPlacementCountInHeaderAndGrid" time="0.0" classname="com.staff.qa.testcases.PlacementPageTest">
    <ignored/>
  </testcase> <!-- VerifyCandidateEndedPlacementCountInHeaderAndGrid -->
  <testcase name="verifyAccountMangerFilterFunOfPlacementForm" time="0.0" classname="com.staff.qa.testcases.PlacementPageTest">
    <ignored/>
  </testcase> <!-- verifyAccountMangerFilterFunOfPlacementForm -->
  <testcase name="verifyBackedOutConsultantFunctionality" time="0.0" classname="com.staff.qa.testcases.PlacementPageTest">
    <ignored/>
  </testcase> <!-- verifyBackedOutConsultantFunctionality -->
  <testcase name="verifyCancelButtonFunConsultantDetailsOfPlacementForm" time="0.0" classname="com.staff.qa.testcases.PlacementPageTest">
    <ignored/>
  </testcase> <!-- verifyCancelButtonFunConsultantDetailsOfPlacementForm -->
  <testcase name="verifyUnArchivedRequirementFunctionality" time="0.0" classname="com.staff.qa.testcases.RequirementPageTest">
    <ignored/>
  </testcase> <!-- verifyUnArchivedRequirementFunctionality -->
  <testcase name="verifyRejectPlacementFunctionality_Validations" time="0.0" classname="com.staff.qa.testcases.PlacementPageTest">
    <ignored/>
  </testcase> <!-- verifyRejectPlacementFunctionality_Validations -->
  <testcase name="verifyCancelButtonFunOfSetStatusPopUp" time="0.0" classname="com.staff.qa.testcases.ConsultantPageTest">
    <ignored/>
  </testcase> <!-- verifyCancelButtonFunOfSetStatusPopUp -->
  <testcase name="getArchivedRequirementCount" time="0.0" classname="com.staff.qa.testcases.RequirementPageTest">
    <ignored/>
  </testcase> <!-- getArchivedRequirementCount -->
  <testcase name="validateUsernameMessageForBalankUsername" time="0.0" classname="com.staff.qa.testcases.LoginPageTest">
    <ignored/>
  </testcase> <!-- validateUsernameMessageForBalankUsername -->
  <testcase name="verifyEditClientAssignmentFieldsOfPlacementFormFunctionality" time="0.0" classname="com.staff.qa.testcases.PlacementPageTest">
    <ignored/>
  </testcase> <!-- verifyEditClientAssignmentFieldsOfPlacementFormFunctionality -->
  <testcase name="verifyUploadDocumentAppearInGrid" time="0.0" classname="com.staff.qa.testcases.RequirementPageTest">
    <ignored/>
  </testcase> <!-- verifyUploadDocumentAppearInGrid -->
  <testcase name="verifyCancelFunctionalityOfLinkRequirement" time="0.0" classname="com.staff.qa.testcases.ConsultantPageTest">
    <ignored/>
  </testcase> <!-- verifyCancelFunctionalityOfLinkRequirement -->
  <testcase name="verifyPlacedConsultantAppearInPlacement_FromConsultant" time="0.0" classname="com.staff.qa.testcases.PlacementPageTest">
    <ignored/>
  </testcase> <!-- verifyPlacedConsultantAppearInPlacement_FromConsultant -->
  <testcase name="validatePasswordMessageForBlankPassword" time="0.0" classname="com.staff.qa.testcases.LoginPageTest">
    <ignored/>
  </testcase> <!-- validatePasswordMessageForBlankPassword -->
</testsuite> <!-- Test -->
