<?xml version="1.0" encoding="UTF-8"?>
<!-- Generated by org.testng.reporters.JUnitXMLReporter -->
<testsuite hostname="Vijay-CH" ignored="33" name="Test" tests="1" failures="1" timestamp="25 Oct 2019 09:36:00 GMT" time="71.738" errors="0">
  <testcase name="verifyAddNewConsultant" time="62.128" classname="com.staff.qa.testcases.ConsultantPageTest">
    <failure type="java.lang.AssertionError" message="null">
      <![CDATA[java.lang.AssertionError: null
at com.staff.qa.testcases.ConsultantPageTest.verifyAddNewConsultant(ConsultantPageTest.java:190)
... Removed 27 stack frames]]>
    </failure>
  </testcase> <!-- verifyAddNewConsultant -->
  <testcase name="verifyLinkRequirementToConsultant" time="0.0" classname="com.staff.qa.testcases.ConsultantPageTest">
    <ignored/>
  </testcase> <!-- verifyLinkRequirementToConsultant -->
  <testcase name="verifyAddNoteFunctionality" time="0.0" classname="com.staff.qa.testcases.ConsultantPageTest">
    <ignored/>
  </testcase> <!-- verifyAddNoteFunctionality -->
  <testcase name="verifyNavigateToScheduleMeetingPopUp" time="0.0" classname="com.staff.qa.testcases.ConsultantPageTest">
    <ignored/>
  </testcase> <!-- verifyNavigateToScheduleMeetingPopUp -->
  <testcase name="verifyUploadDocumentFunctionality" time="0.0" classname="com.staff.qa.testcases.ConsultantPageTest">
    <ignored/>
  </testcase> <!-- verifyUploadDocumentFunctionality -->
  <testcase name="getArchivedCount" time="0.0" classname="com.staff.qa.testcases.ConsultantPageTest">
    <ignored/>
  </testcase> <!-- getArchivedCount -->
  <testcase name="verifyUserNavigateToConsultantPage" time="0.0" classname="com.staff.qa.testcases.ConsultantPageTest">
    <ignored/>
  </testcase> <!-- verifyUserNavigateToConsultantPage -->
  <testcase name="verifyValidationForEmailSubject" time="0.0" classname="com.staff.qa.testcases.ConsultantPageTest">
    <ignored/>
  </testcase> <!-- verifyValidationForEmailSubject -->
  <testcase name="verifyFunctionalityOfCancelButton" time="0.0" classname="com.staff.qa.testcases.ConsultantPageTest">
    <ignored/>
  </testcase> <!-- verifyFunctionalityOfCancelButton -->
  <testcase name="verifyCancelButtonFunctionalityOfEmail" time="0.0" classname="com.staff.qa.testcases.ConsultantPageTest">
    <ignored/>
  </testcase> <!-- verifyCancelButtonFunctionalityOfEmail -->
  <testcase name="verifyUploadDocumentAppearInGrid" time="0.0" classname="com.staff.qa.testcases.ConsultantPageTest">
    <ignored/>
  </testcase> <!-- verifyUploadDocumentAppearInGrid -->
  <testcase name="verifyCancelBtnFunOfScheduleMeetingPopUp" time="0.0" classname="com.staff.qa.testcases.ConsultantPageTest">
    <ignored/>
  </testcase> <!-- verifyCancelBtnFunOfScheduleMeetingPopUp -->
  <testcase name="verifyArchivedConsultantMapToRequirement" time="0.0" classname="com.staff.qa.testcases.ConsultantPageTest">
    <ignored/>
  </testcase> <!-- verifyArchivedConsultantMapToRequirement -->
  <testcase name="verifyDuplicateConsultant" time="0.0" classname="com.staff.qa.testcases.ConsultantPageTest">
    <ignored/>
  </testcase> <!-- verifyDuplicateConsultant -->
  <testcase name="getAvailableCount" time="0.0" classname="com.staff.qa.testcases.ConsultantPageTest">
    <ignored/>
  </testcase> <!-- getAvailableCount -->
  <testcase name="verifySetTheStatusToConsultant" time="0.0" classname="com.staff.qa.testcases.ConsultantPageTest">
    <ignored/>
  </testcase> <!-- verifySetTheStatusToConsultant -->
  <testcase name="verifyEditConsultantFunctionality" time="0.0" classname="com.staff.qa.testcases.ConsultantPageTest">
    <ignored/>
  </testcase> <!-- verifyEditConsultantFunctionality -->
  <testcase name="verifyUn_ArchiveFunctionality" time="0.0" classname="com.staff.qa.testcases.ConsultantPageTest">
    <ignored/>
  </testcase> <!-- verifyUn_ArchiveFunctionality -->
  <testcase name="getAllCount" time="0.0" classname="com.staff.qa.testcases.ConsultantPageTest">
    <ignored/>
  </testcase> <!-- getAllCount -->
  <testcase name="verifyDeleteRecentStatusFunctionality" time="0.0" classname="com.staff.qa.testcases.ConsultantPageTest">
    <ignored/>
  </testcase> <!-- verifyDeleteRecentStatusFunctionality -->
  <testcase name="verifyEmailFunctionality" time="0.0" classname="com.staff.qa.testcases.ConsultantPageTest">
    <ignored/>
  </testcase> <!-- verifyEmailFunctionality -->
  <testcase name="verifyCancelBtnFunOfAddNote" time="0.0" classname="com.staff.qa.testcases.ConsultantPageTest">
    <ignored/>
  </testcase> <!-- verifyCancelBtnFunOfAddNote -->
  <testcase name="verifyArchiveFunctionality" time="0.0" classname="com.staff.qa.testcases.ConsultantPageTest">
    <ignored/>
  </testcase> <!-- verifyArchiveFunctionality -->
  <testcase name="verifyValidationsInScheduleMeetingPopUp" time="0.0" classname="com.staff.qa.testcases.ConsultantPageTest">
    <ignored/>
  </testcase> <!-- verifyValidationsInScheduleMeetingPopUp -->
  <testcase name="verifyCancelButtonFunOfSetStatusPopUp" time="0.0" classname="com.staff.qa.testcases.ConsultantPageTest">
    <ignored/>
  </testcase> <!-- verifyCancelButtonFunOfSetStatusPopUp -->
  <testcase name="verifyDownloadResumeFunctionality" time="0.0" classname="com.staff.qa.testcases.ConsultantPageTest">
    <ignored/>
  </testcase> <!-- verifyDownloadResumeFunctionality -->
  <testcase name="verifyScheduleMeetingFunctionality" time="0.0" classname="com.staff.qa.testcases.ConsultantPageTest">
    <ignored/>
  </testcase> <!-- verifyScheduleMeetingFunctionality -->
  <testcase name="verifyAddNewConsulatantFormDisplayed" time="0.0" classname="com.staff.qa.testcases.ConsultantPageTest">
    <ignored/>
  </testcase> <!-- verifyAddNewConsulatantFormDisplayed -->
  <testcase name="verifyDownloadUploadedDocument" time="0.0" classname="com.staff.qa.testcases.ConsultantPageTest">
    <ignored/>
  </testcase> <!-- verifyDownloadUploadedDocument -->
  <testcase name="verifyViewResumeFunctionality" time="0.0" classname="com.staff.qa.testcases.ConsultantPageTest">
    <ignored/>
  </testcase> <!-- verifyViewResumeFunctionality -->
  <testcase name="getQualifiedCount" time="0.0" classname="com.staff.qa.testcases.ConsultantPageTest">
    <ignored/>
  </testcase> <!-- getQualifiedCount -->
  <testcase name="verifyCancelFunctionalityOfLinkRequirement" time="0.0" classname="com.staff.qa.testcases.ConsultantPageTest">
    <ignored/>
  </testcase> <!-- verifyCancelFunctionalityOfLinkRequirement -->
  <testcase name="verifyLinkRequirementToConsultant_alreadyExists" time="0.0" classname="com.staff.qa.testcases.ConsultantPageTest">
    <ignored/>
  </testcase> <!-- verifyLinkRequirementToConsultant_alreadyExists -->
  <testcase name="verifyPageLable" time="0.0" classname="com.staff.qa.testcases.ConsultantPageTest">
    <ignored/>
  </testcase> <!-- verifyPageLable -->
</testsuite> <!-- Test -->
