<?xml version="1.0" encoding="UTF-8"?>
<!-- Generated by org.testng.reporters.JUnitXMLReporter -->
<testsuite hostname="Vijay-CH" ignored="29" name="Default test(failed)(failed)(failed)" tests="7" failures="5" timestamp="15 Nov 2019 11:56:04 GMT" time="487.635" errors="0">
  <testcase name="verifyUserNavigateToConsultantPage" time="8.042" classname="com.staff.qa.testcases.PlacementPageTest">
    <failure type="java.lang.AssertionError" message="expected [http://10.20.14.79:1010/ATS.UI/#/placements] but found [http://10.20.14.84:1010/ATS.UI_v1.0/#/placements]">
      <![CDATA[java.lang.AssertionError: expected [http://10.20.14.79:1010/ATS.UI/#/placements] but found [http://10.20.14.84:1010/ATS.UI_v1.0/#/placements]
at com.staff.qa.testcases.PlacementPageTest.verifyUserNavigateToConsultantPage(PlacementPageTest.java:77)
... Removed 31 stack frames]]>
    </failure>
  </testcase> <!-- verifyUserNavigateToConsultantPage -->
  <testcase name="verifyPlacedConsultantAppearInPlacement_FromRequirement" time="90.276" classname="com.staff.qa.testcases.PlacementPageTest">
    <failure type="java.lang.AssertionError" message="null">
      <![CDATA[java.lang.AssertionError: null
at com.staff.qa.testcases.PlacementPageTest.verifyPlacedConsultantAppearInPlacement_FromRequirement(PlacementPageTest.java:352)
... Removed 27 stack frames]]>
    </failure>
  </testcase> <!-- verifyPlacedConsultantAppearInPlacement_FromRequirement -->
  <testcase name="verifyPlacedConsultantAppearInPlacement_FromConsultant" time="79.698" classname="com.staff.qa.testcases.PlacementPageTest">
    <failure type="java.lang.AssertionError" message="null">
      <![CDATA[java.lang.AssertionError: null
at com.staff.qa.testcases.PlacementPageTest.verifyPlacedConsultantAppearInPlacement_FromConsultant(PlacementPageTest.java:453)
... Removed 27 stack frames]]>
    </failure>
  </testcase> <!-- verifyPlacedConsultantAppearInPlacement_FromConsultant -->
  <testcase name="verifyEditClientAssignmentFieldsOfPlacementFormFunctionality" time="36.491" classname="com.staff.qa.testcases.PlacementPageTest">
    <failure type="java.lang.AssertionError" message="null">
      <![CDATA[java.lang.AssertionError: null
at com.staff.qa.testcases.PlacementPageTest.verifyEditClientAssignmentFieldsOfPlacementFormFunctionality(PlacementPageTest.java:929)
... Removed 27 stack frames]]>
    </failure>
  </testcase> <!-- verifyEditClientAssignmentFieldsOfPlacementFormFunctionality -->
  <testcase name="verifyInitiateOfferFunctionality" time="26.067" classname="com.staff.qa.testcases.PlacementPageTest"/>
  <testcase name="verifyApprovePlacementFunctionality_Validations" time="55.872" classname="com.staff.qa.testcases.PlacementPageTest"/>
  <testcase name="verifyRejectPlacementFunctionality_Validations" time="50.872" classname="com.staff.qa.testcases.PlacementPageTest">
    <failure type="java.lang.AssertionError" message="expected [Placement rejected successfully for consultant : Harjinder Kumar  Singh] but found [Placement rejected successfully for consultant : Harjinder Kumar Singh]">
      <![CDATA[java.lang.AssertionError: expected [Placement rejected successfully for consultant : Harjinder Kumar  Singh] but found [Placement rejected successfully for consultant : Harjinder Kumar Singh]
at com.staff.qa.testcases.PlacementPageTest.verifyRejectPlacementFunctionality_Validations(PlacementPageTest.java:2398)
... Removed 31 stack frames]]>
    </failure>
  </testcase> <!-- verifyRejectPlacementFunctionality_Validations -->
  <testcase name="verifyAddNoteFunctionality" time="0.0" classname="com.staff.qa.testcases.PlacementPageTest">
    <ignored/>
  </testcase> <!-- verifyAddNoteFunctionality -->
  <testcase name="verifyEditConsultantDetailsOfPlacementFormFunctionality" time="0.0" classname="com.staff.qa.testcases.PlacementPageTest">
    <ignored/>
  </testcase> <!-- verifyEditConsultantDetailsOfPlacementFormFunctionality -->
  <testcase name="verifyCandidateEndedFilterData" time="0.0" classname="com.staff.qa.testcases.PlacementPageTest">
    <ignored/>
  </testcase> <!-- verifyCandidateEndedFilterData -->
  <testcase name="verifyCancelButtonFunGrossMarginOfPlacementForm" time="0.0" classname="com.staff.qa.testcases.PlacementPageTest">
    <ignored/>
  </testcase> <!-- verifyCancelButtonFunGrossMarginOfPlacementForm -->
  <testcase name="VerifyCandidateOnBillingPlacementCountInHeaderAndGrid" time="0.0" classname="com.staff.qa.testcases.PlacementPageTest">
    <ignored/>
  </testcase> <!-- VerifyCandidateOnBillingPlacementCountInHeaderAndGrid -->
  <testcase name="verifyCompaniesFilterFunOfPlacementForm1" time="0.0" classname="com.staff.qa.testcases.PlacementPageTest">
    <ignored/>
  </testcase> <!-- verifyCompaniesFilterFunOfPlacementForm1 -->
  <testcase name="verifyCancelButtonFunClientAssignmentOfPlacementForm" time="0.0" classname="com.staff.qa.testcases.PlacementPageTest">
    <ignored/>
  </testcase> <!-- verifyCancelButtonFunClientAssignmentOfPlacementForm -->
  <testcase name="verifySubmitForApprovalFunctionality1" time="0.0" classname="com.staff.qa.testcases.PlacementPageTest">
    <ignored/>
  </testcase> <!-- verifySubmitForApprovalFunctionality1 -->
  <testcase name="VerifyOpenPlacementCountInHeaderAndGrid" time="0.0" classname="com.staff.qa.testcases.PlacementPageTest">
    <ignored/>
  </testcase> <!-- VerifyOpenPlacementCountInHeaderAndGrid -->
  <testcase name="verifyAccountManagerSearchTextBoxFunOfPlacementForm" time="0.0" classname="com.staff.qa.testcases.PlacementPageTest">
    <ignored/>
  </testcase> <!-- verifyAccountManagerSearchTextBoxFunOfPlacementForm -->
  <testcase name="VerifyBackedOutPlacementCountInHeaderAndGrid" time="0.0" classname="com.staff.qa.testcases.PlacementPageTest">
    <ignored/>
  </testcase> <!-- VerifyBackedOutPlacementCountInHeaderAndGrid -->
  <testcase name="verifyPendingApprovalFilterData" time="0.0" classname="com.staff.qa.testcases.PlacementPageTest">
    <ignored/>
  </testcase> <!-- verifyPendingApprovalFilterData -->
  <testcase name="verifyBackedOutFilterData" time="0.0" classname="com.staff.qa.testcases.PlacementPageTest">
    <ignored/>
  </testcase> <!-- verifyBackedOutFilterData -->
  <testcase name="verifyCompaniesSearchTextBoxFunOfPlacementForm" time="0.0" classname="com.staff.qa.testcases.PlacementPageTest">
    <ignored/>
  </testcase> <!-- verifyCompaniesSearchTextBoxFunOfPlacementForm -->
  <testcase name="verifyEditGrossMarginOfPlacementFormFunctionality" time="0.0" classname="com.staff.qa.testcases.PlacementPageTest">
    <ignored/>
  </testcase> <!-- verifyEditGrossMarginOfPlacementFormFunctionality -->
  <testcase name="verifyApprovedFilterData" time="0.0" classname="com.staff.qa.testcases.PlacementPageTest">
    <ignored/>
  </testcase> <!-- verifyApprovedFilterData -->
  <testcase name="VerifyCandidateEndedPlacementCountInHeaderAndGrid" time="0.0" classname="com.staff.qa.testcases.PlacementPageTest">
    <ignored/>
  </testcase> <!-- VerifyCandidateEndedPlacementCountInHeaderAndGrid -->
  <testcase name="verifyOpenFilterData" time="0.0" classname="com.staff.qa.testcases.PlacementPageTest">
    <ignored/>
  </testcase> <!-- verifyOpenFilterData -->
  <testcase name="verifyCancelBtnFunOfAddNote" time="0.0" classname="com.staff.qa.testcases.PlacementPageTest">
    <ignored/>
  </testcase> <!-- verifyCancelBtnFunOfAddNote -->
  <testcase name="verifyAccountMangerFilterFunOfPlacementForm" time="0.0" classname="com.staff.qa.testcases.PlacementPageTest">
    <ignored/>
  </testcase> <!-- verifyAccountMangerFilterFunOfPlacementForm -->
  <testcase name="verifyBackedOutConsultantFunctionality" time="0.0" classname="com.staff.qa.testcases.PlacementPageTest">
    <ignored/>
  </testcase> <!-- verifyBackedOutConsultantFunctionality -->
  <testcase name="verifyAccountManagerFilterFunOfPlacementForm1" time="0.0" classname="com.staff.qa.testcases.PlacementPageTest">
    <ignored/>
  </testcase> <!-- verifyAccountManagerFilterFunOfPlacementForm1 -->
  <testcase name="verifyCancelButtonFunConsultantDetailsOfPlacementForm" time="0.0" classname="com.staff.qa.testcases.PlacementPageTest">
    <ignored/>
  </testcase> <!-- verifyCancelButtonFunConsultantDetailsOfPlacementForm -->
  <testcase name="VerifyAllPlacementCountInHeaderAndGrid" time="0.0" classname="com.staff.qa.testcases.PlacementPageTest">
    <ignored/>
  </testcase> <!-- VerifyAllPlacementCountInHeaderAndGrid -->
  <testcase name="verifyCompaniesFilterFunOfPlacementForm" time="0.0" classname="com.staff.qa.testcases.PlacementPageTest">
    <ignored/>
  </testcase> <!-- verifyCompaniesFilterFunOfPlacementForm -->
  <testcase name="VerifyApprovedPlacementCountInHeaderAndGrid" time="0.0" classname="com.staff.qa.testcases.PlacementPageTest">
    <ignored/>
  </testcase> <!-- VerifyApprovedPlacementCountInHeaderAndGrid -->
  <testcase name="verifyDownloadPlacementFormFunctionality" time="0.0" classname="com.staff.qa.testcases.PlacementPageTest">
    <ignored/>
  </testcase> <!-- verifyDownloadPlacementFormFunctionality -->
  <testcase name="VerifyPendingApprovalPlacementCountInHeaderAndGrid" time="0.0" classname="com.staff.qa.testcases.PlacementPageTest">
    <ignored/>
  </testcase> <!-- VerifyPendingApprovalPlacementCountInHeaderAndGrid -->
  <testcase name="verifyCandidateOnBillingFilterData" time="0.0" classname="com.staff.qa.testcases.PlacementPageTest">
    <ignored/>
  </testcase> <!-- verifyCandidateOnBillingFilterData -->
</testsuite> <!-- Default test(failed)(failed)(failed) -->
