<?xml version="1.0" encoding="UTF-8"?>
<testsuite xmlns:xsi="http://www.w3.org/2001/XMLSchema-instance" xsi:schemaLocation="https://maven.apache.org/surefire/maven-surefire-plugin/xsd/surefire-test-report.xsd" name="TestSuite" time="1,148.383" tests="34" errors="0" skipped="1" failures="6">
  <properties>
[...]
</properties>
  <testcase name="verifyUserNavigateToConsultantPage" classname="com.staff.qa.testcases.ConsultantPageTest" time="2.02"/>
  <testcase name="verifyAddNewConsulatantFormDisplayed" classname="com.staff.qa.testcases.ConsultantPageTest" time="15.803"/>
  <testcase name="verifyAddNewConsultant" classname="com.staff.qa.testcases.ConsultantPageTest" time="104.939">
    <failure type="java.lang.AssertionError:">java.lang.AssertionError: null
	at com.staff.qa.testcases.ConsultantPageTest.verifyAddNewConsultant(ConsultantPageTest.java:216)
</failure>
    <system-out><![CDATA[TC Name is : verifyAddNewConsulatantFormDisplayed
Browser close
Row count is : 2
Column count is : 21
Last Row Number is : 1
Last Col Number is : 21
Excel data is : Santosh
Excel data is : Gopi Pillai
Excel data is : Santosh0021@gmail.com
Excel data is : 
Excel data is : 61.17
Excel data is : Hourly
Excel data is : 2017
Excel data is : Oct
Excel data is : 1
Excel data is : Immediately 
Excel data is : Bay Area Or North
Excel data is : Hourly W2
Excel data is : EMPLOYEE
Excel data is : H1B
Excel data is : United States
Excel data is : California
Excel data is : Acton
Excel data is : Dummy employee
Excel data is : 
Excel data is : 
Excel data is : 
Before Navigation to : 'http://10.20.14.84:1010/ATS.UI_v1.0/#/login
Navigated to : 'http://10.20.14.84:1010/ATS.UI_v1.0/#/login
[BaseClass] [WARN] Hey this is warning message
Trying to click on : [[ChromeDriver: chrome on XP (a9766e76be5200160bb0183b940412ba)] -> xpath: //div[@class='btn btn-primary login-button']]
Clicked on : [[ChromeDriver: chrome on XP (a9766e76be5200160bb0183b940412ba)] -> xpath: //div[@class='btn btn-primary login-button']]
Trying to click on : [[ChromeDriver: chrome on XP (a9766e76be5200160bb0183b940412ba)] -> xpath: //span[@class='MM-modal-close']]
Clicked on : [[ChromeDriver: chrome on XP (a9766e76be5200160bb0183b940412ba)] -> xpath: //span[@class='MM-modal-close']]
Before Navigation to : 'http://10.20.14.84:1010/ATS.UI_v1.0/#/consultants
Navigated to : 'http://10.20.14.84:1010/ATS.UI_v1.0/#/consultants
Loading>>>>>>>>>>>>>>>>>>>>>>>>
Trying to click on : [[ChromeDriver: chrome on XP (a9766e76be5200160bb0183b940412ba)] -> xpath: //label[text()='Add New']]
Exception occur : org.openqa.selenium.ElementClickInterceptedException: element click intercepted: Element <label _ngcontent-c9="" class="action-text">...</label> is not clickable at point (811, 112). Other element would receive the click: <div _ngcontent-c2="" class="col-md-10 msg-content">...</div>
  (Session info: chrome=78.0.3904.108)
Build info: version: '3.141.5', revision: 'd54ebd709a', time: '2018-11-06T11:42:16'
System info: host: 'VIJAY-CH', ip: '10.20.8.248', os.name: 'Windows 10', os.arch: 'amd64', os.version: '10.0', java.version: '1.8.0_152'
Driver info: org.openqa.selenium.chrome.ChromeDriver
Capabilities {acceptInsecureCerts: false, browserName: chrome, browserVersion: 78.0.3904.108, chrome: {chromedriverVersion: 78.0.3904.70 (edb9c9f3de024..., userDataDir: C:\Users\chavan_v\AppData\L...}, goog:chromeOptions: {debuggerAddress: localhost:60046}, javascriptEnabled: true, networkConnectionEnabled: false, pageLoadStrategy: normal, platform: XP, platformName: XP, proxy: Proxy(), setWindowRect: true, strictFileInteractability: false, timeouts: {implicit: 0, pageLoad: 300000, script: 30000}, unhandledPromptBehavior: dismiss and notify}
Session ID: a9766e76be5200160bb0183b940412ba
Loading>>>>>>>>>>>>>>>>>>>>>>>>
Trying to click on : [[ChromeDriver: chrome on XP (a9766e76be5200160bb0183b940412ba)] -> xpath: //label[text()='Add New']]
Exception occur : org.openqa.selenium.ElementClickInterceptedException: element click intercepted: Element <label _ngcontent-c9="" class="action-text">...</label> is not clickable at point (811, 112). Other element would receive the click: <div _ngcontent-c2="" class="col-md-10 msg-content">...</div>
  (Session info: chrome=78.0.3904.108)
Build info: version: '3.141.5', revision: 'd54ebd709a', time: '2018-11-06T11:42:16'
System info: host: 'VIJAY-CH', ip: '10.20.8.248', os.name: 'Windows 10', os.arch: 'amd64', os.version: '10.0', java.version: '1.8.0_152'
Driver info: org.openqa.selenium.chrome.ChromeDriver
Capabilities {acceptInsecureCerts: false, browserName: chrome, browserVersion: 78.0.3904.108, chrome: {chromedriverVersion: 78.0.3904.70 (edb9c9f3de024..., userDataDir: C:\Users\chavan_v\AppData\L...}, goog:chromeOptions: {debuggerAddress: localhost:60046}, javascriptEnabled: true, networkConnectionEnabled: false, pageLoadStrategy: normal, platform: XP, platformName: XP, proxy: Proxy(), setWindowRect: true, strictFileInteractability: false, timeouts: {implicit: 0, pageLoad: 300000, script: 30000}, unhandledPromptBehavior: dismiss and notify}
Session ID: a9766e76be5200160bb0183b940412ba
Loading>>>>>>>>>>>>>>>>>>>>>>>>
Trying to click on : [[ChromeDriver: chrome on XP (a9766e76be5200160bb0183b940412ba)] -> xpath: //label[text()='Add New']]
Exception occur : org.openqa.selenium.ElementClickInterceptedException: element click intercepted: Element <label _ngcontent-c9="" class="action-text">...</label> is not clickable at point (811, 112). Other element would receive the click: <div _ngcontent-c2="" class="col-md-10 msg-content">...</div>
  (Session info: chrome=78.0.3904.108)
Build info: version: '3.141.5', revision: 'd54ebd709a', time: '2018-11-06T11:42:16'
System info: host: 'VIJAY-CH', ip: '10.20.8.248', os.name: 'Windows 10', os.arch: 'amd64', os.version: '10.0', java.version: '1.8.0_152'
Driver info: org.openqa.selenium.chrome.ChromeDriver
Capabilities {acceptInsecureCerts: false, browserName: chrome, browserVersion: 78.0.3904.108, chrome: {chromedriverVersion: 78.0.3904.70 (edb9c9f3de024..., userDataDir: C:\Users\chavan_v\AppData\L...}, goog:chromeOptions: {debuggerAddress: localhost:60046}, javascriptEnabled: true, networkConnectionEnabled: false, pageLoadStrategy: normal, platform: XP, platformName: XP, proxy: Proxy(), setWindowRect: true, strictFileInteractability: false, timeouts: {implicit: 0, pageLoad: 300000, script: 30000}, unhandledPromptBehavior: dismiss and notify}
Session ID: a9766e76be5200160bb0183b940412ba
Loading>>>>>>>>>>>>>>>>>>>>>>>>
Trying to click on : [[ChromeDriver: chrome on XP (a9766e76be5200160bb0183b940412ba)] -> xpath: //label[text()='Add New']]
Clicked on : [[ChromeDriver: chrome on XP (a9766e76be5200160bb0183b940412ba)] -> xpath: //label[text()='Add New']]
Trying to click on : [[ChromeDriver: chrome on XP (a9766e76be5200160bb0183b940412ba)] -> xpath: //span[contains(text(),'Add Manually')]]
Clicked on : [[ChromeDriver: chrome on XP (a9766e76be5200160bb0183b940412ba)] -> xpath: //span[contains(text(),'Add Manually')]]
Consultant id is ::: Cons-669769
Trying to click on : [[ChromeDriver: chrome on XP (a9766e76be5200160bb0183b940412ba)] -> xpath: //ng-select[@name='payRateUOM']]
Clicked on : [[ChromeDriver: chrome on XP (a9766e76be5200160bb0183b940412ba)] -> xpath: //ng-select[@name='payRateUOM']]
++++++++++++++++Daily
Hourly
Monthly
Yearly
Trying to click on : [[ChromeDriver: chrome on XP (a9766e76be5200160bb0183b940412ba)] -> xpath: //span[contains(text(),'Hourly')]]
Clicked on : [[ChromeDriver: chrome on XP (a9766e76be5200160bb0183b940412ba)] -> xpath: //span[contains(text(),'Hourly')]]
Trying to click on : [[ChromeDriver: chrome on XP (a9766e76be5200160bb0183b940412ba)] -> xpath: //input[@name='consultantAvailDate']]
Clicked on : [[ChromeDriver: chrome on XP (a9766e76be5200160bb0183b940412ba)] -> xpath: //input[@name='consultantAvailDate']]
Trying to click on : [[ChromeDriver: chrome on XP (a9766e76be5200160bb0183b940412ba)] -> xpath: //span[@class='owl-dt-control-button-arrow']]
Clicked on : [[ChromeDriver: chrome on XP (a9766e76be5200160bb0183b940412ba)] -> xpath: //span[@class='owl-dt-control-button-arrow']]
2016
2017
2018
2019
2020
2021
2022
2023
2024
2025
2026
2027
2028
2029
2030
2031
2032
2033
2034
2035
2036
Trying to click on : [[ChromeDriver: chrome on XP (a9766e76be5200160bb0183b940412ba)] -> xpath: //span[@class='owl-dt-calendar-cell-content'][contains(text(),'2017')]]
Clicked on : [[ChromeDriver: chrome on XP (a9766e76be5200160bb0183b940412ba)] -> xpath: //span[@class='owl-dt-calendar-cell-content'][contains(text(),'2017')]]
Start month is : Jan
Feb
Mar
Apr
May
Jun
Jul
Aug
Sep
Oct
Nov
Dec
Trying to click on : [[ChromeDriver: chrome on XP (a9766e76be5200160bb0183b940412ba)] -> xpath: //span[@class='owl-dt-calendar-cell-content'][contains(text(),'Oct')]]
Clicked on : [[ChromeDriver: chrome on XP (a9766e76be5200160bb0183b940412ba)] -> xpath: //span[@class='owl-dt-calendar-cell-content'][contains(text(),'Oct')]]
Date is ::-1
2
3
4
5
6
7
8
9
10
11
12
13
14
15
16
17
18
19
20
21
22
23
24
25
26
27
28
29
30
31
1
2
3
4
5
6
7
8
9
10
11
Trying to click on : [[ChromeDriver: chrome on XP (a9766e76be5200160bb0183b940412ba)] -> xpath: //span[@class='owl-dt-calendar-cell-content'][contains(text(),'1')]]
Clicked on : [[ChromeDriver: chrome on XP (a9766e76be5200160bb0183b940412ba)] -> xpath: //span[@class='owl-dt-calendar-cell-content'][contains(text(),'1')]]
Trying to click on : [[ChromeDriver: chrome on XP (a9766e76be5200160bb0183b940412ba)] -> xpath: //ng-select[@name='consultantAvailNotice']]
Clicked on : [[ChromeDriver: chrome on XP (a9766e76be5200160bb0183b940412ba)] -> xpath: //ng-select[@name='consultantAvailNotice']]
++++++++++++++++Immediate
Immediately
1 Week
1-2 Weeks
1-2 Weeks Notice
2 Week
2 Weeks
2 Weeks Notice
2-3 Weeks
2WEEKS
2wweks
4 Weeks
Immediate
Immediately
Two Weeks
Week
Weeks
! Week
$145k + Benefits
$60/hr on C2C
08/25/08
1
1 - 2 Week
1 - 2 Weeks
1 - 2 Weeks Notice
1 - 2 Weeksn Otice
1 Week
1 - Week
1- 2 Weeks
1- 2weeks
1 Day
1 Month
1 To 2 Weeks
1 Week
1 Week For Relocation
1 Week Notice
1 Week Period
1 Week Relocation
1 Weekfo Relocation
1 Weeks
1- Weeks
1 Weeks Notice
1/2 Weeks
1/2 Weeks Notice
10 Days
10 Days Noctice
1-2 Day Notice
1-2 Notice
1-2 Week
1-2 Week s
12 Weeks
1-2 Weeks
1-2 Weeks Notice
1-2 Weels
1-2Week
1-2Weeks
1-3 Weeks
1-4 Weeks
15-20 Days
1st April 2014
1st Oct.
1st/2nd Week of Jan.'12
1week
2
2 - 3 WEEK
2 - 3 Week Notice
2 - 3 Weeks
2 - 3 Weeks Notice
2 - 4 Weeks
2 - Week Notice
2 Weeks
2 - Weeks
2- 3 Weeks
2 Days
2 Days to a week
2 To 3 Weeks
2 W
2 Wee
2 Weeek
2 Weeeks
2 Week
2 Week Notice
2 Weekis
2 Weeks
2 Weeks Noti
2 Weeks Notice
2 Weeks’ Notice
2 Weels
2 Weks
2 Weks Notice
22/5/2017
2-3 Days Notice
2-3 Week
2-3 Weeks
2-3 Weeks Notice
2-3 Weeks’
2-3 Weekws Notice
2weeks
3 - 4 Weeks Notice
3 Weeks
3 To 4 Weeks
3 Week Notice
3 Weeks
3 Weeks Notice
3-4 DAYS
3-4 Weeks
3-4 Weeks Notice
4 Weeks
4-5 Weeks
5 Business Days
5 Days
5-6 Weeks
6 Weeks Notice
After 2 Weeks
Almost Immediately
ASAP
I
Im
Imediate
Imemdiate
Imm
Immdiately.
Imme
Immed
Immedaite
Immedate
Immedialtey
Immediate
Immediate$18/hr on W2
Immediately
Immediately.
Immediatley
Immediatoey
Immedidate
Immeidate
Immi
Immideate
Immidiate
Immiedate
Jan 2014
Min 2 weeks
NA
None
Not required
One Week
One week notice
Oo
R
Three weeks
Tw
Two Weeeks
Two Weeks
Two weks
Two Wweks
Twow Weeks
Week Notice
Weeks
Trying to click on : [[ChromeDriver: chrome on XP (a9766e76be5200160bb0183b940412ba)] -> xpath: //span[contains(text(),'Immediately ')]]
Clicked on : [[ChromeDriver: chrome on XP (a9766e76be5200160bb0183b940412ba)] -> xpath: //span[contains(text(),'Immediately ')]]
Trying to click on : [[ChromeDriver: chrome on XP (a9766e76be5200160bb0183b940412ba)] -> xpath: //ng-select[@name='consultantCanRelocateTo']]
Clicked on : [[ChromeDriver: chrome on XP (a9766e76be5200160bb0183b940412ba)] -> xpath: //ng-select[@name='consultantCanRelocateTo']]
++++++++++++++++Bay Area
Bay Area CA
Bay Area Only
Bay Area Or North
BC, Canada
Ca
California
Columbus, OH
FL
Florida
NJ
NY
NY/NJ
NY/NJ/DE
NY/NJ/MD
Yes
1-2 Weeks
2 Weeks
20-25 Miles Only
20-30 Miles Commute
20-30 Miles Commute Only
3
30 Miles Only
30 Miles Only in CA
30-40 Miles
30-40 Miles Commute
30-40 Miles Commute Only
30-40 Miles Only
30-40 Miles Per Hour
30-50 Miles
30-50 Miles Commute Only
30-50 Miles Only
30-501
7
A
albany ,NY
Any
Any Wher in CA
Any Wher in CA / Remote
Any Wher in MD
Any Wher in OR
Any Wher in US
Any Wher in USA
Any Wher in VA
Any Where
Any Where CA
Any Where CA/OR
Any Where CT
Any Where DC
Any Where DE
Any Where i ca
Any Where in CT
Any Where in FL
Any Where in GA
Any Where in Huston TX
Any Where in Ma
Any Where in NC
Any Where in NY
Any Where in NY/NJ
Any Where in NY/NJ/MA
Any Where in TX
Any Where in usa
Any Where in Va
Any Where in AZ
Any Where in CA
Any Where in CA/OR
Any Where in Canada
Any Where in CO
Any Where in CT
Any Where in CT & MA
Any Where in DC
Any Where in DE
Any Where in east coast
Any Where in FL
Any Where in GA
Any Where in IL
Any Where in IN
Any Where in IR
Any Where in MA
Any Where in MI
Any Where in MN
Any Where in NC
Any Where in NE
Any Where in NH
Any Where in NJ
Any Where in NJ NY
Any Where in NJ/NY
Any Where in NV
Any Where in NY
Any Where in NY & NJ
Any Where in NY /NJ
Any Where in NY AND NJ
Any Where in NY/NJ
Any Where in NYC
Any Where in OH
Any Where in OR
Any Where in Oregon
Any Where in PA
Any Where in RI
Any Where in Seattle
Any Where in TX
Any Where in US
Any Where in USA
Any Where in Va
Any Where in VA/MD
Any Where in WA
Any Where in WA/OR
Any Where in West Coast
Any Where inUSA
Any Where is US
Any Where MD
Any Where NJ
Any Where NY
Any Where OR
Any Where PA
Any Where Remote
Any Where TX
Any Where TX or Remote
Any Where VA
Anywehere in MI
Anywehre in CT
Anywehre in US
Anywhare
Anywhere
Anywhere (VA area)
Anywhere in
Anywhere in CO
AnyWhere in GA
Anywhere in OR
Anywhere in US
AnyWhere in VA/MD
anywhere in bay aea, CA
anywhere in bay are, CA
Anywhere in bay area
Anywhere in Bay Area, CA
Anywhere In Bayarea
Anywhere in CA
Anywhere in CAnada
Anywhere in DC
Anywhere in DE
Anywhere in east bay
Anywhere in east coast
Anywhere in FL
Anywhere in GA
Anywhere in MA
Anywhere in MA/RI
Anywhere in MD
Anywhere in MD/VA
Anywhere in MI
Anywhere in NC
Anywhere in NC/NJ
Anywhere in NC/SC/GA/FL
Anywhere in NJ
Anywhere in NJ/NY
Anywhere in NV
Anywhere in NY
Anywhere in NY/NJ
Anywhere in NY/PA
Anywhere in Ontario
Anywhere in OR
Anywhere in Oregon
Anywhere in PA
Anywhere In South Bay
Anywhere in Tampa FL
Anywhere in the US
Anywhere in US
Anywhere in USA
Anywhere in VA
Anywhere in VA/DC
Anywhere in VA/DC/MD
Anywhere In WA/OR
Anywhere In West Coast
Anywhere on east coast
Anywhere to IL
Anywhere TX
Anywhre In Bay Area
Anywhre In CA
Atlanta, GA
Austin, TX
AZ
AZ, CA
Bay Area
bay area , CA
Bay Area CA
Bay Area Only
Bay Area, CA
Bay Area, CA only
Bay Area, California
Bay Area, WA & NJ/NY
Bay Area/Sac
Bay Aread, Ca
Belleue, WA
Bellevue
Bellevue, WA
Bellevue,WA
bellevuw, WA
birmingham,AL
Bloomington, IL
Bloomington,MN
Boston
Boston, MA
Bristol,CT
broomfield,CO
Buffalo
Buffalo, NY
Burlington,VT
CA
CA or TX
CA, CO
CA, MA
CA/Remote
California
Charlotte
Charlotte, NC
Chicago
Chicago Area
Chicago IL
Close to FL
Colorado
Columbus, OH
CT
CT,NY
Dallas Area
Dallas, TX
DC
DC metro area
DC NJ NYC
DE
Delaware
Denver
Denver ,CO
Denver, CO
DEPENDS
East bay
East bay near San Ramon
East Coast
East Coast preferred
Exton ,PA
fL
Fort Worth ,TX
Fort Worth, TX
framingham, MA
fremont CA
Fremont, Ca
fresno,CA
GA
Greensboro, NC
H
Hartford, CT
Hosuton, TX
Houston, TX
IL
IL CO
In Bay Area
IN/OH
Indiana
Irvine
Irvine ,CA
Irvine, CA
Irving
Jacksonville FL
Jacksonville, FL
JC NYC
JC NYC LIC
JC NYC NJ
K
Knoxville, TN
KS/MO
KY
Las Vegas Area
Las Vegas only
LIC NYC JC
Lo
Local
Local areas
Local to bay area
Local to bayarea
local to Dallas ,TX
Local to MI
Long Beach, CA
Long Island, NYC
Ma
MA NJ NYC CT
Ma/nh
Maiden, NC
Maryland
Matthews- NC
MD
MD, DE
MD, VA, DC
MD,DE
Menlo Park, CA
MI
Milwaukee
Minnesotta
MN
MO
Mount Vernon ,WA
Mountain View CA
N
N O
NA
NC
NC/SC
New Hyde Park,NY
New York
new york ,NY
New York Area
New York City, NY
NH/MA
NH/ME
Nio
NJ
NJ ny
NJ NYC
Nj NYC FL
NJ NYC PA
NJ, FL
NJ, NY
Nj, NYC, CT, PA, LI
NJ,NY
NJ,PA
NJ/CA
NJ/CT
Nj/de
NJ/FL
NJ/NY
NJ/NY/CT
NJ/NY/DE
NJ/NY/PA
NJ/NYC
NJ/PA
Nnj
Nno
No
No (work remotely)
No Relocation
No Relocation Required
No Reocation
Northern CA
Not required
NY
Ny nj
NY PA NJ
Ny, NJ
Ny,CT
Ny,nj
Ny/nj
NY/NJ/CT
NY/NJ/PA
NyC
NYC CT
NyC JC
NYC NJ
NYC NY NJ CT
NYC Only
NYC White Plains, NY
NYC, JC
NYC/NJ
OH
OH/IN
OK
Only bay area
Only bay area CA
Only Bay Area, CA
Only BayArea
Only East & South Bay
Only Florida
Only in
Only in bay area
Only in FL
Only in Miami FL
Only in Miami, FL
Only in TX
Only in TX/CT
Only in VA
Only in VA / Remote
ONLY MI
Only NY and NJ
Only PA
Only South Bay
Only South Bay Area
Only To bay area
Only To LA
Only To MN
Only Tri Valley Area
Only TriState
Only west coast
Open
Open to CA
Open to NY/NJ
Open within MA
OR
PA
PA , NJ
PA DE
PA NJ
PA NJ NYC
PA, South NJ
PA,DE,NY,NJ
PA/DE/NJ
PA/NJ
PA/NJ/NY
Palo Alto, CA
Philly
Phoenix, AZ
Pittsburgy, PA
Plano, TX
Racine,WI
Raleigh, NC
Rancho Cordova, CA
Ready to travel
Redmond, WA
Redwood City, CA
Redwood Shores, CA
Relocation not required
Relocation open for right oppartunities
Remote
Remote work
remote+ Occassional
Remote+occaissional Trav
Remote+travel
Renmote working
Rochester,NY
Sa Diego, CA
Sacramento only
Sacramento or Bay Area
Sacramento, CA
sacramento,CA
San Antonio
San Dieego, CA
San Diego Area
San Diego, CA
San Francisco
San Francisco CA
San Francisco, CA
San Jose
San Jose, CA
San Mateo, CA
San Ramon, CA
Santa Clara
Santa Clara / Waltham
SANTA CLARA CA
Santa Clara, CA
Santa Clara,CA
Santa Clara-CA
Santa Cruz
Sc
Scottsdale, AZ
SD
Seatlle, WA
Seattle
Seattle WA
Seattle, WA
seattle,WA
SFO / Bellevue
South Bay
South bay area
South Bay Area only
South Bay Only
South CA
South Jordan, Utah
SouthEast
Sunnyvale, CA
Sunnyvale, TX
swiftwater,PA
Tampa FL
Tampa, FL
Tarrytown ,NY
Tes
TN
To Bay Area Only
Toronto, ON
Travel
Travel only
Tri Valley
Two Weeks
TX
TX / Remote
TX/NC/OH
TX/NJ
Txas
USA
V
Va
Va ,nj
Va,ma,md
VA/NJ
Van
Vienna, VA
WA
WA, bay area
Waltham
Waltham MA
WAltham, MA
Waltham,MA
Walthamn, MA
Washington
Washington dc
West Coast only
Westlake, TX
WIL NOT RELOCATE
Will not relocate
Will Not Reloctae
Withiin TX
Within 30 miles
Within 30-40 Miles Only
Within Bay Area
Within Bay Area Only
Within East Coast
within SFO bay area
Within The Bay Area Only
Y
Ye
Yes
Yes - to bay area only
Yes anywhere in US
YEs DEPENDS ON PLACE
Yes only in NY, NJ
Yes, Can relocate to Michigan
Yes, Sunnyvale
Trying to click on : [[ChromeDriver: chrome on XP (a9766e76be5200160bb0183b940412ba)] -> xpath: //span[contains(text(),'Bay Area Or North')]]
Clicked on : [[ChromeDriver: chrome on XP (a9766e76be5200160bb0183b940412ba)] -> xpath: //span[contains(text(),'Bay Area Or North')]]
Trying to click on : [[ChromeDriver: chrome on XP (a9766e76be5200160bb0183b940412ba)] -> xpath: //ng-select[@name='consultantEmploymentType']]
Clicked on : [[ChromeDriver: chrome on XP (a9766e76be5200160bb0183b940412ba)] -> xpath: //ng-select[@name='consultantEmploymentType']]
++++++++++++++++1099
Hourly W2
Independent Contractor
Salaried Employee
Vendor Employee
Trying to click on : [[ChromeDriver: chrome on XP (a9766e76be5200160bb0183b940412ba)] -> xpath: //span[contains(text(),'Hourly W2')]]
Clicked on : [[ChromeDriver: chrome on XP (a9766e76be5200160bb0183b940412ba)] -> xpath: //span[contains(text(),'Hourly W2')]]
Trying to click on : [[ChromeDriver: chrome on XP (a9766e76be5200160bb0183b940412ba)] -> xpath: //ng-select[@name='consultantCandidateSource']]
Clicked on : [[ChromeDriver: chrome on XP (a9766e76be5200160bb0183b940412ba)] -> xpath: //ng-select[@name='consultantCandidateSource']]
++++++++++++++++CAREERBUILDER
CBIZ
DICE
EMPLOYEE
INDEED
LINKEDIN
MONSTER
OTHER
Pass Through
REFERRAL
VENDOR
Trying to click on : [[ChromeDriver: chrome on XP (a9766e76be5200160bb0183b940412ba)] -> xpath: //span[contains(text(),'EMPLOYEE')]]
Clicked on : [[ChromeDriver: chrome on XP (a9766e76be5200160bb0183b940412ba)] -> xpath: //span[contains(text(),'EMPLOYEE')]]
Trying to click on : [[ChromeDriver: chrome on XP (a9766e76be5200160bb0183b940412ba)] -> xpath: //ng-select[@name='consultantVisaStatus']]
Clicked on : [[ChromeDriver: chrome on XP (a9766e76be5200160bb0183b940412ba)] -> xpath: //ng-select[@name='consultantVisaStatus']]
++++++++++++++++Any
Canadian Citizen
CPT
E3 VISA
EAD
Green Card
H1B
L1
L2
L2 EAD
OPT EAD
RFI
TN Visa
US Citizen
Trying to click on : [[ChromeDriver: chrome on XP (a9766e76be5200160bb0183b940412ba)] -> xpath: //span[contains(text(),'H1B')]]
Clicked on : [[ChromeDriver: chrome on XP (a9766e76be5200160bb0183b940412ba)] -> xpath: //span[contains(text(),'H1B')]]
Trying to click on : [[ChromeDriver: chrome on XP (a9766e76be5200160bb0183b940412ba)] -> xpath: //ng-select[@name='consultantCountries']]
Clicked on : [[ChromeDriver: chrome on XP (a9766e76be5200160bb0183b940412ba)] -> xpath: //ng-select[@name='consultantCountries']]
++++++++++++++++Afghanistan
Albania
Algeria
American Samoa
Andorra
Angola
Anguilla
Antarctica
Antigua and Barbuda
Argentina
Armenia
Aruba
Australia
Austria
Azerbaijan
Bahamas
Bahrain
Bangladesh
Barbados
Belarus
Belgium
Belize
Benin
Bermuda
Bhutan
Bolivia
Bosnia and Herzegovina
Botswana
Bouvet Island
Brazil
British Indian Ocean Territory
Brunei Darussalam
Bulgaria
Burkina Faso
Burundi
Cambodia
Cameroon
Canada
Cape Verde
Cayman Islands
Central African Republic
Chad
Chile
China
Christmas Island
Cocos (Keeling) Islands
Colombia
Comoros
Congo
Cook Islands
Costa Rica
Croatia (Hrvatska)
Cuba
Cyprus
Czech Republic
Denmark
Djibouti
Dominica
Dominican Republic
East Timor
Ecuador
Egypt
El Salvador
Equatorial Guinea
Eritrea
Estonia
Ethiopia
Falkland Islands (Malvinas)
Faroe Islands
Fiji
Finland
France
France, Metropolitan
French Guiana
French Polynesia
French Southern Territories
Gabon
Gambia
Georgia
Germany
Ghana
Gibraltar
Greece
Greenland
Grenada
Guadeloupe
Guam
Guatemala
Guernsey
Guinea
Guinea-Bissau
Guyana
Haiti
Heard and Mc Donald Islands
Honduras
Hong Kong
Hungary
Iceland
India
Indonesia
Iran
Iraq
Ireland
Isle of Man
Israel
Italy
Ivory Coast
Jamaica
Japan
Jersey
Jordan
Kazakhstan
Kenya
Kiribati
Kosovo
Kuwait
Kyrgyzstan
Lao
Latvia
Lebanon
Lesotho
Liberia
Libyan Arab Jamahiriya
Liechtenstein
Lithuania
Luxembourg
Macau
Macedonia
Madagascar
Malawi
Malaysia
Maldives
Mali
Malta
Marshall Islands
Martinique
Mauritania
Mauritius
Mayotte
Mexico
Micronesia, Federated States of
Moldova, Republic of
Monaco
Mongolia
Montenegro
Montserrat
Morocco
Mozambique
Myanmar
Namibia
Nauru
Nepal
Netherlands
Netherlands Antilles
New Caledonia
New Zealand
Nicaragua
Niger
Nigeria
Niue
Norfolk Island
North Korea
Northern Mariana Islands
Norway
Oman
Pakistan
Palau
Palestine
Panama
Papua New Guinea
Paraguay
Peru
Philippines
Pitcairn
Poland
Portugal
Puerto Rico
Qatar
Reunion
Romania
Russian Federation
Rwanda
Saint Kitts and Nevis
Saint Lucia
Saint Vincent and the Grenadines
Samoa
San Marino
Sao Tome and Principe
Saudi Arabia
Senegal
Serbia
Seychelles
Sierra Leone
Singapore
Slovakia
Slovenia
Solomon Islands
Somalia
South Africa
South Georgia South Sandwich Islands
South Korea
Spain
Sri Lanka
St. Helena
St. Pierre and Miquelon
Sudan
Suriname
Svalbard and Jan Mayen Islands
Swaziland
Sweden
Switzerland
Syrian Arab Republic
Taiwan
Tajikistan
Tanzania
Thailand
Togo
Tokelau
Tonga
Trinidad and Tobago
Tunisia
Turkey
Turkmenistan
Turks and Caicos Islands
Tuvalu
Uganda
Ukraine
United Arab Emirates
United Kingdom
United States
United States minor outlying islands
Uruguay
Uzbekistan
Vanuatu
Vatican City State
Venezuela
Vietnam
Virgin Islands (British)
Virgin Islands (U.S.)
Wallis and Futuna Islands
Western Sahara
Yemen
Zaire
Zambia
Zimbabwe
Trying to click on : [[ChromeDriver: chrome on XP (a9766e76be5200160bb0183b940412ba)] -> xpath: //span[@class='ng-option-label ng-star-inserted'][text()='United States']]
Clicked on : [[ChromeDriver: chrome on XP (a9766e76be5200160bb0183b940412ba)] -> xpath: //span[@class='ng-option-label ng-star-inserted'][text()='United States']]
Trying to click on : [[ChromeDriver: chrome on XP (a9766e76be5200160bb0183b940412ba)] -> xpath: //ng-select[@name='consultantState']]
Clicked on : [[ChromeDriver: chrome on XP (a9766e76be5200160bb0183b940412ba)] -> xpath: //ng-select[@name='consultantState']]
++++++++++++++++Alabama
Alaska
Arizona
Arkansas
California
Colorado
Connecticut
Delaware
Florida
Georgia
Hawaii
Idaho
Illinois
Indiana
Iowa
Kansas
Kentucky
Louisiana
Maine
Maryland
Massachusetts
Michigan
Minnesota
Mississippi
Missouri
Montana
Nebraska
Nevada
New Hampshire
New Jersey
New Mexico
New York
North Carolina
North Dakota
Ohio
Oklahoma
Oregon
Pennsylvania
Rhode Island
South Carolina
South Dakota
Tennessee
Texas
Utah
Vermont
Virginia
Washington
Washington,D.C
West Virginia
Wisconsin
Wyoming
Trying to click on : [[ChromeDriver: chrome on XP (a9766e76be5200160bb0183b940412ba)] -> xpath: //span[contains(text(),'California')]]
Clicked on : [[ChromeDriver: chrome on XP (a9766e76be5200160bb0183b940412ba)] -> xpath: //span[contains(text(),'California')]]
Trying to click on : [[ChromeDriver: chrome on XP (a9766e76be5200160bb0183b940412ba)] -> xpath: //ng-select[@name='consultantCity']]
Clicked on : [[ChromeDriver: chrome on XP (a9766e76be5200160bb0183b940412ba)] -> xpath: //ng-select[@name='consultantCity']]
++++++++++++++++Abrams Lake Mobile Estates
Acampo
Accent Homes Mobile Home Park
Acebedo
Acolita
Actis
Acton
Adams Square
Adams Station
Adela
Adelaida
Adelanto
Adin
Adobe Corner
Aerial Acres
Aetna Springs
Ager
Agnew
Agoura
Agoura Hills
Agra
Agua Dulce
Aguanga
Ahwahnee
Ahwahnee Estates
Ainsworth Corner
Akers
Al Tahoe
Alabama Hill
Alabama Hills
Alameda
Alamitos
Alamo
Alamo Oaks
Alamorio
Alba
Albany
Alberhill
Albrae
Alder Creek
Aldercroft Heights
Alderglen Springs
Alderpoint
Alemandra
Alessandro
Alford Place
Algerine
Algoso
Alhambra
Alico
Alimur Park Mobile Home Park
Aliso
Aliso Viejo
Alla
Alleghany
Allendale
Allensworth
Alliance Redwood
Almanor
Almanor West
Almonte
Alondra Park
Alpaugh
Alphine Village
Alpine
Alpine Heights
Alpine Meadows
Alpine Village
Alray
Alsace
Alta Hill
Alta Loma
Alta Mesa
Alta Sierra
Alta Sierra Estates
Alta Sierra Ranches
Alta Vista Park
Altacanyada
Altadena
Altaville
Alten
Alturas
Alum Rock
Alviso
Amador City
Amber Hills
Ambler Park
Ambrose
American Canyon
Amesti
Ampere
Anaheim
Anaheim Hills
Anchor Bay
Anderson
Andersonia
Andesite
Andrade Corner
Angelino Heights
Angels Camp
Angelus Oaks
Angiola
Angwin
Ansel
Antelope
Antelope Acres
Antelope Center
Antelope Hills
Antes
Antioch
Antonio
Anza
Apple Valley
Apple Valley Estates
Apple Valley Highlands
Applegate
Aptos
Aptos Hills-Larkin Valley
Arabian Gardens Mobile Home Park
Arastraville
Araz Junction
Arbee
Arbios
Arboga
Arbolada
Arbor
Arbuckle
Arcadia
Arcata
Arcilla
Arden Town
Arden-Arcade
Arena
Arguello
Argus
Arlanza
Arlight
Arlington Station
Arlynda Corners
Armistead
Armona
Arnold
Arnold Heights
Aromas
Arrowbear Lake
Arrowhead Equestrian Estates
Arrowhead Highlands
Arrowhead Junction
Arrowhead Springs
Arroyo Fairways Mobile Home Club
Arroyo Grande
Arroyo Mobile Home Park
Arroyo Vista
Arroz
Artesia
Artois
Arts Trailer Court
Arvin
Asco
Ash Creek Junction
Ash Hill
Ashford Junction
Ashland
Ashrama
Aspen Springs
Aspen Valley
Aspendell
Asti
Asuncion
Asylum
Atascadero
Atherton
Athlone
Atlas
Atolia
Atwater
Auberry
Auburn
Auburn Hills Mobile Estates
Auburn Lake Trails
Auckland
August
Aukum
Aurant
Avalon
Avalon Village
Avena
Avenal
Avery Place
Avila Beach
Avila Place
Avinsino Corner
Avocado
Avocado Heights
Azalea
Azure Vista
Azusa
Badwater
Bahia
Bailhache
Bak
Bakersfield
Balance Rock
Balboa
Balboa Island
Balch Camp
Balderson Station
Baldwin Hills
Baldwin Lake
Baldwin Park
Baldy Mesa
Bale
Ballarat
Ballena
Ballico
Ballou
Baltimore Park
Baltimore Town
Banadelle Ranchos
Bancroft
Bancroft Point
Bandini
Banfield Place
Bangle
Bankhead Springs
Banner Crest
Banning
Bannister
Bannock
Banta
Bar J Ranch
Barber City
Bardi
Bardsdale
Baroda
Barona
Baronet Estates
Barrett Junction
Barro
Barstow
Barstow Heights
Barsug
Bartle
Bartlett Springs
Bartolo
Bass Lake Annex
Bassetts
Bateman Place
Batto
Baumberg
Bay Point
Bay Shores
Bayles Place
Bayliss
Bayo Vista
Bayside
Bayside Village
Bayview
Bayview District
Baywood Park
Beachwood Trailer Park
Beacon Station
Beal Place
Beale Air Force Base
Beall Place
Bealville
Bear River Pines
Bear Valley
Bear Valley Springs
Beatty Junction
Beaumont
Beckwourth
Beegum
Beeks Place
Bel Marin Keys
Belden
Belfort
Bell
Bell Gardens
Bell Mountain
Bella Vista
Bella Vista Park
Belle Monte
Belleview Acres
Bellevue Heights
Bellflower
Bellota
Bellvale
Bellwood Estates
Belmont
Belmont Shore
Belvedere
Belvedere Heights
Ben Ali
Ben Lomond
Bena
Benbow
Benicia
Benito
Benton Crossing
Benton Hot Springs
Berenda
Berg
Berkeley
Bermuda Dunes
Bermuda Palms Mobile Park
Bern
Berry Creek
Berry Glenn
Berryessa
Berryessa Highlands
Bertsch-Oceanview
Bestville
Beswick
Bethany Park
Bethel Island
Bethune
Betteravia
Betteravia Junction
Beulah Park
Beulah Picnic Ground
Beveridge
Beverly Glen
Beverly Hills
Bieber
Big Bar
Big Bear City
Big Bear Lake
Big Bunch
Big Lagoon
Big Meadow
Big Oak Flat
Big Pine
Big Pines
Big River
Big Rock Springs
Big Sur
Big Trees
Big Trees Village
Big Valley
Biggs
Bijou
Bijou Park
Binney Junction
Biola
Biola Junction
Birch Meadow Acres
Birchville
Birds Landing
Bishop
Biskra Palms
Bissell
Bitney Corner
Bitterwater
Bivalve
Bixby Knolls
Bixler
Black Butte
Black Jack Bluffs
Black Meadow Landing
Black Oak Estates
Black Oaks
Black Point
Black Point-Green Point
Blackhawk
Blackrock
Blackslough Landing
Blackwells Corner
Blairsden
Blakes Landing
Blavo
Blocksburg
Bloomington
Blossom Valley
Blue Canyon
Blue Jay
Blue Lake
Blue Lake Junction
Blue Lake Springs
Blue Tent
Bluegum
Blunt
Bly
Blythe
Blythe Marina Mobile Estates
Boal
Boards Crossing
Bob Hoaglin Place
Boca
Bodega
Bodega Bay
Bodfish
Bodie
Bogue
Boiling Point
Bolam
Bolinas
Bollinger Place
Bolsa
Bolsa Knolls
Bombay
Bombay Beach
Bonadelle Ranchos Five
Bonadelle Ranchos Nine
Bonadelle Ranchos-Madera Ranchos
Bonanza Springs
Bonds Corner
Bonetti
Bonilla
Bonita
Bonnefoy
Bonnie Bell
Bonnie View
Bonny Doon
Bonsall
Boonville
Bootjack
Borden
Bormister
Boron
Boronda
Borosolvay
Borrego
Borrego Springs
Boston Ravine
Bostonia
Boulder Bay
Boulder Creek
Boulder Oaks
Boulder Park
Boulevard
Bouquet Canyon
Bouquet Junction
Bowerbank
Bowman Place
Box Canyon
Boyers Landing
Boyes Hot Springs
Boyle Heights
Boys Republic
Bracken Brae
Brackney
Bracut
Bradbury
Bradys
Bragur
Brainard
Bramlet Place
Brandon Corner
Brandy City
Branscomb
Brant
Brawley
Brazos
Brea
Brea Chem
Bredehoft Place
Brela
Brents Junction
Brentwood
Brentwood Heights
Brentwood Park
Bret Harte
Bretz Mill
Briarwood Canyon
Briceburg
Briceland
Bridgehaven
Bridgeport
Briggs Terrace
Brightside
Brisbane
Brito
Broadmoor
Broadmoor Village
Broadview Farms
Broadwell
Brockman
Brockmans Corner
Brockway Vista
Broderick
Bromela
Bronco
Brookdale
Brooks Mill
Brooktrails
Brown
Brown Place
Browns Flat
Browns Valley
Bryants
Bryman
Bryson
Bryte
Buchli
Buck Meadows
Buckhorn Estates
Buckingham Park
Bucks Lake
Bucks Lodge
Bucksport
Bucktail
Bucktown
Buellton
Buena Park
Buena Vista
Buffalo Hill
Buhach
Bull Creek
Bully Hill
Bumblebee
Bummerville
Bunker
Buntingville
Burbank
Burbank Junction
Burbeck
Burdell
Burlingame
Burness
Burney
Burnt Ranch
Burr
Burrel
Burson
Butano Park
Butte City
Butte Meadows
Butte Street Junction
Butterfield Lake Estates
Buttonwillow
Byron
Bystrom
Cabazon
Cabin Cove
Cable
Cabrillo Village
Cachuma Village
Cactus City
Cadenasso
Cadwell
Cahuilla
Cahuilla Hills
Cain Rock
Cairns Corner
Cajon
Cajon Junction
Calabasas
Calabasas Highlands
Calada
Calaveritas
Calavo Gardens
Calders Corner
Caldor
Caldwell Pines
Calexico
Calexico Lodge
Calflax
Calgro
Calico
Cal-Ida
California City
California Heights
California Hot Springs
California Pines
California Valley
Calimesa
Calimesa Mobile Home Ranch
Calipatria
Calistoga
Calla
Callender
Calneva
Calpack
Calpella
Calpine
Calvada Springs
Calville
Calwa
Calzona
Camanche Village
Camarillo
Cambria
Cambria Pines
Cambrian Park
Cambridge Oaks
Camelot Hills
Cameo
Cameron Airpark Estates
Cameron Corners
Cameron Creek Colony
Cameron Park
Camino
Camino Heights
Camp Bartlett
Camp Connell
Camp Earnest
Camp Eighteen
Camp Evers
Camp Klamath
Camp Meeker
Camp Nelson
Camp Owens
Camp Pardee
Camp Pendleton North
Camp Pendleton South
Camp Pendola
Camp Richardson
Camp Rose
Camp Sierra
Camp Spaulding
Camp Thayer
Campana
Campbell
Campbell Hot Springs
Camphora
Campland on the Bay Trailer Park
Campo
Campo Seco
Camptonville
Camulos
Canada Home Mobile Home Park
Canby Cross
Canebrake
Cannery Row
Cannon
Canoga Park
Cantil
Cantrall Mill
Cantua Creek
Canyon Acres
Canyon Country
Canyon Crest Heights
Canyon Lake
Canyondam
Capay
Cape Horn
Capetown
Capistrano Beach
Capital Hill
Capitola
Caravan Mobile Home Park
Carbona
Card Place
Cardiff-by-the-Sea
Carefree Mobile Village
Caribou
Carlotta
Carlsbad
Carlton Hills
Carmel Highlands
Carmel Valley
Carmel Valley Manor
Carmel Valley Village
Carmel-by-the-Sea
Carmen City
Carmenita
Carmet
Carmichael
Carnadero
Carnelian Bay
Carnelian Heights
Carpenter Place
Carpinteria
Carquinez Heights
Carr
Carrick
Carrolton
Carson
Carson Hill
Cartago
Caruthers
Carvin Creek Homesites
Casa Conejo
Casa de Oro
Casa de Oro-Mount Helix
Casa del Norte Mobile Home Community
Casa Loma
Cascade Shores
Cascadel Woods
Casey Corner
Casitas Mobile Home Park
Casitas Springs
Casmalia
Caspar
Cassel
Castaic
Castaic Junction
Castella
Castellammare
Castle Crag
Castle Gardens
Castle Park
Castle Rock Springs
Castro City
Castro Valley
Castroville
Cathedral City
Catheys Valley
Catlett
Cavin
Cawelo
Cayton
Cayucos
Cazadero
Cecile
Cecilville
Cedar Crest
Cedar Glen
Cedar Pines Vista
Cedar Ridge
Cedar Rock Lodge
Cedar Slope
Cedar Stock
Cedar Vista
Cedarbrook
Cedarpines Park
Cella
Ceneda
Centerville District
Central Camp
Central Valley (historical)
Century City
Ceres
Cerritos
Cerro
Cerro Villa Heights
Chabot Terrace
Chadbourne
Chalfant Valley
Chalk Bank Landing
Challenge
Challenge-Brownsville
Chamberlands Estates
Chambers Lodge
Chambless
Champagne
Champagne Fountain
Chaney Ranch
Channel Islands Beach
Chaparral Heights
Chapmantown
Chappo
Charter Oak
Chatsworth
Chatsworth Lake Manor
Cheeseville
Chemeketa Park
Chemurgic
Cherokee Strip
Cherry Creek Acres
Cherry Valley
Cherryland
Chester
Chianti
Chico
Chilcoot
Childs Meadows
China Lake
China Lake Acres
Chinatown
Chinese Camp
Chino
Chino Hills
Chinowths Corner
Chipps
Chiquita
Chiriaco Summit
Chittenden
Chloride City
Cholame
Chorro
Chowchilla
Christensen
Christie
Chrome
Chualar
Chula Vista
Cienega
Cienega Seabreeze Mobile Home Park
Cima
Cimarron Estates Mobile Home Park
Cinco
Cincotta
Cisco Grove
Citro
Citrona
Citrus
Citrus Gardens Mobile Home Park
Citrus Heights
Citrus View
City Ranch
City Terrace
Clair
Clairemont
Clam Beach
Claraville
Clare Mill
Claremont
Claribel
Clarsona
Claus
Claussenius
Clay
Clayton
Clear Lake Keys
Clear Lake Riviera
Clearing House
Clearlake
Clearlake Highlands
Clearlake Oaks
Clearlake Park
Clement Junction
Clements
Cleone
Cliftwood Mobile Home Park
Clima
Clint
Clipper Gap
Clipper Mills
Clotho
Clover Flat
Cloverdale
Clovis
Coachella
Coalinga
Coarsegold
Cobb
Coburn
Cockatoo Grove
Codora
Coffee
Coffee Creek
Coffing
Cold Fork
Coleville
Colfax
Colfax Spring
Colima
Colina Vista
Collierville
Colma
Colonia Juarez
Colonia Manzanilla
Colton
Columbia
Columbia Village
Colusa
Colusa Junction
Cometa
Commerce
Community Center
Comptche
Compton
Comstock Acres
Comstock Ranch
Conaway
Concepcion
Concord
Concow
Conejo
Conejo Valley Trailer Park
Confederate Corners
Confidence
Coniston
Cooks Valley
Cooley Landing
Coolidge Springs
Copco
Copic
Copper City
Copper Cove Subdivision
Copper Cove Village
Copperopolis
Coppervale
Copple Place
Corcoran
Cordelia
Cordelia Junction
Cordero Junction
Corning
Coromar
Corona
Corona del Mar
Coronado
Coronado Gardens Mobile Home Park
Corporal
Corral de Tierra
Corralitos
Corriganville
Corte Madera
Cortena
Cory
Coso
Coso Junction
Costa Mesa
Cosumne
Cosy Dell
Cota
Cotati
Cotners Corner
Coto De Caza
Cottage Corners
Cottage Springs
Cottonwood
Cougar
Coulterville
Counsman
Country Club
Country Manor Estates
Country Mobile Estates
Country Villa Estates Mobile Home Park
Covelo
Covina
Cow Creek
Cowan Heights
Coyote
Coyote Wells
Coyoteville
Cozzens Corner
Crabtree Place
Cranmore
Crannell
Crater
Creed
Creekside
Crescent City
Crescent Mills
Crescent Ridge Village
Cressey
Crest
Crest Park
Cresta
Crestline
Crestmore
Crocker Place
Crockett
Croft
Crolona Heights
Cromberg
Crome
Cromir
Cronese Valley
Crown
Crown Jewel
Crown Village
Crows Landing
Crucero
Crystal Cove
Crystal Spring
Crystalaire
Cubbler Place
Cudahy
Cuesta Oaks
Cuesta Serena
Cuesta-by-the-Sea
Culver City
Culver Junction
Cummings
Cuna Vista Mobile Home Park
Cunard
Cupertino
Curlew
Curry Village
Curtis Creek Ranch
Curtner
Cushenbury
Cutler
Cutten
Cuttings Wharf
Cuyama
Cygnus
Cypave
Cypress
Cypress Grove
Cypress Hill
D Flourney
Dagon
Dairyland
Dairyville
Daisie
Dales
Daly City
Dan Ryan Place
Dana Point
Dana Point Marina Mobile Home Estates
Danby
Dantoni
Dantuma Place
Danville
Daphnedale Park
Darlingtonia
Darwin
Date City
Daulton
Davenport Landing
Davis
Davis Creek
Dawson Place
Day Valley
Dayton Avenue
De Anza Trailer Harbor
De Luz
De Luz Heights
De Sabla
Deacon Lee Place
Dean Place
Dearborn Park
Death Valley Junction
DeCamp
Declez
Declezville
Dedrick
Deep Springs
Deer Creek Colony
Deer Creek Park
Deer Crossing
Deer Haven
Deer Lake Highlands
Deer Park
Deer View
Deetz
DeHaven
Dehesa
Del Aire
Del Amo
Del Dios
Del Francia Mobile Estates
Del Loma
Del Mar
Del Mar Heights
Del Monte
Del Monte Forest
Del Monte Heights
Del Paso
Del Paso Heights
Del Prado Bolsa
Del Prado Mobile Park Club
Del Ray
Del Rey
Del Rey Oaks
Del Rio
Del Rio Woods
Del Rosa
Del Sur
Del Valle
Delano
Delft Colony
Delhi
Delleker
Delmonico Place
DeLuz
Demuth
Denair
Denny
Denverton
Derby Acres
Derner
DeSabla
Descanso
Descanso Junction
Desert Beach
Desert Camp
Desert Center
Desert Edge
Desert Groves Mobile Home Park
Desert Heights
Desert Hills Trailer Park
Desert Hot Springs
Desert Knolls
Desert Lake
Desert Lodge
Desert Shores
Desert View
Desert View Highlands
Desert View Housing Area
Devil Canyon
Devils Elbow
Devonshire
Devore
Devore Heights
Dew Drop
Di Giorgio
Diablo
Diamond A Ranch Estates
Diamond Bar
Diamond Bar B Ranch
Diamond Springs
Dibble Place
Dillon Beach
Dinkey Creek
Dinsmores
Dinuba
Dirigo
Discovery Bay
Ditch Camp Five
Dixieland
Dixon
Dixon Lane-Meadow Creek
Dobbins
Doble
Dodge Place
Dodgeland
Doghouse Junction
Dogtown
Dolanco Junction
Dollar Point
Dolley
Dolores
Dominguez
Dominguez Junction
Donner
Donner Lake Village
Donner Pines Tract
Donner Woods
Dora Belle
Dorr Place
Dorrington
Dorris
Dos Palmas Corners
Dos Palos
Dos Palos Y
Dos Rios
Douds Landing
Dougherty
Douglas City
Douglas Flat
Douglas Junction
Douglas Park
Dove Canyon
Dow
Downey
Downey Road
Downieville
Doyles Corner
Drakesbad
Drawbridge
Dresser
Drytown
Duarte
Dublin
Ducor
Dudmore
Dufour
Dugan
Dulah
Dulzura
Duncan Corners
Duncan Springs
Duncans Mills
Dunderberg Mill
Dunes
Dunlap Acres
Dunlap Place
Dunmovin
Dunneville
Dunnigan
Dunsmuir
Durham
Durmid
Dustin Acres
Dutch Flat
Dutch Village
Eagle Ranch
Eagle Rock
Eagle Tree
Eagles Nest
Earlimart
Earp
East Arboga
East Arcadia
East Biggs
East Blythe
East Colton Heights
East Compton
East Farmersville
East Foothills
East Garrison
East Gridley
East Hemet
East Highlands
East Irvine
East La Mirada
East Los Angeles
East Nicolaus
East Oakdale
East Orosi
East Palo Alto
East Pasadena
East Petaluma
East Pleasanton
East Porterville
East Quincy
East Rancho Dominguez
East Richmond
East Richmond Heights
East San Diego
East San Gabriel
East Shore
East Side
East Sonora
East Village
East Whittier
East Windsor
Easter Cross
Eastlake Greens
Eastman Place
Easton
Ebbetts Pass Highlands
Eberly
Echo Lake
Echo Park
Echo Ridge Estates
Echo Ridge Trails
Eckley
Eden Gardens
Eden Hot Springs
Edendale
Edenvale
Eder
Edgemar
Edmiston
Edmundson Acres
Edom
Edwards Air Force Base
Egan
Eileen
El Bonita
El Cajon
El Camino
El Camino 76 Trailer Park
El Casco
El Centro
El Cerrito
El Dorado Hills
El Encano Heights
El Granada
El Granada Mobile Home Park
El Macero
El Merrie Dell
El Mirador
El Modena
El Monte
El Moro Beach Mobile Home Park
El Nido
El Pinal
El Rancho Mobile Home Park
El Rio
El Rio Villa
El Rita
El Roble
El Segundo
El Sereno
El Sereno Estates Mobile Home Park
El Sobrante
El Sueno
El Toro
El Toro Mobile Home Estates
El Verano
Elayon
Elders Corner
Elderwood
Eldridge
Eldton
Elfin Forest
Elftman
Elk
Elk Creek
Elk Grove
Elkhorn
Elliott Corner
Ellis Place
Ellwood
Elm View
Elmco
Elmore Desert Ranch
Elora
Elsey
Elvas
Elverta
Embarcadero
Emerald Bay
Emerald Lake
Emerald Lake Hills
Emeryville
Emigrant Gap
Emmaton
Empire
Encanto
Encinal
Encinitas
Encino
Engineer Springs
English Town
Eniwetok Housing Area
Enson
Equestrian Village
Erickson
Escalle
Escalon
Escondido
Escondido Junction
Escondido Village
Esparto
Esperanza
Esquon
Estrellita
Etheda Springs
Etiwanda
Ettawa Springs
Ettersburg
Eucalyptus Hills
Eureka
Evans Place
Evelyn
Evergreen Estates
Exeter
Facht Place
Fagan
Fair Oaks
Fair Play
Fairbanks Ranch
Fairfax
Fairfield
Fairmead
Fairoaks
Fairview
Fairville
Fairway Acres
Fairway Park
Fales Hot Springs
Fall River Mills
Fallbrook
Fallbrook Junction
Fallen Leaf
False Klamath
Famoso
Fane
Faria
Farmersville
Farr
Favinger Place
Fawnskin
Feather Falls
Feather River Inn
Feather River Park
Felix
Fellows
Felton
Femmons
Fergus
Fern Ann Falls
Fern Valley
Fernbridge
Fernbrook
Ferndale
Fernwood
Fetters Hot Springs
Fetters Hot Springs-Agua Caliente
Fickle Hill
Fiddlers Green
Fiddletown
Fieldbrook
Fields Landing
Fiesta Shores
Fig Orchard
Figarden
Fillmore
Fine Gold
Finley Place
Firebaugh
Firebrick
Firestone Park
Fish Camp
Fish Rock
Fish Springs
Fishel
Fisher Place
Five Brooks
Five Mile Terrace
Fizzben Heights
Flamingo Heights
Fleener Place
Fleetridge
Fletcher Place
Flinn Springs
Flonellis
Florence-Graham
Florin
Floriston
Flosden Acres
Flourney
Flournoy
Fluhr
Flumeville
Fly-In Acres
Folsom
Folsom Junction
Fondo
Fontana
Fontenay Villa
Foothill Farms
Foothill Ranch
Foothills of San Marcos Mobile Home Park
Foppiano
Forbestown
Ford City
Forebay
Forest Falls
Forest Knolls
Forest Meadows
Forest Ranch
Forest Springs
Foresta
Foresthill
Forestville
Fornis
Fort Bidwell
Fort Bragg
Fort Dick
Fort Goff
Fort Irwin
Fort Jones
Fort Romie
Fort Roosevelt
Fort Rosecrans
Fort Ross
Fort Seward
Fort Winfield Scott
Fortuna
Foster City
Foster Park
Fountain Place
Fountain Springs
Fountain Valley
Four Acres
Four Pines
Four Points
Fourth Crossing
Fouts Springs
Fowler
Fowler Place
Frances
Franciscan Village
Frazier Corners
Frazier Park
Fraziers Landing
Freda
Fredalba
Fredericks
Freedom
Freestone
Fremont
French Camp
French Corral
French Gulch
French Hill
Fresh Pond
Freshwater
Freshwater Corners
Fresno
Fresno Crossing
Friant
Friend Place
Friendly Hills
Friendly Valley
Friendly Village Mobile Home Park
Frink
Frost
Fruitridge Manor
Fruto
Fuchs
Fuller Acres
Fullerton
Fulton Wells
Furnace Creek
Gabilan Acres
Gale
Galivan
Gallaway
Gallinas
Galt
Ganns
Garberville
Garden Acres
Garden Farms
Garden Grove
Garden Valley
Gardena
Gardenland
Garey
Garlock
Garnet
Garvanza
Gas Point
Gasquet
Gate Place
Gateley
Gato
Gavilan Hills
Gaviota
Gazelle
Gelatt
Gemco
Genes Mobile Home Park
Genevra
Georgetown
Gepford
Gerber
Geyserville
Giant
Gibbs Ranch
Giffen Cantua Ranch
Gillete
Gilliam Place
Gillis
Gilman Hot Springs
Gilroy
Girvan
Glamis
Glen Arbor
Glen Avon
Glen Ellen
Glen Frazer
Glen Martin
Glen Valley
Glenblair
Glenbrook
Glenburn
Glencove
Glendale
Glendale Junction
Glendora
Glenhaven
Glenn
Glenoak Hills
Glenoaks Country
Glenridge Park
Glenwood Mobile Estates
Globe Mill
Glorietta
Gloster
Goat Rock
Goffs
Goggins
Gold Flat
Gold River
Gold Run
Gold Trail Park
Golden Chain Mobile Home Park
Golden Hills
Golden Mesa
Golden Oaks Mobile Estates
Golden Oaks Mobile Home Park
Golden Torch Trailer Park
Golden Valley Acres
Goldleaf
Goldmont Forest
Goldstone
Goldtree
Goler Heights
Goleta
Gomez
Gonzales
Good Hope
Good Meadow
Goodale
Goodmans Corner
Goodmill
Goodyears Bar
Gorda
Gordola
Gosford
Goshen
Gottsville
Government Camp
Governors Village
Grabtown
Graeagle
Graham Place
Graino
Granada Hills
Grand Terrace
Grande Mobile Manor Mobile Home Park
Granite Bay
Granite Hills
Granite Springs
Grant Grove Village
Grapit
Grass Flat
Grass Valley
Graton
Gravenstein
Gravesboro
Grays Flat
Greekstore
Green Acres
Green Brae
Green Springs Ranch
Green Springs Valley
Green Valley
Green Valley Acres
Green Valley Lake
Green Valley Mobile Estates
Green Valley Mobile Home Park
Greenacres
Greenbrier Mobile Home Park
Greenfield
Greenhorn
Greenley Oaks
Greensport
Greenview
Greenville
Greenwater
Greenwich Village
Gregg
Gridley
Griffin Place
Griminger
Grizzlie Place
Grizzly Flat
Grizzly Peak
Grizzly Ridge
Grossmont
Grover Beach
Guadalcanal Village
Guadalupe
Gualala
Guasti
Guatay
Guerneville
Guernewood
Guernewood Park
Guernsey Mill
Guild
Guinda
Gulf
Gum
Gustine
Gypsite
Hacienda
Hacienda Carmel
Hacienda del Florasol
Hacienda Heights
Hackamore
Hacketsville
Hagginwood
Haight
Haiwee
Halcon
Halcyon
Hale Place
Hales Grove
Half Moon Bay
Hall Station
Hallelujah Junction
Halloran Springs
Halls Corner
Halls Flat
Halvern
Hamblin
Hambone
Hamburg Farms
Hamilton Branch
Hamilton City
Hammer Place
Hammil
Hams
Hanford
Hanford Hill
Hannchen
Happy Camp
Harbin Springs
Harbin Springs Annex
Harbison Canyon
Harbor City
Harbor Point
Harbor Side
Harden Flat
Hardy Place
Harlem Springs
Harlow Place
Harmony Acres
Harold
Harpertown
Harrison Park
Harry Floyd Terrace
Hartley
Harts Place
Haskell Creek Homesites
Hat Creek
Hathaway Pines
Hathaway Place
Hathaways Mountain Pines
Havasu Lake
Havasu Palms
Haven Place
Havilah
Hawaiian Gardens
Hawkins Bar
Hawthorne
Hayden Hill
Hayfork
Hays Place
Haystack
Hayward
Hayward Park
Hazelton
Healdsburg
Hearst
Heart Bar Campground
Heath Place
Heather Glen
Heavenly Hills
Heber
Heeser Addition
Helendale
Hellhole Palms
Helltown
Helm
Helm Corner
Hemet
Henderson Village
Hendy Grove
Henley
Henleyville
Henshaw
Herald
Hercraff Place
Hercules
Heritage Mobile Home Park
Herlong
Herlong Junction
Hermosa Beach
Herpoco
Hesperia
Hess Mill
Hessel
Hetch Hetchy Junction
Hewes Park
Hi Vista
Hickok Ranch
Hickson
Hidden Hills
Hidden Meadows
Hidden Palms
Hidden River
Hidden Springs
Hidden Valley Lake
Hideaway Mobile Estates
Higby
Higgins Corner
High Acres Haciendas
High Country
High Sierra Park
Highcroft
Highgrove
Highland
Highland Plams Mobile Home Park
Highlands Mobile Home Park
Highlands-Baywood Park
Hights Corner
Highway City
Hilarita
Hildreth
Hillgrove
Hillmaid
Hills Ferry
Hills Flat
Hillsborough
Hillsborough Park
Hilmar
Hilmar-Irwin
Hilt
Hinda
Hinkley
Hiouchi
Hirschdale
Hite Cove
Hobart Mills
Hobergs
Hoffman Point
Holcomb Village
Holiday Harbor Resort
Holiday Home Mobile Home Park
Hollister
Holly Park
Hollydale
Hollywood
Hollywood Beach
Hollywood by the Sea
Hollywood Riviera
Holmes
Holtville
Holy City
Home Garden
Home Gardens
Home Junction
Homeland
Homelands
Honby
Honcut
Honda
Honeydew
Hood Junction
Hookston
Hookton
Hoopa
Hooperville
Hope Ranch
Hopeton
Hopland
Hoppaw
Hornbrook
Hornitos
Horse Creek
Horse Lake
Horstville
Hoskin
Hotlum
Hough Springs
Houghton Place
Houze Place
Hovley
Howard Springs
Howell Mountain
Howell Place
Howland Flat
Huasna
Hub
Hubert Place
Hudner
Hughes Place
Hughson
Hulburd Grove
Humboldt Hill
Hume
Hume Station
Humphreys
Hunter Place
Hunter-Liggett
Huntington Beach
Huntington Harbour
Huntington Lake
Huntington Park
Hurlbut
Hurleton
Huron
Hutt
Hyampom
Hydesville
Hydril
Hyperion
Ibis
Iceland
Idlewild
Idria
Idyllwild
Idyllwild-Pine Cove
Igerna
Ignacio
Igo
Ilmon
Imhoff
Imola
Imperial
Imperial Beach
Inca
Inceville
Indian Creek
Indian Falls
Indian Gulch
Indian Lakes Estates
Indian Oaks
Indian Village
Indian Wells
Indian Wells Mobile Home Park
Indio
Indio Hills
Ingle
Inglewood
Ingomar
Ingot
Inperial Gables
Inskip
Interlaken
Inverness
Inverness Park
Inyokern
Ione
Iowa Hill
Iremel
Iris
Irish Town
Irmulco
Iron Horse
Ironsides
Irrigosa
Irvine
Irvings Crest
Irvington District
Irwin Estates
Irwindale
Isla Vista
Island Mountain
Isleton
Italian Swiss Colony
Ivanhoe
Ivanpah
Iverson Indian Rancheria
Ivesta
Ivory
Ivy del Mobile Home Park
Jacksnipe
Jackson
Jacobs Corner
Jacumba
Jalama
Jamacha
Jamacha Junction
Jamesan
Jamestown
Jamul
Janes Place
Janesville
Jarvis Landing
Jasmin
Jastro
Jayhawk
Jenks Place
Jenner
Jerseydale
Jesmond Dene
Jesus Maria
Jim Leggett Place
Jimgrey
Jims Camp
Jimtown
Joes Landing
Joesphine
Jofegan
Johannesburg
Johnson Corner
Johnson Park
Johnsondale
Johnsons
Johnston Corner
Johnstons Corner
Johnstonville
Jolon
Jonata Park
Jones Corner
Jones Place
Joshua
Joshua Tree
Jovista
Juan
Julian
Junction Camp
Junction House
Junction Ranch
June Lake
June Lake Junction
Juniper
Juniper Hills
Juniper Springs
K Flourney
Kadota
Kaiser
Kalina
Kanawyers
Kandra
Kane Spring
Karlo
Karnak
Kathryn
Kauffman
Kaweah
Kayandee
Kearsarge
Kecks Corner
Keddie
Keeler
Keenbrook
Kegg
Kekawaka
Keller Place
Kelsey
Kelseyville
Ken Mar Gardens Mobile Home Park
Kennedy
Kennedy Meadow
Kenny
Kensington
Kent Woodlands
Kentfield
Kenton Mill
Kentwood-In-The-Pines
Kenwood
Kenwood Estates
Keough Hot Springs
Kephart
Kerens
Kerman
Kern City
Kern Lake
Kernell
Kernville
Kester
Keswick
Kett
Kettenpom
Kettleman
Kettleman City
Kettleman Station
Kevet
Keyes
Keyesville
Kibesillah
Kiesel
Kilaga Springs
Kilkare Woods
Kilowatt
Kimberly Gardens Mobile Home Park
King City
King Farms
Kings Beach
Kingsburg
Kingvale
Kinneloa Mesa
Kinyon
Kirkville
Kiska
Kismet
Kister
Kit Carson
Kiva Beach
Klamath
Klamath Glen
Klamath River
Klau
Klinefelter
Kneeland
Knights Ferry
Knights Landing
Knightsen
Knowles
Knowles Corner
Knowles Junction
Komandorski Village
Korbel
Korblex
Kramer
Kramer Hills
Kramer Junction
Kramm
Kres
Krug
Kyburz
La Barr Meadows
La Bolsa
La Canada Flintridge
La Costa
La Crescenta
La Crescenta-Montrose
La Cresta
La Cresta Highlands
La Cresta Village
La Cuesta Fontana
La Delta
La Fetra
La Fresa
La Habra
La Habra Heights
La Honda
La Honda Park
La Jolla
La Jolla Amago
La Jolla Hermosa
La Jolla Ranch
La Jolla Shores
La Mesa
La Mirada
La Paco
La Palma
La Paloma
La Panza
La Patera
La Playa
La Porte
La Presa
La Puente
La Quinta
La Riviera
La Selva Beach
La Sierra
La Sierra Heights
La Verne
La Vina
Lacjac
Lackey Place
Ladera
Ladera Heights
Ladera Ranch
Lafayette
Lagol
Laguna
Laguna Beach
Laguna Hills
Laguna Junction
Laguna Niguel
Laguna Vista Trailer Park
Laguna West
Laguna Woods
Lagunitas
Lagunitas-Forest Knolls
Laird Landing
Lairds Corner
Lairds Landing
Lairport
Lake Alpine
Lake Arrowhead
Lake Camanche Ranches
Lake Crest Estates
Lake Davis
Lake Elsinore
Lake Forest
Lake Hills Estates
Lake Hughes
Lake Isabella
Lake Los Angeles
Lake Madera Country Estates
Lake Nacimiento
Lake of the Pines
Lake San Marcos
Lake Sherwood
Lake Tamarisk
Lake Valley
Lake View Terrace
Lake Wildwood
Lakehead
Lakeland Village
Lakemont Pines
Lakeport
Lakeridge Oaks
Lakeside
Lakeside Farms
Lakeview
Lakeview Hot Springs
Lakeview Junction
Lakeview Resort
Lakewood
Lakewood Highlands
Lakewood Sierra
Lamanda Park
Lambert Lake Estates
Lamoine
Lamont
Lamplighter Mobile Home Park
Lanaki Lane Mobile Home Park
Lanare
Lancaster
Landco
Lander Crossing
Lane
Lanfair
Lang
Larabee
Largo Vista
Larkfield-Wikiup
Larkmead
Larkspur
Larson
Las Cantilles
Las Casetas
Las Flores
Las Gallinas
Las Juntas
Las Lomas
Las Palmas
Lasco
Last Chance
Lathrop
Laton
Lavic
Lawndale
Lawrence Welk Resort Village
Laws
Laytonville
Le Grand
Leadfield
Leaf
Leavitt
Lebec
Leduc Acres
Lee Vining
Leffingwell
Leggett
Leimert
Leisure Lake Mobile Home Park
Leisure Town
Lemon Grove
Lemon Heights
Lemona
Lemoncove
Lemoore
Lemoore Station
Lennox
Lento
Lenwood
Leona Valley
Leonardi
Lerdo
Lerona
Leucadia
Levis
Lewiston
Lexington Hills
Liberty Park
Lick
Lido Isle
Likely
Lilac
Lilac Park
Lilac Terrace
Limoneira
Lincoln
Lincoln Acres
Lincoln Crest
Lincoln Village
Linda
Linda Mar
Linda Rose
Linda Vista
Lindcove
Linden
Lindsay
Lingard
Linne
Linnie
Lira
Liskey
Lisko
List
Little Lake
Little Morongo Heights
Little Norway
Little Osaka
Little Penny
Little Shasta
Littlerock
Live Oak
Live Oak Acres
Live Oak Springs
Livermore
Livingston
Llanada
Llano
Lobitos
Locans
Lockeford
Lodge Hill
Lodi
Lodi Junction
Lodoga
Logandale
Lois
Lokern
Lokoya
Loleta
Loma Linda
Loma Mar
Loma Portal
Loma Rica
Lombardi
Lomita
Lomita Park
Lomo
Lompico
Lompoc
London
Lone Pine
Lone Star Junction
Lone Wolf Colony
Long Barn
Long Beach
Longvale
Longville
Lonoak
Lonsmith
Lookout Junction
Loomis
Loomis Corners
Loope
Loraine
Lorenzo Station
Lort
Los Alamitos
Los Alamitos Junction
Los Alamos
Los Altos
Los Altos Hills
Los Angeles
Los Banos
Los Berros
Los Gatos
Los Guilicos
Los Medanos
Los Molinos
Los Nietos
Los Nietos Junction
Los Olivos
Los Osos
Los Ranchitos
Los Serranos
Los Terrentos
Los Trancos Woods
Los Tules
Lost City
Lost Hills
Lotus
Lovdal
Lower Forni
Lower Lake
Lower Town
Lowes Corner
Lowrey
Loyalton
Loyola
Loyola Corners
Lucas Valley
Lucas Valley-Marinwood
Lucca
Lucerne
Lucerne Valley
Lucia
Luckie Place
Lumer
Lund
Lundy
Luzon
Lyman Springs
Lynn Park Acres
Lynnwood Estates
Lynwood
Lynwood Gardens
Lynwood Hills
Lyonsville
Lyoth
Lytle Creek
Lytton
Mabie
Macdoel
Mackenson
Macomber Palms
Madeline
Madera
Madera Acres
Madera Country Club Estates
Madera Highlands
Madera Ranchos
Madrone
Magalia
Malibu
Malibu Beach
Mammoth Lakes
Manhattan Beach
Manteca
March Air Force Base
Maricopa
Marin City
Marina
Marina del Rey
Mariposa
Martinez
Marysville
Maxwell
Mayflower Village
Maywood
McCloud
McFarland
McKinleyville
Mead Valley
Meadow Vista
Mecca
Meiners Oaks
Mendota
Menifee
Menlo Park
Mentone
Merced
Mesa Verde
Middletown
Midpines
Midway City
Mill Valley
Millbrae
Milpitas
Minkler
Mira Loma
Mira Monte
Mission Canyon
Mission Hills
Mission Viejo
Modesto
Mojave
Mono Vista
Monrovia
Montague
Montalvin
Montara
Montclair
Monte Rio
Monte Sereno
Montebello
Montecito
Monterey
Monterey Park
Moorpark
Morada
Moraga
Moreno Valley
Morgan Hill
Morongo Valley
Morro Bay
Moss Beach
Mount Hermon
Mount Shasta
Mountain House
Mountain Ranch
Mountain View
Mountain View Acres
Murphys
Murrieta
Murrieta Hot Springs
Muscoy
Myrtletown
Napa
National City
Needles
Nevada City
Newark
Newcastle
Newman
Newport Beach
Nice
Niland
Nipomo
Norco
North Auburn
North Edwards
North El Monte
North Fair Oaks
North Glendale
North Highlands
North Hollywood
North Lakeport
North Richmond
North Tustin
Northridge
Norwalk
Novato
Nuevo
Oak Hills
Oak Park
Oak View
Oakdale
Oakhurst
Oakland
Oakley
Oasis
Occidental
Oceano
Oceanside
Oildale
Ojai
Olivehurst
Ontario
Opal Cliffs
Orange
Orange Cove
Orangevale
Orcutt
Orinda
Orland
Orosi
Oroville
Oroville East
Oxnard
Oxnard Shores
Pacheco
Pacific Grove
Pacifica
Pajaro
Palermo
Palm Desert
Palm Springs
Palmdale
Palo Alto
Palo Cedro
Palos Verdes Estates
Paradise
Paramount
Parksdale
Parkway
Parkwood
Parlier
Pasadena
Pasatiempo
Paso Robles
Patterson
Pedley
Penn Valley
Penngrove
Perris
Petaluma
Phelan
Pico Rivera
Piedmont
Pine Grove
Pine Hills
Pine Mountain Club
Pine Valley
Pinole
Pinon Hills
Pioneer
Piru
Pismo Beach
Pittsburg
Pixley
Placentia
Placerville
Planada
Pleasant Hill
Pleasanton
Plumas Lake
Plymouth
Pollock Pines
Pomona
Poplar-Cotton Center
Port Hueneme
Porterville
Portola
Portola Hills
Portola Valley
Poway
Prunedale
Quail Valley
Quartz Hill
Quincy
Rainbow
Ramona
Rancho Calaveras
Rancho Cordova
Rancho Cucamonga
Rancho Mirage
Rancho Murieta
Rancho Palos Verdes
Rancho San Diego
Rancho Santa Fe
Rancho Santa Margarita
Rancho Tehama Reserve
Red Bluff
Redding
Redlands
Redondo Beach
Redway
Redwood City
Redwood Shores
Redwood Valley
Reedley
Rialto
Richgrove
Richmond
Ridgecrest
Ridgemark
Rio Del Mar
Rio Dell
Rio Linda
Rio Vista
Ripon
Riverbank
Riverdale
Riverdale Park
Riverside
Rocklin
Rodeo
Rohnert Park
Rolling Hills
Rolling Hills Estates
Rollingwood
Romoland
Rosamond
Rosedale
Roseland
Rosemead
Rosemont
Roseville
Ross
Rossmoor
Rowland Heights
Rubidoux
Running Springs
Sacramento
Saint Helena
Salida
Salinas
Salton City
San Andreas
San Anselmo
San Antonio Heights
San Bernardino
San Bruno
San Carlos
San Clemente
San Diego
San Diego Country Estates
San Dimas
San Fernando
San Francisco
San Gabriel
San Jacinto
San Joaquin
San Joaquin Hills
San Jose
San Juan Bautista
San Juan Capistrano
San Leandro
San Lorenzo
San Luis Obispo
San Marcos
San Marino
San Martin
San Mateo
San Miguel
San Pablo
San Pasqual
San Pedro
San Rafael
San Ramon
Sanger
Santa Ana
Santa Barbara
Santa Clara
Santa Clarita
Santa Cruz
Santa Fe Springs
Santa Margarita
Santa Maria
Santa Monica
Santa Paula
Santa Rosa
Santa Susana
Santa Venetia
Santa Ynez
Santee
Saranap
Saratoga
Saticoy
Sausalito
Scotts Valley
Sea Ranch
Seacliff
Seal Beach
Searles Valley
Seaside
Sebastopol
Sedco Hills
Seeley
Selma
Seven Trees
Shackelford
Shafter
Shandon
Shasta
Shasta Lake
Sheridan
Sherman Oaks
Shingle Springs
Shingletown
Sierra Madre
Signal Hill
Silver Lake
Simi Valley
Sky Valley
Sleepy Hollow
Soda Bay
Solana Beach
Soledad
Solvang
Sonoma
Sonora
Soquel
Soulsbyville
South Dos Palos
South El Monte
South Gate
South Lake Tahoe
South Oroville
South Pasadena
South San Francisco
South San Gabriel
South San Jose Hills
South Taft
South Whittier
South Yuba City
Spring Valley
Squaw Valley
Stallion Springs
Stanford
Stanton
Stockton
Stratford
Strathmore
Strawberry
Suisun
Suisun City
Summerland
Sun City
Sunnyside
Sunnyside-Tahoe City
Sunnyslope
Sunnyvale
Susanville
Sutter
Sutter Creek
Taft
Taft Heights
Taft Mosswood
Tahoe Vista
Tahoma
Talmage
Tamalpais Valley
Tamalpais-Homestead Valley
Tara Hills
Tarpey Village
Tehachapi
Temecula
Temelec
Temple City
Templeton
Terra Bella
Thermal
Thermalito
Thornton
Thousand Oaks
Thousand Palms
Three Rivers
Tiburon
Tierra Buena
Tipton
Topanga
Toro Canyon
Torrance
Trabuco Canyon
Tracy
Truckee
Tulare
Tulelake
Tuolumne City
Turlock
Tustin
Tustin Foothills
Twain Harte
Twentynine Palms
Twin Lakes
Ukiah
Union City
Universal City
Upland
Vacaville
Valinda
Vallejo
Vandenberg Air Force Base
Ventura
Victorville
View Park-Windsor Hills
Vine Hill
Vineyard
Visalia
Vista
Walnut Creek
Walnut Grove
Walnut Park
Wasco
Waterford
Watsonville
Weaverville
Weed
Weedpatch
Weldon
West Athens
West Bishop
West Carson
West Covina
West Hills
West Hollywood
West Menlo Park
West Modesto
West Park
West Puente Valley
West Rancho Dominguez
West Sacramento
West Whittier-Los Nietos
Westhaven-Moonstone
Westlake Village
Westminster
Westmont
Westmorland
Westwood
Westwood, Los Angeles
Wheatland
Whittier
Wildomar
Williams
Willits
Willow Creek
Willowbrook
Willows
Wilton
Winchester
Windsor
Winter Gardens
Winters
Winton
Wofford Heights
Woodacre
Woodbridge
Woodcrest
Woodlake
Woodland
Woodland Hills
Woodside
Woodville
Wrightwood
Yorba Linda
Yosemite Lakes
Yosemite Valley
Yountville
Yreka
Yuba City
Yucaipa
Yucca Valley
Trying to click on : [[ChromeDriver: chrome on XP (a9766e76be5200160bb0183b940412ba)] -> xpath: //span[contains(text(),'Acton')]]
Clicked on : [[ChromeDriver: chrome on XP (a9766e76be5200160bb0183b940412ba)] -> xpath: //span[contains(text(),'Acton')]]
Trying to click on : [[ChromeDriver: chrome on XP (a9766e76be5200160bb0183b940412ba)] -> xpath: //button[contains(text(),'Continue')]]
Clicked on : [[ChromeDriver: chrome on XP (a9766e76be5200160bb0183b940412ba)] -> xpath: //button[contains(text(),'Continue')]]
Trying to click on : [[ChromeDriver: chrome on XP (a9766e76be5200160bb0183b940412ba)] -> xpath: //div[@id='skills-tab-section']//button[contains(text(),'Continue')]]
Clicked on : [[ChromeDriver: chrome on XP (a9766e76be5200160bb0183b940412ba)] -> xpath: //div[@id='skills-tab-section']//button[contains(text(),'Continue')]]
selection is : java.awt.datatransfer.StringSelection@2b214b94
Trying to click on : [[ChromeDriver: chrome on XP (a9766e76be5200160bb0183b940412ba)] -> xpath: //button[contains(text(),'Upload Resume')]]
Clicked on : [[ChromeDriver: chrome on XP (a9766e76be5200160bb0183b940412ba)] -> xpath: //button[contains(text(),'Upload Resume')]]
Enter Releases
Trying to click on : [[ChromeDriver: chrome on XP (a9766e76be5200160bb0183b940412ba)] -> xpath: //button[@class='btn btn-primary']]
Clicked on : [[ChromeDriver: chrome on XP (a9766e76be5200160bb0183b940412ba)] -> xpath: //button[@class='btn btn-primary']]
Exception occur : org.openqa.selenium.NoSuchElementException: no such element: Unable to locate element: {"method":"xpath","selector":"//div[contains(text(),'All')]"}
  (Session info: chrome=78.0.3904.108)
For documentation on this error, please visit: http://seleniumhq.org/exceptions/no_such_element.html
Build info: version: '3.141.5', revision: 'd54ebd709a', time: '2018-11-06T11:42:16'
System info: host: 'VIJAY-CH', ip: '10.20.8.248', os.name: 'Windows 10', os.arch: 'amd64', os.version: '10.0', java.version: '1.8.0_152'
Driver info: org.openqa.selenium.chrome.ChromeDriver
Capabilities {acceptInsecureCerts: false, browserName: chrome, browserVersion: 78.0.3904.108, chrome: {chromedriverVersion: 78.0.3904.70 (edb9c9f3de024..., userDataDir: C:\Users\chavan_v\AppData\L...}, goog:chromeOptions: {debuggerAddress: localhost:60046}, javascriptEnabled: true, networkConnectionEnabled: false, pageLoadStrategy: normal, platform: XP, platformName: XP, proxy: Proxy(), setWindowRect: true, strictFileInteractability: false, timeouts: {implicit: 0, pageLoad: 300000, script: 30000}, unhandledPromptBehavior: dismiss and notify}
Session ID: a9766e76be5200160bb0183b940412ba
*** Element info: {Using=xpath, value=//div[contains(text(),'All')]}
]]></system-out>
    <system-err><![CDATA[Starting ChromeDriver 78.0.3904.70 (edb9c9f3de0247fd912a77b7f6cae7447f6d3ad5-refs/branch-heads/3904@{#800}) on port 3817
Only local connections are allowed.
Please protect ports used by ChromeDriver and related test frameworks to prevent access by malicious code.
Dec 06, 2019 1:04:57 PM org.openqa.selenium.remote.ProtocolHandshake createSession
INFO: Detected dialect: W3C
[BaseClass] [FATAL] Hey this is just factal error message
org.openqa.selenium.NoSuchElementException: no such element: Unable to locate element: {"method":"xpath","selector":"//div[contains(text(),'All')]"}
  (Session info: chrome=78.0.3904.108)
For documentation on this error, please visit: http://seleniumhq.org/exceptions/no_such_element.html
Build info: version: '3.141.5', revision: 'd54ebd709a', time: '2018-11-06T11:42:16'
System info: host: 'VIJAY-CH', ip: '10.20.8.248', os.name: 'Windows 10', os.arch: 'amd64', os.version: '10.0', java.version: '1.8.0_152'
Driver info: org.openqa.selenium.chrome.ChromeDriver
Capabilities {acceptInsecureCerts: false, browserName: chrome, browserVersion: 78.0.3904.108, chrome: {chromedriverVersion: 78.0.3904.70 (edb9c9f3de024..., userDataDir: C:\Users\chavan_v\AppData\L...}, goog:chromeOptions: {debuggerAddress: localhost:60046}, javascriptEnabled: true, networkConnectionEnabled: false, pageLoadStrategy: normal, platform: XP, platformName: XP, proxy: Proxy(), setWindowRect: true, strictFileInteractability: false, timeouts: {implicit: 0, pageLoad: 300000, script: 30000}, unhandledPromptBehavior: dismiss and notify}
Session ID: a9766e76be5200160bb0183b940412ba
*** Element info: {Using=xpath, value=//div[contains(text(),'All')]}
	at sun.reflect.NativeConstructorAccessorImpl.newInstance0(Native Method)
	at sun.reflect.NativeConstructorAccessorImpl.newInstance(NativeConstructorAccessorImpl.java:62)
	at sun.reflect.DelegatingConstructorAccessorImpl.newInstance(DelegatingConstructorAccessorImpl.java:45)
	at java.lang.reflect.Constructor.newInstance(Constructor.java:423)
	at org.openqa.selenium.remote.http.W3CHttpResponseCodec.createException(W3CHttpResponseCodec.java:187)
	at org.openqa.selenium.remote.http.W3CHttpResponseCodec.decode(W3CHttpResponseCodec.java:122)
	at org.openqa.selenium.remote.http.W3CHttpResponseCodec.decode(W3CHttpResponseCodec.java:49)
	at org.openqa.selenium.remote.HttpCommandExecutor.execute(HttpCommandExecutor.java:158)
	at org.openqa.selenium.remote.service.DriverCommandExecutor.execute(DriverCommandExecutor.java:83)
	at org.openqa.selenium.remote.RemoteWebDriver.execute(RemoteWebDriver.java:552)
	at org.openqa.selenium.remote.RemoteWebDriver.findElement(RemoteWebDriver.java:323)
	at org.openqa.selenium.remote.RemoteWebDriver.findElementByXPath(RemoteWebDriver.java:428)
	at org.openqa.selenium.By$ByXPath.findElement(By.java:353)
	at org.openqa.selenium.remote.RemoteWebDriver.findElement(RemoteWebDriver.java:315)
	at sun.reflect.GeneratedMethodAccessor2.invoke(Unknown Source)
	at sun.reflect.DelegatingMethodAccessorImpl.invoke(DelegatingMethodAccessorImpl.java:43)
	at java.lang.reflect.Method.invoke(Method.java:498)
	at org.openqa.selenium.support.events.EventFiringWebDriver.lambda$new$1(EventFiringWebDriver.java:105)
	at com.sun.proxy.$Proxy10.findElement(Unknown Source)
	at org.openqa.selenium.support.events.EventFiringWebDriver.findElement(EventFiringWebDriver.java:194)
	at org.openqa.selenium.support.pagefactory.DefaultElementLocator.findElement(DefaultElementLocator.java:69)
	at org.openqa.selenium.support.pagefactory.internal.LocatingElementHandler.invoke(LocatingElementHandler.java:38)
	at com.sun.proxy.$Proxy14.click(Unknown Source)
	at com.staff.qa.util.TestUtil.click(TestUtil.java:62)
	at com.staff.qa.pages.ConsultantPage$2.apply(ConsultantPage.java:558)
	at com.staff.qa.pages.ConsultantPage$2.apply(ConsultantPage.java:556)
	at org.openqa.selenium.support.ui.FluentWait.until(FluentWait.java:249)
	at com.staff.qa.pages.ConsultantPage.setClickOnAllTag(ConsultantPage.java:556)
	at com.staff.qa.testcases.ConsultantPageTest.verifyAddNewConsultant(ConsultantPageTest.java:204)
	at sun.reflect.NativeMethodAccessorImpl.invoke0(Native Method)
	at sun.reflect.NativeMethodAccessorImpl.invoke(NativeMethodAccessorImpl.java:62)
	at sun.reflect.DelegatingMethodAccessorImpl.invoke(DelegatingMethodAccessorImpl.java:43)
	at java.lang.reflect.Method.invoke(Method.java:498)
	at org.testng.internal.MethodInvocationHelper.invokeMethod(MethodInvocationHelper.java:124)
	at org.testng.internal.Invoker.invokeMethod(Invoker.java:580)
	at org.testng.internal.Invoker.invokeTestMethod(Invoker.java:716)
	at org.testng.internal.Invoker.invokeTestMethods(Invoker.java:988)
	at org.testng.internal.TestMethodWorker.invokeTestMethods(TestMethodWorker.java:125)
	at org.testng.internal.TestMethodWorker.run(TestMethodWorker.java:109)
	at org.testng.TestRunner.privateRun(TestRunner.java:648)
	at org.testng.TestRunner.run(TestRunner.java:505)
	at org.testng.SuiteRunner.runTest(SuiteRunner.java:455)
	at org.testng.SuiteRunner.runSequentially(SuiteRunner.java:450)
	at org.testng.SuiteRunner.privateRun(SuiteRunner.java:415)
	at org.testng.SuiteRunner.run(SuiteRunner.java:364)
	at org.testng.SuiteRunnerWorker.runSuite(SuiteRunnerWorker.java:52)
	at org.testng.SuiteRunnerWorker.run(SuiteRunnerWorker.java:84)
	at org.testng.TestNG.runSuitesSequentially(TestNG.java:1208)
	at org.testng.TestNG.runSuitesLocally(TestNG.java:1137)
	at org.testng.TestNG.runSuites(TestNG.java:1049)
	at org.testng.TestNG.run(TestNG.java:1017)
	at org.apache.maven.surefire.testng.TestNGExecutor.run(TestNGExecutor.java:281)
	at org.apache.maven.surefire.testng.TestNGXmlTestSuite.execute(TestNGXmlTestSuite.java:75)
	at org.apache.maven.surefire.testng.TestNGProvider.invoke(TestNGProvider.java:121)
	at org.apache.maven.surefire.booter.ForkedBooter.invokeProviderInSameClassLoader(ForkedBooter.java:290)
	at org.apache.maven.surefire.booter.ForkedBooter.runSuitesInProcess(ForkedBooter.java:242)
	at org.apache.maven.surefire.booter.ForkedBooter.main(ForkedBooter.java:121)
]]></system-err>
  </testcase>
  <testcase name="verifyDuplicateConsultant" classname="com.staff.qa.testcases.ConsultantPageTest" time="74.704">
    <failure message="expected [Consultant is already exists with same email-id. Duplicate Consultant can not be created.] but found [Consultant (ID:-Cons-669770) Added Successfully]" type="java.lang.AssertionError">java.lang.AssertionError: expected [Consultant is already exists with same email-id. Duplicate Consultant can not be created.] but found [Consultant (ID:-Cons-669770) Added Successfully]
	at com.staff.qa.testcases.ConsultantPageTest.verifyDuplicateConsultant(ConsultantPageTest.java:285)
</failure>
    <system-out><![CDATA[TC Name is : verifyAddNewConsultant
D:\Personal Docs\Eclipse\E-Staff\screenshots\E_Staff_ScreenshotsverifyAddNewConsultant1575617808922.png
Browser close
Row count is : 2
Column count is : 21
Last Row Number is : 1
Last Col Number is : 21
Excel data is : Santosh
Excel data is : Gopi Pillai
Excel data is : Santosh0021@gmail.com
Excel data is : 
Excel data is : 61.17
Excel data is : Hourly
Excel data is : 2017
Excel data is : Oct
Excel data is : 1
Excel data is : Immediately 
Excel data is : Bay Area Or North
Excel data is : Hourly W2
Excel data is : EMPLOYEE
Excel data is : H1B
Excel data is : United States
Excel data is : California
Excel data is : Acton
Excel data is : Dummy employee
Excel data is : 
Excel data is : 
Excel data is : 
Before Navigation to : 'http://10.20.14.84:1010/ATS.UI_v1.0/#/login
Navigated to : 'http://10.20.14.84:1010/ATS.UI_v1.0/#/login
[BaseClass] [WARN] Hey this is warning message
Trying to click on : [[ChromeDriver: chrome on XP (fd5b11b3ea285fadde48648098a01a6f)] -> xpath: //div[@class='btn btn-primary login-button']]
Clicked on : [[ChromeDriver: chrome on XP (fd5b11b3ea285fadde48648098a01a6f)] -> xpath: //div[@class='btn btn-primary login-button']]
Trying to click on : [[ChromeDriver: chrome on XP (fd5b11b3ea285fadde48648098a01a6f)] -> xpath: //span[@class='MM-modal-close']]
Clicked on : [[ChromeDriver: chrome on XP (fd5b11b3ea285fadde48648098a01a6f)] -> xpath: //span[@class='MM-modal-close']]
Before Navigation to : 'http://10.20.14.84:1010/ATS.UI_v1.0/#/consultants
Navigated to : 'http://10.20.14.84:1010/ATS.UI_v1.0/#/consultants
Loading>>>>>>>>>>>>>>>>>>>>>>>>
Trying to click on : [[ChromeDriver: chrome on XP (fd5b11b3ea285fadde48648098a01a6f)] -> xpath: //label[text()='Add New']]
Exception occur : org.openqa.selenium.ElementClickInterceptedException: element click intercepted: Element <label _ngcontent-c9="" class="action-text">...</label> is not clickable at point (811, 112). Other element would receive the click: <div _ngcontent-c2="" class="col-md-10 msg-content">...</div>
  (Session info: chrome=78.0.3904.108)
Build info: version: '3.141.5', revision: 'd54ebd709a', time: '2018-11-06T11:42:16'
System info: host: 'VIJAY-CH', ip: '10.20.8.248', os.name: 'Windows 10', os.arch: 'amd64', os.version: '10.0', java.version: '1.8.0_152'
Driver info: org.openqa.selenium.chrome.ChromeDriver
Capabilities {acceptInsecureCerts: false, browserName: chrome, browserVersion: 78.0.3904.108, chrome: {chromedriverVersion: 78.0.3904.70 (edb9c9f3de024..., userDataDir: C:\Users\chavan_v\AppData\L...}, goog:chromeOptions: {debuggerAddress: localhost:60118}, javascriptEnabled: true, networkConnectionEnabled: false, pageLoadStrategy: normal, platform: XP, platformName: XP, proxy: Proxy(), setWindowRect: true, strictFileInteractability: false, timeouts: {implicit: 0, pageLoad: 300000, script: 30000}, unhandledPromptBehavior: dismiss and notify}
Session ID: fd5b11b3ea285fadde48648098a01a6f
Loading>>>>>>>>>>>>>>>>>>>>>>>>
Trying to click on : [[ChromeDriver: chrome on XP (fd5b11b3ea285fadde48648098a01a6f)] -> xpath: //label[text()='Add New']]
Exception occur : org.openqa.selenium.ElementClickInterceptedException: element click intercepted: Element <label _ngcontent-c9="" class="action-text">...</label> is not clickable at point (811, 112). Other element would receive the click: <div _ngcontent-c2="" class="col-md-10 msg-content">...</div>
  (Session info: chrome=78.0.3904.108)
Build info: version: '3.141.5', revision: 'd54ebd709a', time: '2018-11-06T11:42:16'
System info: host: 'VIJAY-CH', ip: '10.20.8.248', os.name: 'Windows 10', os.arch: 'amd64', os.version: '10.0', java.version: '1.8.0_152'
Driver info: org.openqa.selenium.chrome.ChromeDriver
Capabilities {acceptInsecureCerts: false, browserName: chrome, browserVersion: 78.0.3904.108, chrome: {chromedriverVersion: 78.0.3904.70 (edb9c9f3de024..., userDataDir: C:\Users\chavan_v\AppData\L...}, goog:chromeOptions: {debuggerAddress: localhost:60118}, javascriptEnabled: true, networkConnectionEnabled: false, pageLoadStrategy: normal, platform: XP, platformName: XP, proxy: Proxy(), setWindowRect: true, strictFileInteractability: false, timeouts: {implicit: 0, pageLoad: 300000, script: 30000}, unhandledPromptBehavior: dismiss and notify}
Session ID: fd5b11b3ea285fadde48648098a01a6f
Loading>>>>>>>>>>>>>>>>>>>>>>>>
Trying to click on : [[ChromeDriver: chrome on XP (fd5b11b3ea285fadde48648098a01a6f)] -> xpath: //label[text()='Add New']]
Exception occur : org.openqa.selenium.ElementClickInterceptedException: element click intercepted: Element <label _ngcontent-c9="" class="action-text">...</label> is not clickable at point (811, 112). Other element would receive the click: <div _ngcontent-c2="" class="col-md-10 msg-content">...</div>
  (Session info: chrome=78.0.3904.108)
Build info: version: '3.141.5', revision: 'd54ebd709a', time: '2018-11-06T11:42:16'
System info: host: 'VIJAY-CH', ip: '10.20.8.248', os.name: 'Windows 10', os.arch: 'amd64', os.version: '10.0', java.version: '1.8.0_152'
Driver info: org.openqa.selenium.chrome.ChromeDriver
Capabilities {acceptInsecureCerts: false, browserName: chrome, browserVersion: 78.0.3904.108, chrome: {chromedriverVersion: 78.0.3904.70 (edb9c9f3de024..., userDataDir: C:\Users\chavan_v\AppData\L...}, goog:chromeOptions: {debuggerAddress: localhost:60118}, javascriptEnabled: true, networkConnectionEnabled: false, pageLoadStrategy: normal, platform: XP, platformName: XP, proxy: Proxy(), setWindowRect: true, strictFileInteractability: false, timeouts: {implicit: 0, pageLoad: 300000, script: 30000}, unhandledPromptBehavior: dismiss and notify}
Session ID: fd5b11b3ea285fadde48648098a01a6f
Loading>>>>>>>>>>>>>>>>>>>>>>>>
Trying to click on : [[ChromeDriver: chrome on XP (fd5b11b3ea285fadde48648098a01a6f)] -> xpath: //label[text()='Add New']]
Clicked on : [[ChromeDriver: chrome on XP (fd5b11b3ea285fadde48648098a01a6f)] -> xpath: //label[text()='Add New']]
Trying to click on : [[ChromeDriver: chrome on XP (fd5b11b3ea285fadde48648098a01a6f)] -> xpath: //span[contains(text(),'Add Manually')]]
Clicked on : [[ChromeDriver: chrome on XP (fd5b11b3ea285fadde48648098a01a6f)] -> xpath: //span[contains(text(),'Add Manually')]]
Consultant id is ::: Cons-669770
Trying to click on : [[ChromeDriver: chrome on XP (fd5b11b3ea285fadde48648098a01a6f)] -> xpath: //ng-select[@name='payRateUOM']]
Clicked on : [[ChromeDriver: chrome on XP (fd5b11b3ea285fadde48648098a01a6f)] -> xpath: //ng-select[@name='payRateUOM']]
++++++++++++++++Daily
Hourly
Monthly
Yearly
Trying to click on : [[ChromeDriver: chrome on XP (fd5b11b3ea285fadde48648098a01a6f)] -> xpath: //span[contains(text(),'Hourly')]]
Clicked on : [[ChromeDriver: chrome on XP (fd5b11b3ea285fadde48648098a01a6f)] -> xpath: //span[contains(text(),'Hourly')]]
Trying to click on : [[ChromeDriver: chrome on XP (fd5b11b3ea285fadde48648098a01a6f)] -> xpath: //input[@name='consultantAvailDate']]
Clicked on : [[ChromeDriver: chrome on XP (fd5b11b3ea285fadde48648098a01a6f)] -> xpath: //input[@name='consultantAvailDate']]
Trying to click on : [[ChromeDriver: chrome on XP (fd5b11b3ea285fadde48648098a01a6f)] -> xpath: //span[@class='owl-dt-control-button-arrow']]
Clicked on : [[ChromeDriver: chrome on XP (fd5b11b3ea285fadde48648098a01a6f)] -> xpath: //span[@class='owl-dt-control-button-arrow']]
2016
2017
2018
2019
2020
2021
2022
2023
2024
2025
2026
2027
2028
2029
2030
2031
2032
2033
2034
2035
2036
Trying to click on : [[ChromeDriver: chrome on XP (fd5b11b3ea285fadde48648098a01a6f)] -> xpath: //span[@class='owl-dt-calendar-cell-content'][contains(text(),'2017')]]
Clicked on : [[ChromeDriver: chrome on XP (fd5b11b3ea285fadde48648098a01a6f)] -> xpath: //span[@class='owl-dt-calendar-cell-content'][contains(text(),'2017')]]
Start month is : Jan
Feb
Mar
Apr
May
Jun
Jul
Aug
Sep
Oct
Nov
Dec
Trying to click on : [[ChromeDriver: chrome on XP (fd5b11b3ea285fadde48648098a01a6f)] -> xpath: //span[@class='owl-dt-calendar-cell-content'][contains(text(),'Oct')]]
Clicked on : [[ChromeDriver: chrome on XP (fd5b11b3ea285fadde48648098a01a6f)] -> xpath: //span[@class='owl-dt-calendar-cell-content'][contains(text(),'Oct')]]
Date is ::-1
2
3
4
5
6
7
8
9
10
11
12
13
14
15
16
17
18
19
20
21
22
23
24
25
26
27
28
29
30
31
1
2
3
4
5
6
7
8
9
10
11
Trying to click on : [[ChromeDriver: chrome on XP (fd5b11b3ea285fadde48648098a01a6f)] -> xpath: //span[@class='owl-dt-calendar-cell-content'][contains(text(),'1')]]
Clicked on : [[ChromeDriver: chrome on XP (fd5b11b3ea285fadde48648098a01a6f)] -> xpath: //span[@class='owl-dt-calendar-cell-content'][contains(text(),'1')]]
Trying to click on : [[ChromeDriver: chrome on XP (fd5b11b3ea285fadde48648098a01a6f)] -> xpath: //ng-select[@name='consultantAvailNotice']]
Clicked on : [[ChromeDriver: chrome on XP (fd5b11b3ea285fadde48648098a01a6f)] -> xpath: //ng-select[@name='consultantAvailNotice']]
++++++++++++++++Immediate
Immediately
1 Week
1-2 Weeks
1-2 Weeks Notice
2 Week
2 Weeks
2 Weeks Notice
2-3 Weeks
2WEEKS
2wweks
4 Weeks
Immediate
Immediately
Two Weeks
Week
Weeks
! Week
$145k + Benefits
$60/hr on C2C
08/25/08
1
1 - 2 Week
1 - 2 Weeks
1 - 2 Weeks Notice
1 - 2 Weeksn Otice
1 Week
1 - Week
1- 2 Weeks
1- 2weeks
1 Day
1 Month
1 To 2 Weeks
1 Week
1 Week For Relocation
1 Week Notice
1 Week Period
1 Week Relocation
1 Weekfo Relocation
1 Weeks
1- Weeks
1 Weeks Notice
1/2 Weeks
1/2 Weeks Notice
10 Days
10 Days Noctice
1-2 Day Notice
1-2 Notice
1-2 Week
1-2 Week s
12 Weeks
1-2 Weeks
1-2 Weeks Notice
1-2 Weels
1-2Week
1-2Weeks
1-3 Weeks
1-4 Weeks
15-20 Days
1st April 2014
1st Oct.
1st/2nd Week of Jan.'12
1week
2
2 - 3 WEEK
2 - 3 Week Notice
2 - 3 Weeks
2 - 3 Weeks Notice
2 - 4 Weeks
2 - Week Notice
2 Weeks
2 - Weeks
2- 3 Weeks
2 Days
2 Days to a week
2 To 3 Weeks
2 W
2 Wee
2 Weeek
2 Weeeks
2 Week
2 Week Notice
2 Weekis
2 Weeks
2 Weeks Noti
2 Weeks Notice
2 Weeks’ Notice
2 Weels
2 Weks
2 Weks Notice
22/5/2017
2-3 Days Notice
2-3 Week
2-3 Weeks
2-3 Weeks Notice
2-3 Weeks’
2-3 Weekws Notice
2weeks
3 - 4 Weeks Notice
3 Weeks
3 To 4 Weeks
3 Week Notice
3 Weeks
3 Weeks Notice
3-4 DAYS
3-4 Weeks
3-4 Weeks Notice
4 Weeks
4-5 Weeks
5 Business Days
5 Days
5-6 Weeks
6 Weeks Notice
After 2 Weeks
Almost Immediately
ASAP
I
Im
Imediate
Imemdiate
Imm
Immdiately.
Imme
Immed
Immedaite
Immedate
Immedialtey
Immediate
Immediate$18/hr on W2
Immediately
Immediately.
Immediatley
Immediatoey
Immedidate
Immeidate
Immi
Immideate
Immidiate
Immiedate
Jan 2014
Min 2 weeks
NA
None
Not required
One Week
One week notice
Oo
R
Three weeks
Tw
Two Weeeks
Two Weeks
Two weks
Two Wweks
Twow Weeks
Week Notice
Weeks
Trying to click on : [[ChromeDriver: chrome on XP (fd5b11b3ea285fadde48648098a01a6f)] -> xpath: //span[contains(text(),'Immediately ')]]
Clicked on : [[ChromeDriver: chrome on XP (fd5b11b3ea285fadde48648098a01a6f)] -> xpath: //span[contains(text(),'Immediately ')]]
Trying to click on : [[ChromeDriver: chrome on XP (fd5b11b3ea285fadde48648098a01a6f)] -> xpath: //ng-select[@name='consultantCanRelocateTo']]
Clicked on : [[ChromeDriver: chrome on XP (fd5b11b3ea285fadde48648098a01a6f)] -> xpath: //ng-select[@name='consultantCanRelocateTo']]
++++++++++++++++Bay Area
Bay Area CA
Bay Area Only
Bay Area Or North
BC, Canada
Ca
California
Columbus, OH
FL
Florida
NJ
NY
NY/NJ
NY/NJ/DE
NY/NJ/MD
Yes
1-2 Weeks
2 Weeks
20-25 Miles Only
20-30 Miles Commute
20-30 Miles Commute Only
3
30 Miles Only
30 Miles Only in CA
30-40 Miles
30-40 Miles Commute
30-40 Miles Commute Only
30-40 Miles Only
30-40 Miles Per Hour
30-50 Miles
30-50 Miles Commute Only
30-50 Miles Only
30-501
7
A
albany ,NY
Any
Any Wher in CA
Any Wher in CA / Remote
Any Wher in MD
Any Wher in OR
Any Wher in US
Any Wher in USA
Any Wher in VA
Any Where
Any Where CA
Any Where CA/OR
Any Where CT
Any Where DC
Any Where DE
Any Where i ca
Any Where in CT
Any Where in FL
[...]
  (Session info: chrome=78.0.3904.108)
For documentation on this error, please visit: http://seleniumhq.org/exceptions/no_such_element.html
Build info: version: '3.141.5', revision: 'd54ebd709a', time: '2018-11-06T11:42:16'
System info: host: 'VIJAY-CH', ip: '10.20.8.248', os.name: 'Windows 10', os.arch: 'amd64', os.version: '10.0', java.version: '1.8.0_152'
Driver info: org.openqa.selenium.chrome.ChromeDriver
Capabilities {acceptInsecureCerts: false, browserName: chrome, browserVersion: 78.0.3904.108, chrome: {chromedriverVersion: 78.0.3904.70 (edb9c9f3de024..., userDataDir: C:\Users\chavan_v\AppData\L...}, goog:chromeOptions: {debuggerAddress: localhost:60612}, javascriptEnabled: true, networkConnectionEnabled: false, pageLoadStrategy: normal, platform: XP, platformName: XP, proxy: Proxy(), setWindowRect: true, strictFileInteractability: false, timeouts: {implicit: 0, pageLoad: 300000, script: 30000}, unhandledPromptBehavior: dismiss and notify}
Session ID: 694beb96e638880db110368238b618ce
*** Element info: {Using=xpath, value=//div[@class='col-md-10 msg-content']}
]]></system-out>
    <system-err><![CDATA[Starting ChromeDriver 78.0.3904.70 (edb9c9f3de0247fd912a77b7f6cae7447f6d3ad5-refs/branch-heads/3904@{#800}) on port 43033
Only local connections are allowed.
Please protect ports used by ChromeDriver and related test frameworks to prevent access by malicious code.
Dec 06, 2019 1:13:28 PM org.openqa.selenium.remote.ProtocolHandshake createSession
INFO: Detected dialect: W3C
[BaseClass] [FATAL] Hey this is just factal error message
org.openqa.selenium.NoSuchElementException: no such element: Unable to locate element: {"method":"xpath","selector":"//div[@class='col-md-10 msg-content']"}
  (Session info: chrome=78.0.3904.108)
For documentation on this error, please visit: http://seleniumhq.org/exceptions/no_such_element.html
Build info: version: '3.141.5', revision: 'd54ebd709a', time: '2018-11-06T11:42:16'
System info: host: 'VIJAY-CH', ip: '10.20.8.248', os.name: 'Windows 10', os.arch: 'amd64', os.version: '10.0', java.version: '1.8.0_152'
Driver info: org.openqa.selenium.chrome.ChromeDriver
Capabilities {acceptInsecureCerts: false, browserName: chrome, browserVersion: 78.0.3904.108, chrome: {chromedriverVersion: 78.0.3904.70 (edb9c9f3de024..., userDataDir: C:\Users\chavan_v\AppData\L...}, goog:chromeOptions: {debuggerAddress: localhost:60612}, javascriptEnabled: true, networkConnectionEnabled: false, pageLoadStrategy: normal, platform: XP, platformName: XP, proxy: Proxy(), setWindowRect: true, strictFileInteractability: false, timeouts: {implicit: 0, pageLoad: 300000, script: 30000}, unhandledPromptBehavior: dismiss and notify}
Session ID: 694beb96e638880db110368238b618ce
*** Element info: {Using=xpath, value=//div[@class='col-md-10 msg-content']}
	at sun.reflect.NativeConstructorAccessorImpl.newInstance0(Native Method)
	at sun.reflect.NativeConstructorAccessorImpl.newInstance(NativeConstructorAccessorImpl.java:62)
	at sun.reflect.DelegatingConstructorAccessorImpl.newInstance(DelegatingConstructorAccessorImpl.java:45)
	at java.lang.reflect.Constructor.newInstance(Constructor.java:423)
	at org.openqa.selenium.remote.http.W3CHttpResponseCodec.createException(W3CHttpResponseCodec.java:187)
	at org.openqa.selenium.remote.http.W3CHttpResponseCodec.decode(W3CHttpResponseCodec.java:122)
	at org.openqa.selenium.remote.http.W3CHttpResponseCodec.decode(W3CHttpResponseCodec.java:49)
	at org.openqa.selenium.remote.HttpCommandExecutor.execute(HttpCommandExecutor.java:158)
	at org.openqa.selenium.remote.service.DriverCommandExecutor.execute(DriverCommandExecutor.java:83)
	at org.openqa.selenium.remote.RemoteWebDriver.execute(RemoteWebDriver.java:552)
	at org.openqa.selenium.remote.RemoteWebDriver.findElement(RemoteWebDriver.java:323)
	at org.openqa.selenium.remote.RemoteWebDriver.findElementByXPath(RemoteWebDriver.java:428)
	at org.openqa.selenium.By$ByXPath.findElement(By.java:353)
	at org.openqa.selenium.remote.RemoteWebDriver.findElement(RemoteWebDriver.java:315)
	at sun.reflect.GeneratedMethodAccessor2.invoke(Unknown Source)
	at sun.reflect.DelegatingMethodAccessorImpl.invoke(DelegatingMethodAccessorImpl.java:43)
	at java.lang.reflect.Method.invoke(Method.java:498)
	at org.openqa.selenium.support.events.EventFiringWebDriver.lambda$new$1(EventFiringWebDriver.java:105)
	at com.sun.proxy.$Proxy10.findElement(Unknown Source)
	at org.openqa.selenium.support.events.EventFiringWebDriver.findElement(EventFiringWebDriver.java:194)
	at org.openqa.selenium.support.pagefactory.DefaultElementLocator.findElement(DefaultElementLocator.java:69)
	at org.openqa.selenium.support.pagefactory.internal.LocatingElementHandler.invoke(LocatingElementHandler.java:38)
	at com.sun.proxy.$Proxy14.getText(Unknown Source)
	at com.staff.qa.pages.ConsultantPage.setconsultantConfirmationMessage(ConsultantPage.java:542)
	at com.staff.qa.testcases.ConsultantPageTest.verifyDownloadResumeFunctionality(ConsultantPageTest.java:772)
	at sun.reflect.NativeMethodAccessorImpl.invoke0(Native Method)
	at sun.reflect.NativeMethodAccessorImpl.invoke(NativeMethodAccessorImpl.java:62)
	at sun.reflect.DelegatingMethodAccessorImpl.invoke(DelegatingMethodAccessorImpl.java:43)
	at java.lang.reflect.Method.invoke(Method.java:498)
	at org.testng.internal.MethodInvocationHelper.invokeMethod(MethodInvocationHelper.java:124)
	at org.testng.internal.Invoker.invokeMethod(Invoker.java:580)
	at org.testng.internal.Invoker.invokeTestMethod(Invoker.java:716)
	at org.testng.internal.Invoker.invokeTestMethods(Invoker.java:988)
	at org.testng.internal.TestMethodWorker.invokeTestMethods(TestMethodWorker.java:125)
	at org.testng.internal.TestMethodWorker.run(TestMethodWorker.java:109)
	at org.testng.TestRunner.privateRun(TestRunner.java:648)
	at org.testng.TestRunner.run(TestRunner.java:505)
	at org.testng.SuiteRunner.runTest(SuiteRunner.java:455)
	at org.testng.SuiteRunner.runSequentially(SuiteRunner.java:450)
	at org.testng.SuiteRunner.privateRun(SuiteRunner.java:415)
	at org.testng.SuiteRunner.run(SuiteRunner.java:364)
	at org.testng.SuiteRunnerWorker.runSuite(SuiteRunnerWorker.java:52)
	at org.testng.SuiteRunnerWorker.run(SuiteRunnerWorker.java:84)
	at org.testng.TestNG.runSuitesSequentially(TestNG.java:1208)
	at org.testng.TestNG.runSuitesLocally(TestNG.java:1137)
	at org.testng.TestNG.runSuites(TestNG.java:1049)
	at org.testng.TestNG.run(TestNG.java:1017)
	at org.apache.maven.surefire.testng.TestNGExecutor.run(TestNGExecutor.java:281)
	at org.apache.maven.surefire.testng.TestNGXmlTestSuite.execute(TestNGXmlTestSuite.java:75)
	at org.apache.maven.surefire.testng.TestNGProvider.invoke(TestNGProvider.java:121)
	at org.apache.maven.surefire.booter.ForkedBooter.invokeProviderInSameClassLoader(ForkedBooter.java:290)
	at org.apache.maven.surefire.booter.ForkedBooter.runSuitesInProcess(ForkedBooter.java:242)
	at org.apache.maven.surefire.booter.ForkedBooter.main(ForkedBooter.java:121)
]]></system-err>
  </testcase>
  <testcase name="verifyCancelFunctionalityOfLinkRequirement" classname="com.staff.qa.testcases.ConsultantPageTest" time="18.886"/>
  <testcase name="verifyEmailFunctionality" classname="com.staff.qa.testcases.ConsultantPageTest" time="17.3"/>
  <testcase name="verifyCancelButtonFunctionalityOfEmail" classname="com.staff.qa.testcases.ConsultantPageTest" time="11.388"/>
  <testcase name="verifyValidationForEmailSubject" classname="com.staff.qa.testcases.ConsultantPageTest" time="13.488"/>
  <testcase name="verifyArchiveFunctionality" classname="com.staff.qa.testcases.ConsultantPageTest" time="15.964"/>
  <testcase name="verifyUn_ArchiveFunctionality" classname="com.staff.qa.testcases.ConsultantPageTest" time="34.673">
    <failure type="java.lang.AssertionError:">java.lang.AssertionError: null
	at com.staff.qa.testcases.ConsultantPageTest.verifyUn_ArchiveFunctionality(ConsultantPageTest.java:1020)
</failure>
    <system-out><![CDATA[TC Name is : verifyArchiveFunctionality
Browser close
Before Navigation to : 'http://10.20.14.84:1010/ATS.UI_v1.0/#/login
Navigated to : 'http://10.20.14.84:1010/ATS.UI_v1.0/#/login
[BaseClass] [WARN] Hey this is warning message
Trying to click on : [[ChromeDriver: chrome on XP (a5c6212e0b19867b8f5b8de31f5e88d8)] -> xpath: //div[@class='btn btn-primary login-button']]
Clicked on : [[ChromeDriver: chrome on XP (a5c6212e0b19867b8f5b8de31f5e88d8)] -> xpath: //div[@class='btn btn-primary login-button']]
Trying to click on : [[ChromeDriver: chrome on XP (a5c6212e0b19867b8f5b8de31f5e88d8)] -> xpath: //span[@class='MM-modal-close']]
Clicked on : [[ChromeDriver: chrome on XP (a5c6212e0b19867b8f5b8de31f5e88d8)] -> xpath: //span[@class='MM-modal-close']]
Before Navigation to : 'http://10.20.14.84:1010/ATS.UI_v1.0/#/consultants
Navigated to : 'http://10.20.14.84:1010/ATS.UI_v1.0/#/consultants
Trying to click on : [[ChromeDriver: chrome on XP (a5c6212e0b19867b8f5b8de31f5e88d8)] -> xpath: //div[contains(text(),'Archived')]]
Exception occur : org.openqa.selenium.ElementClickInterceptedException: element click intercepted: Element <div _ngcontent-c11="" ng-reflect-ng-class="[object Object]" class="ng-star-inserted">...</div> is not clickable at point (88, 304). Other element would receive the click: <div _ngcontent-c17="" class="overlay"></div>
  (Session info: chrome=78.0.3904.108)
Build info: version: '3.141.5', revision: 'd54ebd709a', time: '2018-11-06T11:42:16'
System info: host: 'VIJAY-CH', ip: '10.20.8.248', os.name: 'Windows 10', os.arch: 'amd64', os.version: '10.0', java.version: '1.8.0_152'
Driver info: org.openqa.selenium.chrome.ChromeDriver
Capabilities {acceptInsecureCerts: false, browserName: chrome, browserVersion: 78.0.3904.108, chrome: {chromedriverVersion: 78.0.3904.70 (edb9c9f3de024..., userDataDir: C:\Users\chavan_v\AppData\L...}, goog:chromeOptions: {debuggerAddress: localhost:60884}, javascriptEnabled: true, networkConnectionEnabled: false, pageLoadStrategy: normal, platform: XP, platformName: XP, proxy: Proxy(), setWindowRect: true, strictFileInteractability: false, timeouts: {implicit: 0, pageLoad: 300000, script: 30000}, unhandledPromptBehavior: dismiss and notify}
Session ID: a5c6212e0b19867b8f5b8de31f5e88d8
Trying to click on : [[ChromeDriver: chrome on XP (a5c6212e0b19867b8f5b8de31f5e88d8)] -> xpath: //div[contains(text(),'Archived')]]
Clicked on : [[ChromeDriver: chrome on XP (a5c6212e0b19867b8f5b8de31f5e88d8)] -> xpath: //div[contains(text(),'Archived')]]
Trying to click on : [[ChromeDriver: chrome on XP (a5c6212e0b19867b8f5b8de31f5e88d8)] -> xpath: //div[@class='ag-body-container ag-layout-normal']/div[1]/div[1]]
Clicked on : [[ChromeDriver: chrome on XP (a5c6212e0b19867b8f5b8de31f5e88d8)] -> xpath: //div[@class='ag-body-container ag-layout-normal']/div[1]/div[1]]
Trying to click on : [[ChromeDriver: chrome on XP (a5c6212e0b19867b8f5b8de31f5e88d8)] -> xpath: //label[contains(text(),'Un-Archive')]]
Clicked on : [[ChromeDriver: chrome on XP (a5c6212e0b19867b8f5b8de31f5e88d8)] -> xpath: //label[contains(text(),'Un-Archive')]]
Trying to click on : [[ChromeDriver: chrome on XP (a5c6212e0b19867b8f5b8de31f5e88d8)] -> xpath: //button[contains(text(),'OK')]]
Clicked on : [[ChromeDriver: chrome on XP (a5c6212e0b19867b8f5b8de31f5e88d8)] -> xpath: //button[contains(text(),'OK')]]
Exception occur : org.openqa.selenium.NoSuchElementException: no such element: Unable to locate element: {"method":"xpath","selector":"//div[@class='col-md-10 msg-content']"}
  (Session info: chrome=78.0.3904.108)
For documentation on this error, please visit: http://seleniumhq.org/exceptions/no_such_element.html
Build info: version: '3.141.5', revision: 'd54ebd709a', time: '2018-11-06T11:42:16'
System info: host: 'VIJAY-CH', ip: '10.20.8.248', os.name: 'Windows 10', os.arch: 'amd64', os.version: '10.0', java.version: '1.8.0_152'
Driver info: org.openqa.selenium.chrome.ChromeDriver
Capabilities {acceptInsecureCerts: false, browserName: chrome, browserVersion: 78.0.3904.108, chrome: {chromedriverVersion: 78.0.3904.70 (edb9c9f3de024..., userDataDir: C:\Users\chavan_v\AppData\L...}, goog:chromeOptions: {debuggerAddress: localhost:60884}, javascriptEnabled: true, networkConnectionEnabled: false, pageLoadStrategy: normal, platform: XP, platformName: XP, proxy: Proxy(), setWindowRect: true, strictFileInteractability: false, timeouts: {implicit: 0, pageLoad: 300000, script: 30000}, unhandledPromptBehavior: dismiss and notify}
Session ID: a5c6212e0b19867b8f5b8de31f5e88d8
*** Element info: {Using=xpath, value=//div[@class='col-md-10 msg-content']}
]]></system-out>
    <system-err><![CDATA[Starting ChromeDriver 78.0.3904.70 (edb9c9f3de0247fd912a77b7f6cae7447f6d3ad5-refs/branch-heads/3904@{#800}) on port 41616
Only local connections are allowed.
Please protect ports used by ChromeDriver and related test frameworks to prevent access by malicious code.
Dec 06, 2019 1:16:23 PM org.openqa.selenium.remote.ProtocolHandshake createSession
INFO: Detected dialect: W3C
[BaseClass] [FATAL] Hey this is just factal error message
org.openqa.selenium.NoSuchElementException: no such element: Unable to locate element: {"method":"xpath","selector":"//div[@class='col-md-10 msg-content']"}
  (Session info: chrome=78.0.3904.108)
For documentation on this error, please visit: http://seleniumhq.org/exceptions/no_such_element.html
Build info: version: '3.141.5', revision: 'd54ebd709a', time: '2018-11-06T11:42:16'
System info: host: 'VIJAY-CH', ip: '10.20.8.248', os.name: 'Windows 10', os.arch: 'amd64', os.version: '10.0', java.version: '1.8.0_152'
Driver info: org.openqa.selenium.chrome.ChromeDriver
Capabilities {acceptInsecureCerts: false, browserName: chrome, browserVersion: 78.0.3904.108, chrome: {chromedriverVersion: 78.0.3904.70 (edb9c9f3de024..., userDataDir: C:\Users\chavan_v\AppData\L...}, goog:chromeOptions: {debuggerAddress: localhost:60884}, javascriptEnabled: true, networkConnectionEnabled: false, pageLoadStrategy: normal, platform: XP, platformName: XP, proxy: Proxy(), setWindowRect: true, strictFileInteractability: false, timeouts: {implicit: 0, pageLoad: 300000, script: 30000}, unhandledPromptBehavior: dismiss and notify}
Session ID: a5c6212e0b19867b8f5b8de31f5e88d8
*** Element info: {Using=xpath, value=//div[@class='col-md-10 msg-content']}
	at sun.reflect.NativeConstructorAccessorImpl.newInstance0(Native Method)
	at sun.reflect.NativeConstructorAccessorImpl.newInstance(NativeConstructorAccessorImpl.java:62)
	at sun.reflect.DelegatingConstructorAccessorImpl.newInstance(DelegatingConstructorAccessorImpl.java:45)
	at java.lang.reflect.Constructor.newInstance(Constructor.java:423)
	at org.openqa.selenium.remote.http.W3CHttpResponseCodec.createException(W3CHttpResponseCodec.java:187)
	at org.openqa.selenium.remote.http.W3CHttpResponseCodec.decode(W3CHttpResponseCodec.java:122)
	at org.openqa.selenium.remote.http.W3CHttpResponseCodec.decode(W3CHttpResponseCodec.java:49)
	at org.openqa.selenium.remote.HttpCommandExecutor.execute(HttpCommandExecutor.java:158)
	at org.openqa.selenium.remote.service.DriverCommandExecutor.execute(DriverCommandExecutor.java:83)
	at org.openqa.selenium.remote.RemoteWebDriver.execute(RemoteWebDriver.java:552)
	at org.openqa.selenium.remote.RemoteWebDriver.findElement(RemoteWebDriver.java:323)
	at org.openqa.selenium.remote.RemoteWebDriver.findElementByXPath(RemoteWebDriver.java:428)
	at org.openqa.selenium.By$ByXPath.findElement(By.java:353)
	at org.openqa.selenium.remote.RemoteWebDriver.findElement(RemoteWebDriver.java:315)
	at sun.reflect.GeneratedMethodAccessor2.invoke(Unknown Source)
	at sun.reflect.DelegatingMethodAccessorImpl.invoke(DelegatingMethodAccessorImpl.java:43)
	at java.lang.reflect.Method.invoke(Method.java:498)
	at org.openqa.selenium.support.events.EventFiringWebDriver.lambda$new$1(EventFiringWebDriver.java:105)
	at com.sun.proxy.$Proxy10.findElement(Unknown Source)
	at org.openqa.selenium.support.events.EventFiringWebDriver.findElement(EventFiringWebDriver.java:194)
	at org.openqa.selenium.support.pagefactory.DefaultElementLocator.findElement(DefaultElementLocator.java:69)
	at org.openqa.selenium.support.pagefactory.internal.LocatingElementHandler.invoke(LocatingElementHandler.java:38)
	at com.sun.proxy.$Proxy14.getText(Unknown Source)
	at com.staff.qa.pages.ConsultantPage.setconsultantConfirmationMessage(ConsultantPage.java:542)
	at com.staff.qa.testcases.ConsultantPageTest.verifyUn_ArchiveFunctionality(ConsultantPageTest.java:1011)
	at sun.reflect.NativeMethodAccessorImpl.invoke0(Native Method)
	at sun.reflect.NativeMethodAccessorImpl.invoke(NativeMethodAccessorImpl.java:62)
	at sun.reflect.DelegatingMethodAccessorImpl.invoke(DelegatingMethodAccessorImpl.java:43)
	at java.lang.reflect.Method.invoke(Method.java:498)
	at org.testng.internal.MethodInvocationHelper.invokeMethod(MethodInvocationHelper.java:124)
	at org.testng.internal.Invoker.invokeMethod(Invoker.java:580)
	at org.testng.internal.Invoker.invokeTestMethod(Invoker.java:716)
	at org.testng.internal.Invoker.invokeTestMethods(Invoker.java:988)
	at org.testng.internal.TestMethodWorker.invokeTestMethods(TestMethodWorker.java:125)
	at org.testng.internal.TestMethodWorker.run(TestMethodWorker.java:109)
	at org.testng.TestRunner.privateRun(TestRunner.java:648)
	at org.testng.TestRunner.run(TestRunner.java:505)
	at org.testng.SuiteRunner.runTest(SuiteRunner.java:455)
	at org.testng.SuiteRunner.runSequentially(SuiteRunner.java:450)
	at org.testng.SuiteRunner.privateRun(SuiteRunner.java:415)
	at org.testng.SuiteRunner.run(SuiteRunner.java:364)
	at org.testng.SuiteRunnerWorker.runSuite(SuiteRunnerWorker.java:52)
	at org.testng.SuiteRunnerWorker.run(SuiteRunnerWorker.java:84)
	at org.testng.TestNG.runSuitesSequentially(TestNG.java:1208)
	at org.testng.TestNG.runSuitesLocally(TestNG.java:1137)
	at org.testng.TestNG.runSuites(TestNG.java:1049)
	at org.testng.TestNG.run(TestNG.java:1017)
	at org.apache.maven.surefire.testng.TestNGExecutor.run(TestNGExecutor.java:281)
	at org.apache.maven.surefire.testng.TestNGXmlTestSuite.execute(TestNGXmlTestSuite.java:75)
	at org.apache.maven.surefire.testng.TestNGProvider.invoke(TestNGProvider.java:121)
	at org.apache.maven.surefire.booter.ForkedBooter.invokeProviderInSameClassLoader(ForkedBooter.java:290)
	at org.apache.maven.surefire.booter.ForkedBooter.runSuitesInProcess(ForkedBooter.java:242)
	at org.apache.maven.surefire.booter.ForkedBooter.main(ForkedBooter.java:121)
]]></system-err>
  </testcase>
  <testcase name="verifyPageLable" classname="com.staff.qa.testcases.ConsultantPageTest" time="4.257"/>
  <testcase name="verifyArchivedConsultantMapToRequirement" classname="com.staff.qa.testcases.ConsultantPageTest" time="26.183"/>
  <testcase name="verifyAddNoteFunctionality" classname="com.staff.qa.testcases.ConsultantPageTest" time="17.894"/>
  <testcase name="verifyCancelBtnFunOfAddNote" classname="com.staff.qa.testcases.ConsultantPageTest" time="11.721"/>
  <testcase name="verifyNavigateToScheduleMeetingPopUp" classname="com.staff.qa.testcases.ConsultantPageTest" time="11.715"/>
  <testcase name="verifyScheduleMeetingFunctionality" classname="com.staff.qa.testcases.ConsultantPageTest" time="40.769"/>
  <testcase name="verifyCancelBtnFunOfScheduleMeetingPopUp" classname="com.staff.qa.testcases.ConsultantPageTest" time="10.704"/>
  <testcase name="verifyValidationsInScheduleMeetingPopUp" classname="com.staff.qa.testcases.ConsultantPageTest" time="10.736"/>
  <testcase name="verifySetTheStatusToConsultant" classname="com.staff.qa.testcases.ConsultantPageTest" time="57.101"/>
  <testcase name="verifyCancelButtonFunOfSetStatusPopUp" classname="com.staff.qa.testcases.ConsultantPageTest" time="23.199"/>
  <testcase name="verifyDeleteRecentStatusFunctionality" classname="com.staff.qa.testcases.ConsultantPageTest" time="22.857"/>
  <testcase name="verifyViewResumeFunctionality" classname="com.staff.qa.testcases.ConsultantPageTest" time="17.707"/>
</testsuite>