<?xml version="1.0" encoding="UTF-8"?>
<!-- Generated by org.testng.reporters.JUnitXMLReporter -->
<testsuite hostname="Vijay-CH" ignored="4" name="E-Staff App Test Cases" tests="10" failures="1" timestamp="18 Sep 2019 10:58:49 GMT" time="73.73" errors="0">
  <testcase name="logoutTest" time="2.287" classname="com.staff.qa.testcases.HomePageTest"/>
  <testcase name="verifyUserNameLableTest" time="0.197" classname="com.staff.qa.testcases.HomePageTest"/>
  <testcase name="loginPageTitleTest" time="0.009" classname="com.staff.qa.testcases.LoginPageTest"/>
  <testcase name="loginTest" time="2.303" classname="com.staff.qa.testcases.LoginPageTest"/>
  <testcase name="validateLoginFunctionality" time="2.334" classname="com.staff.qa.testcases.LoginPageTest"/>
  <testcase name="validatePasswordMessageForBlankPassword" time="2.39" classname="com.staff.qa.testcases.LoginPageTest"/>
  <testcase name="validatePasswordMessageForIncorrectPassword" time="2.325" classname="com.staff.qa.testcases.LoginPageTest">
    <failure type="java.lang.AssertionError" message="expected [http://10.20.14.84:1010/ATS.UI_v1.0/#/login] but found [http://10.20.14.84:1010/ATS.UI_v1.0/#/landingPage]">
      <![CDATA[java.lang.AssertionError: expected [http://10.20.14.84:1010/ATS.UI_v1.0/#/login] but found [http://10.20.14.84:1010/ATS.UI_v1.0/#/landingPage]
at com.staff.qa.testcases.LoginPageTest.validatePasswordMessageForIncorrectPassword(LoginPageTest.java:143)
... Removed 31 stack frames]]>
    </failure>
  </testcase> <!-- validatePasswordMessageForIncorrectPassword -->
  <testcase name="validateUsernameMessageForBalankUsername" time="2.371" classname="com.staff.qa.testcases.LoginPageTest"/>
  <testcase name="validateUsernameMessageForIncorrectUsername" time="2.773" classname="com.staff.qa.testcases.LoginPageTest"/>
  <testcase name="CompaniesPageURLTest" time="2.328" classname="com.staff.qa.testcases.CompaniesPageTest"/>
  <testcase name="@BeforeTest setExtentReport" time="0.0" classname="com.staff.qa.base.TestBase">
    <ignored/>
  </testcase> <!-- @BeforeTest setExtentReport -->
  <testcase name="@BeforeTest setExtentReport" time="0.0" classname="com.staff.qa.base.TestBase">
    <ignored/>
  </testcase> <!-- @BeforeTest setExtentReport -->
  <testcase name="@AfterTest endReport" time="0.0" classname="com.staff.qa.base.TestBase">
    <ignored/>
  </testcase> <!-- @AfterTest endReport -->
  <testcase name="@AfterTest endReport" time="0.0" classname="com.staff.qa.base.TestBase">
    <ignored/>
  </testcase> <!-- @AfterTest endReport -->
</testsuite> <!-- E-Staff App Test Cases -->
