<?xml version="1.0" encoding="UTF-8"?>
<!-- Generated by org.testng.reporters.JUnitXMLReporter -->
<testsuite hostname="Vijay-CH" ignored="2" name="E-Staff App Test Cases" tests="32" failures="7" timestamp="01 Oct 2019 13:45:12 GMT" time="698.224" errors="0">
  <testcase name="loginPageTitleTest" time="0.037" classname="com.staff.qa.testcases.LoginPageTest"/>
  <testcase name="loginTest" time="2.365" classname="com.staff.qa.testcases.LoginPageTest"/>
  <testcase name="validateLoginFunctionalityForIncorrectUserNamePassword" time="2.395" classname="com.staff.qa.testcases.LoginPageTest"/>
  <testcase name="validateMessageForBlankPasswordIncorrectUsername" time="2.359" classname="com.staff.qa.testcases.LoginPageTest"/>
  <testcase name="validateMessageForBlankUsernamePassword" time="2.315" classname="com.staff.qa.testcases.LoginPageTest"/>
  <testcase name="validatePasswordMessageForBlankPassword" time="2.352" classname="com.staff.qa.testcases.LoginPageTest"/>
  <testcase name="validatePasswordMessageForIncorrectPassword" time="2.398" classname="com.staff.qa.testcases.LoginPageTest">
    <failure type="java.lang.AssertionError" message="null">
      <![CDATA[java.lang.AssertionError: null
at com.staff.qa.testcases.LoginPageTest.validatePasswordMessageForIncorrectPassword(LoginPageTest.java:210)
... Removed 27 stack frames]]>
    </failure>
  </testcase> <!-- validatePasswordMessageForIncorrectPassword -->
  <testcase name="validateUsernameMessageForBalankUsername" time="2.269" classname="com.staff.qa.testcases.LoginPageTest"/>
  <testcase name="validateUsernameMessageForIncorrectUsername" time="2.333" classname="com.staff.qa.testcases.LoginPageTest"/>
  <testcase name="getAllCount" time="10.862" classname="com.staff.qa.testcases.ConsultantPageTest"/>
  <testcase name="getArchivedCount" time="10.914" classname="com.staff.qa.testcases.ConsultantPageTest"/>
  <testcase name="getAvailableCount" time="5.12" classname="com.staff.qa.testcases.ConsultantPageTest"/>
  <testcase name="getQualifiedCount" time="10.743" classname="com.staff.qa.testcases.ConsultantPageTest"/>
  <testcase name="verifyAddNewConsulatantFormDisplayed" time="6.909" classname="com.staff.qa.testcases.ConsultantPageTest"/>
  <testcase name="verifyArchiveFunctionality" time="22.906" classname="com.staff.qa.testcases.ConsultantPageTest">
    <failure type="java.lang.AssertionError" message="null">
      <![CDATA[java.lang.AssertionError: null
at com.staff.qa.testcases.ConsultantPageTest.verifyArchiveFunctionality(ConsultantPageTest.java:996)
... Removed 27 stack frames]]>
    </failure>
  </testcase> <!-- verifyArchiveFunctionality -->
  <testcase name="verifyCancelButtonFunctionalityOfEmail" time="14.479" classname="com.staff.qa.testcases.ConsultantPageTest"/>
  <testcase name="verifyCancelFunctionalityOfLinkRequirement" time="13.503" classname="com.staff.qa.testcases.ConsultantPageTest">
    <failure type="java.lang.AssertionError" message="null">
      <![CDATA[java.lang.AssertionError: null
at com.staff.qa.testcases.ConsultantPageTest.verifyCancelFunctionalityOfLinkRequirement(ConsultantPageTest.java:840)
... Removed 27 stack frames]]>
    </failure>
  </testcase> <!-- verifyCancelFunctionalityOfLinkRequirement -->
  <testcase name="verifyDownloadResumeFunctionality" time="20.174" classname="com.staff.qa.testcases.ConsultantPageTest">
    <failure type="java.lang.AssertionError" message="null">
      <![CDATA[java.lang.AssertionError: null
at com.staff.qa.testcases.ConsultantPageTest.verifyDownloadResumeFunctionality(ConsultantPageTest.java:767)
... Removed 27 stack frames]]>
    </failure>
  </testcase> <!-- verifyDownloadResumeFunctionality -->
  <testcase name="verifyDownloadUploadedDocument" time="16.658" classname="com.staff.qa.testcases.ConsultantPageTest"/>
  <testcase name="verifyEmailFunctionality" time="15.805" classname="com.staff.qa.testcases.ConsultantPageTest"/>
  <testcase name="verifyFunctionalityOfCancelButton" time="9.134" classname="com.staff.qa.testcases.ConsultantPageTest"/>
  <testcase name="verifyPageLable" time="3.893" classname="com.staff.qa.testcases.ConsultantPageTest"/>
  <testcase name="verifyUn_ArchiveFunctionality" time="7.379" classname="com.staff.qa.testcases.ConsultantPageTest"/>
  <testcase name="verifyUploadDocumentAppearInGrid" time="21.783" classname="com.staff.qa.testcases.ConsultantPageTest"/>
  <testcase name="verifyUploadDocumentFunctionality" time="21.178" classname="com.staff.qa.testcases.ConsultantPageTest"/>
  <testcase name="verifyUserNavigateToConsultantPage" time="2.034" classname="com.staff.qa.testcases.ConsultantPageTest"/>
  <testcase name="verifyValidationForEmailSubject" time="13.991" classname="com.staff.qa.testcases.ConsultantPageTest"/>
  <testcase name="verifyAddNewConsultant" time="63.475" classname="com.staff.qa.testcases.ConsultantPageTest">
    <failure type="java.lang.AssertionError" message="expected [Don DeCosta] but found [Vikram Shaw]">
      <![CDATA[java.lang.AssertionError: expected [Don DeCosta] but found [Vikram Shaw]
at com.staff.qa.testcases.ConsultantPageTest.verifyAddNewConsultant(ConsultantPageTest.java:189)
... Removed 31 stack frames]]>
    </failure>
  </testcase> <!-- verifyAddNewConsultant -->
  <testcase name="verifyDuplicateConsultant" time="56.14" classname="com.staff.qa.testcases.ConsultantPageTest"/>
  <testcase name="verifyEditConsultantFunctionality" time="71.392" classname="com.staff.qa.testcases.ConsultantPageTest"/>
  <testcase name="verifyLinkRequirementToConsultant" time="33.448" classname="com.staff.qa.testcases.ConsultantPageTest">
    <failure type="java.lang.AssertionError" message="null">
      <![CDATA[java.lang.AssertionError: null
at com.staff.qa.testcases.ConsultantPageTest.verifyLinkRequirementToConsultant(ConsultantPageTest.java:680)
... Removed 27 stack frames]]>
    </failure>
  </testcase> <!-- verifyLinkRequirementToConsultant -->
  <testcase name="verifyLinkRequirementToConsultant_alreadyExists" time="25.162" classname="com.staff.qa.testcases.ConsultantPageTest">
    <failure type="java.lang.AssertionError" message="expected [Duplicate status can not be set as Shortlisted status already exists.] but found [Requirements are linked successfully.]">
      <![CDATA[java.lang.AssertionError: expected [Duplicate status can not be set as Shortlisted status already exists.] but found [Requirements are linked successfully.]
at com.staff.qa.testcases.ConsultantPageTest.verifyLinkRequirementToConsultant_alreadyExists(ConsultantPageTest.java:716)
... Removed 31 stack frames]]>
    </failure>
  </testcase> <!-- verifyLinkRequirementToConsultant_alreadyExists -->
  <testcase name="@BeforeTest setExtentReport" time="0.0" classname="com.staff.qa.base.TestBase">
    <ignored/>
  </testcase> <!-- @BeforeTest setExtentReport -->
  <testcase name="@AfterTest endReport" time="0.0" classname="com.staff.qa.base.TestBase">
    <ignored/>
  </testcase> <!-- @AfterTest endReport -->
</testsuite> <!-- E-Staff App Test Cases -->
